%
% generated by qgraf-4.0.6
%
%  config = delete, flush ;
%  output_dir = 'golden_masters/qed1/' ;
%  style_dir = 'styles/' ;
%  model_dir = 'models/' ;
%  style = 'array.sty' ;
%  output = 'eminus_eplus_TO_eminus_eplus_photon_0L.out' ;
%  model = qed1 // 'qedx' ;
%  in = e_minus[p1], e_plus[p2] ;
%  out = e_minus[q1], e_plus[q2], photon[q3] ;
%  loops = 0 ;
%  loop_momentum = k ;
%  options =  ;
%
 
 a(1):= (+1)*
 pol(e_minus(-1,p1))*
 pol(e_plus(-3,p2))*
 pol(e_minus(-2,q1))*
 pol(e_plus(-4,q2))*
 pol(photon(-6,q3))*
 prop(photon(1,-p1-p2))*
 prop(e_minus(3,q1+q3))*
 vrtx(e_plus(-3,p2),e_minus(-1,p1),photon(1,-p1-p2))*
 vrtx(e_plus(-2,-q1),e_minus(3,q1+q3),photon(-6,-q3))*
 vrtx(e_plus(4,-q1-q3),e_minus(-4,-q2),photon(2,p1+p2));
 
 a(2):= (+1)*
 pol(e_minus(-1,p1))*
 pol(e_plus(-3,p2))*
 pol(e_minus(-2,q1))*
 pol(e_plus(-4,q2))*
 pol(photon(-6,q3))*
 prop(photon(1,-p1-p2))*
 prop(e_minus(3,-q2-q3))*
 vrtx(e_plus(-3,p2),e_minus(-1,p1),photon(1,-p1-p2))*
 vrtx(e_plus(4,q2+q3),e_minus(-4,-q2),photon(-6,-q3))*
 vrtx(e_plus(-2,-q1),e_minus(3,-q2-q3),photon(2,p1+p2));
 
 a(3):= (-1)*
 pol(e_minus(-1,p1))*
 pol(e_plus(-3,p2))*
 pol(e_minus(-2,q1))*
 pol(e_plus(-4,q2))*
 pol(photon(-6,q3))*
 prop(photon(1,-p1+q1))*
 prop(e_minus(3,-p2+q3))*
 vrtx(e_plus(-2,-q1),e_minus(-1,p1),photon(1,-p1+q1))*
 vrtx(e_plus(-3,p2),e_minus(3,-p2+q3),photon(-6,-q3))*
 vrtx(e_plus(4,p2-q3),e_minus(-4,-q2),photon(2,p1-q1));
 
 a(4):= (-1)*
 pol(e_minus(-1,p1))*
 pol(e_plus(-3,p2))*
 pol(e_minus(-2,q1))*
 pol(e_plus(-4,q2))*
 pol(photon(-6,q3))*
 prop(photon(1,-p1+q1))*
 prop(e_minus(3,-q2-q3))*
 vrtx(e_plus(-2,-q1),e_minus(-1,p1),photon(1,-p1+q1))*
 vrtx(e_plus(4,q2+q3),e_minus(-4,-q2),photon(-6,-q3))*
 vrtx(e_plus(-3,p2),e_minus(3,-q2-q3),photon(2,p1-q1));
 
 a(5):= (-1)*
 pol(e_minus(-1,p1))*
 pol(e_plus(-3,p2))*
 pol(e_minus(-2,q1))*
 pol(e_plus(-4,q2))*
 pol(photon(-6,q3))*
 prop(e_minus(1,p1-q3))*
 prop(photon(3,-p2+q2))*
 vrtx(e_plus(2,-p1+q3),e_minus(-1,p1),photon(-6,-q3))*
 vrtx(e_plus(-3,p2),e_minus(-4,-q2),photon(3,-p2+q2))*
 vrtx(e_plus(-2,-q1),e_minus(1,p1-q3),photon(4,p2-q2));
 
 a(6):= (+1)*
 pol(e_minus(-1,p1))*
 pol(e_plus(-3,p2))*
 pol(e_minus(-2,q1))*
 pol(e_plus(-4,q2))*
 pol(photon(-6,q3))*
 prop(e_minus(1,p1-q3))*
 prop(photon(3,q1+q2))*
 vrtx(e_plus(2,-p1+q3),e_minus(-1,p1),photon(-6,-q3))*
 vrtx(e_plus(-2,-q1),e_minus(-4,-q2),photon(3,q1+q2))*
 vrtx(e_plus(-3,p2),e_minus(1,p1-q3),photon(4,-q1-q2));
 
 a(7):= (-1)*
 pol(e_minus(-1,p1))*
 pol(e_plus(-3,p2))*
 pol(e_minus(-2,q1))*
 pol(e_plus(-4,q2))*
 pol(photon(-6,q3))*
 prop(photon(1,-p2+q2))*
 prop(e_minus(3,q1+q3))*
 vrtx(e_plus(-3,p2),e_minus(-4,-q2),photon(1,-p2+q2))*
 vrtx(e_plus(-2,-q1),e_minus(3,q1+q3),photon(-6,-q3))*
 vrtx(e_plus(4,-q1-q3),e_minus(-1,p1),photon(2,p2-q2));
 
 a(8):= (+1)*
 pol(e_minus(-1,p1))*
 pol(e_plus(-3,p2))*
 pol(e_minus(-2,q1))*
 pol(e_plus(-4,q2))*
 pol(photon(-6,q3))*
 prop(e_minus(1,-p2+q3))*
 prop(photon(3,q1+q2))*
 vrtx(e_plus(-3,p2),e_minus(1,-p2+q3),photon(-6,-q3))*
 vrtx(e_plus(-2,-q1),e_minus(-4,-q2),photon(3,q1+q2))*
 vrtx(e_plus(2,p2-q3),e_minus(-1,p1),photon(4,-q1-q2));

% end

