%
% generated by qgraf-4.0.6
%
%  config = delete, flush ;
%  output_dir = 'golden_masters/qed1/' ;
%  style_dir = 'styles/' ;
%  model_dir = 'models/' ;
%  style = 'array.sty' ;
%  output = 'eminus_TO_eminus_2L.out' ;
%  model = qed1 // 'qedx' ;
%  in = e_minus[p1] ;
%  out = e_minus[q1] ;
%  loops = 2 ;
%  loop_momentum = k ;
%  options =  ;
%
 
 a(1):= (-1)*
 pol(e_minus(-1,p1))*
 pol(e_minus(-2,q1))*
 prop(photon(1,0))*
 prop(e_minus(3,-k1))*
 prop(e_minus(5,-k1))*
 prop(photon(7,-k1+k2))*
 prop(e_minus(9,-k2))*
 vrtx(e_plus(-2,-q1),e_minus(-1,p1),photon(1,0))*
 vrtx(e_plus(6,k1),e_minus(3,-k1),photon(2,0))*
 vrtx(e_plus(4,k1),e_minus(9,-k2),photon(7,-k1+k2))*
 vrtx(e_plus(10,k2),e_minus(5,-k1),photon(8,k1-k2));
 
 a(2):= (+1)*
 pol(e_minus(-1,p1))*
 pol(e_minus(-2,q1))*
 prop(photon(1,0))*
 prop(e_minus(3,k1))*
 prop(photon(5,0))*
 prop(e_minus(7,k2))*
 prop(e_minus(9,k2))*
 vrtx(e_plus(-2,-q1),e_minus(-1,p1),photon(1,0))*
 vrtx(e_plus(4,-k1),e_minus(3,k1),photon(5,0))*
 vrtx(e_plus(10,-k2),e_minus(7,k2),photon(2,0))*
 vrtx(e_plus(8,-k2),e_minus(9,k2),photon(6,0));
 
 a(3):= (+1)*
 pol(e_minus(-1,p1))*
 pol(e_minus(-2,q1))*
 prop(photon(1,-k1))*
 prop(e_minus(3,-k1+p1))*
 prop(e_minus(5,-k2))*
 prop(photon(7,k2+q1))*
 prop(e_minus(9,-k1-k2))*
 vrtx(e_plus(4,k1-p1),e_minus(-1,p1),photon(1,-k1))*
 vrtx(e_plus(-2,-q1),e_minus(5,-k2),photon(7,k2+q1))*
 vrtx(e_plus(6,k2),e_minus(9,-k1-k2),photon(2,k1))*
 vrtx(e_plus(10,k1+k2),e_minus(3,-k1+p1),photon(8,-k2-q1));
 
 a(4):= (+1)*
 pol(e_minus(-1,p1))*
 pol(e_minus(-2,q1))*
 prop(photon(1,k1-p1))*
 prop(e_minus(3,k1))*
 prop(photon(5,k2+q1))*
 prop(e_minus(7,-k2))*
 prop(e_minus(9,p1))*
 vrtx(e_plus(4,-k1),e_minus(-1,p1),photon(1,k1-p1))*
 vrtx(e_plus(-2,-q1),e_minus(7,-k2),photon(5,k2+q1))*
 vrtx(e_plus(10,-p1),e_minus(3,k1),photon(2,-k1+p1))*
 vrtx(e_plus(8,k2),e_minus(9,p1),photon(6,-k2-q1));
 
 a(5):= (+1)*
 pol(e_minus(-1,p1))*
 pol(e_minus(-2,q1))*
 prop(photon(1,-k1))*
 prop(e_minus(3,-k1+p1))*
 prop(e_minus(5,-k1+q1))*
 prop(photon(7,k1+k2-p1))*
 prop(e_minus(9,k2))*
 vrtx(e_plus(4,k1-p1),e_minus(-1,p1),photon(1,-k1))*
 vrtx(e_plus(-2,-q1),e_minus(5,-k1+q1),photon(2,k1))*
 vrtx(e_plus(10,-k2),e_minus(3,-k1+p1),photon(7,k1+k2-p1))*
 vrtx(e_plus(6,k1-q1),e_minus(9,k2),photon(8,-k1-k2+p1));
 
 a(6):= (-1)*
 pol(e_minus(-1,p1))*
 pol(e_minus(-2,q1))*
 prop(e_minus(1,k1))*
 prop(photon(3,k1-p1))*
 prop(photon(5,-k1+q1))*
 prop(e_minus(7,k1+k2-p1))*
 prop(e_minus(9,k2))*
 vrtx(e_plus(2,-k1),e_minus(-1,p1),photon(3,k1-p1))*
 vrtx(e_plus(-2,-q1),e_minus(1,k1),photon(5,-k1+q1))*
 vrtx(e_plus(10,-k2),e_minus(7,k1+k2-p1),photon(4,-k1+p1))*
 vrtx(e_plus(8,-k1-k2+p1),e_minus(9,k2),photon(6,k1-q1));
 
 a(7):= (-1)*
 pol(e_minus(-1,p1))*
 pol(e_minus(-2,q1))*
 prop(photon(1,0))*
 prop(e_minus(3,p1))*
 prop(photon(5,k1+q1))*
 prop(e_minus(7,-k1))*
 prop(e_minus(9,k2))*
 vrtx(e_plus(4,-p1),e_minus(-1,p1),photon(1,0))*
 vrtx(e_plus(-2,-q1),e_minus(7,-k1),photon(5,k1+q1))*
 vrtx(e_plus(10,-k2),e_minus(9,k2),photon(2,0))*
 vrtx(e_plus(8,k1),e_minus(3,p1),photon(6,-k1-q1));
 
 a(8):= (-1)*
 pol(e_minus(-1,p1))*
 pol(e_minus(-2,q1))*
 prop(photon(1,0))*
 prop(e_minus(3,q1))*
 prop(photon(5,k1-p1))*
 prop(e_minus(7,k1))*
 prop(e_minus(9,k2))*
 vrtx(e_plus(-2,-q1),e_minus(3,q1),photon(1,0))*
 vrtx(e_plus(8,-k1),e_minus(-1,p1),photon(5,k1-p1))*
 vrtx(e_plus(10,-k2),e_minus(9,k2),photon(2,0))*
 vrtx(e_plus(4,-q1),e_minus(7,k1),photon(6,-k1+p1));
 
 a(9):= (-1)*
 pol(e_minus(-1,p1))*
 pol(e_minus(-2,q1))*
 prop(photon(1,-k1))*
 prop(e_minus(3,-k1+p1))*
 prop(e_minus(5,-k1+q1))*
 prop(e_minus(7,k2))*
 prop(photon(9,0))*
 vrtx(e_plus(4,k1-p1),e_minus(-1,p1),photon(1,-k1))*
 vrtx(e_plus(-2,-q1),e_minus(5,-k1+q1),photon(2,k1))*
 vrtx(e_plus(8,-k2),e_minus(7,k2),photon(9,0))*
 vrtx(e_plus(6,k1-q1),e_minus(3,-k1+p1),photon(10,0));
 
 a(10):= (+1)*
 pol(e_minus(-1,p1))*
 pol(e_minus(-2,q1))*
 prop(e_minus(1,p1))*
 prop(photon(3,0))*
 prop(photon(5,0))*
 prop(e_minus(7,k1))*
 prop(e_minus(9,k2))*
 vrtx(e_plus(2,-p1),e_minus(-1,p1),photon(3,0))*
 vrtx(e_plus(-2,-q1),e_minus(1,p1),photon(5,0))*
 vrtx(e_plus(8,-k1),e_minus(7,k1),photon(4,0))*
 vrtx(e_plus(10,-k2),e_minus(9,k2),photon(6,0));

% end

