%
% generated by qgraf-4.0.6
%
%  config = delete, flush ;
%  output_dir = 'golden_masters/qed1/' ;
%  style_dir = 'styles/' ;
%  model_dir = 'models/' ;
%  style = 'array.sty' ;
%  output = 'eminus_photon_TO_eminus_photon_1L_onepi.out' ;
%  model = qed1 // 'qedx' ;
%  in = e_minus[p1], photon[p2] ;
%  out = e_minus[q1], photon[q2] ;
%  loops = 1 ;
%  loop_momentum = k ;
%  options = onepi ;
%
 
 a(1):= (+1)*
 pol(e_minus(-1,p1))*
 pol(photon(-3,p2))*
 pol(e_minus(-2,q1))*
 pol(photon(-4,q2))*
 prop(e_minus(1,k1))*
 prop(photon(3,k1-p1))*
 prop(e_minus(5,k1+p2))*
 prop(e_minus(7,k1-p1+q1))*
 vrtx(e_plus(2,-k1),e_minus(-1,p1),photon(3,k1-p1))*
 vrtx(e_plus(6,-k1-p2),e_minus(1,k1),photon(-3,p2))*
 vrtx(e_plus(-2,-q1),e_minus(7,k1-p1+q1),photon(4,-k1+p1))*
 vrtx(e_plus(8,-k1+p1-q1),e_minus(5,k1+p2),photon(-4,-q2));
 
 a(2):= (+1)*
 pol(e_minus(-1,p1))*
 pol(photon(-3,p2))*
 pol(e_minus(-2,q1))*
 pol(photon(-4,q2))*
 prop(photon(1,-k1))*
 prop(e_minus(3,-k1+p1))*
 prop(e_minus(5,-k1+q1))*
 prop(e_minus(7,-k1+p1-q2))*
 vrtx(e_plus(4,k1-p1),e_minus(-1,p1),photon(1,-k1))*
 vrtx(e_plus(-2,-q1),e_minus(5,-k1+q1),photon(2,k1))*
 vrtx(e_plus(8,k1-p1+q2),e_minus(3,-k1+p1),photon(-4,-q2))*
 vrtx(e_plus(6,k1-q1),e_minus(7,-k1+p1-q2),photon(-3,p2));

% end

