%
% generated by qgraf-4.0.6
%
%  config = delete, flush ;
%  output_dir = 'golden_masters/qed1/' ;
%  style_dir = 'styles/' ;
%  model_dir = 'models/' ;
%  style = 'array.sty' ;
%  output = 'eminus_photon_TO_eminus_photon_1L.out' ;
%  model = qed1 // 'qedx' ;
%  in = e_minus[p1], photon[p2] ;
%  out = e_minus[q1], photon[q2] ;
%  loops = 1 ;
%  loop_momentum = k ;
%  options =  ;
%
 
 a(1):= (+1)*
 pol(e_minus(-1,p1))*
 pol(photon(-3,p2))*
 pol(e_minus(-2,q1))*
 pol(photon(-4,q2))*
 prop(e_minus(1,p1+p2))*
 prop(e_minus(3,q1+q2))*
 prop(photon(5,k1-p1-p2))*
 prop(e_minus(7,k1))*
 vrtx(e_plus(2,-p1-p2),e_minus(-1,p1),photon(-3,p2))*
 vrtx(e_plus(-2,-q1),e_minus(3,q1+q2),photon(-4,-q2))*
 vrtx(e_plus(8,-k1),e_minus(1,p1+p2),photon(5,k1-p1-p2))*
 vrtx(e_plus(4,-q1-q2),e_minus(7,k1),photon(6,-k1+p1+p2));
 
 a(2):= (+1)*
 pol(e_minus(-1,p1))*
 pol(photon(-3,p2))*
 pol(e_minus(-2,q1))*
 pol(photon(-4,q2))*
 prop(e_minus(1,p1-q2))*
 prop(e_minus(3,-p2+q1))*
 prop(photon(5,k1-p1+q2))*
 prop(e_minus(7,k1))*
 vrtx(e_plus(2,-p1+q2),e_minus(-1,p1),photon(-4,-q2))*
 vrtx(e_plus(-2,-q1),e_minus(3,-p2+q1),photon(-3,p2))*
 vrtx(e_plus(8,-k1),e_minus(1,p1-q2),photon(5,k1-p1+q2))*
 vrtx(e_plus(4,p2-q1),e_minus(7,k1),photon(6,-k1+p1-q2));
 
 a(3):= (-1)*
 pol(e_minus(-1,p1))*
 pol(photon(-3,p2))*
 pol(e_minus(-2,q1))*
 pol(photon(-4,q2))*
 prop(e_minus(1,p1+p2))*
 prop(e_minus(3,q1+q2))*
 prop(e_minus(5,k1))*
 prop(photon(7,0))*
 vrtx(e_plus(2,-p1-p2),e_minus(-1,p1),photon(-3,p2))*
 vrtx(e_plus(-2,-q1),e_minus(3,q1+q2),photon(-4,-q2))*
 vrtx(e_plus(6,-k1),e_minus(5,k1),photon(7,0))*
 vrtx(e_plus(4,-q1-q2),e_minus(1,p1+p2),photon(8,0));
 
 a(4):= (-1)*
 pol(e_minus(-1,p1))*
 pol(photon(-3,p2))*
 pol(e_minus(-2,q1))*
 pol(photon(-4,q2))*
 prop(e_minus(1,p1-q2))*
 prop(e_minus(3,-p2+q1))*
 prop(e_minus(5,k1))*
 prop(photon(7,0))*
 vrtx(e_plus(2,-p1+q2),e_minus(-1,p1),photon(-4,-q2))*
 vrtx(e_plus(-2,-q1),e_minus(3,-p2+q1),photon(-3,p2))*
 vrtx(e_plus(6,-k1),e_minus(5,k1),photon(7,0))*
 vrtx(e_plus(4,p2-q1),e_minus(1,p1-q2),photon(8,0));
 
 a(5):= (+1)*
 pol(e_minus(-1,p1))*
 pol(photon(-3,p2))*
 pol(e_minus(-2,q1))*
 pol(photon(-4,q2))*
 prop(e_minus(1,p1+p2))*
 prop(e_minus(3,-k1))*
 prop(photon(5,k1+q1))*
 prop(e_minus(7,-k1+q2))*
 vrtx(e_plus(2,-p1-p2),e_minus(-1,p1),photon(-3,p2))*
 vrtx(e_plus(-2,-q1),e_minus(3,-k1),photon(5,k1+q1))*
 vrtx(e_plus(4,k1),e_minus(7,-k1+q2),photon(-4,-q2))*
 vrtx(e_plus(8,k1-q2),e_minus(1,p1+p2),photon(6,-k1-q1));
 
 a(6):= (-1)*
 pol(e_minus(-1,p1))*
 pol(photon(-3,p2))*
 pol(e_minus(-2,q1))*
 pol(photon(-4,q2))*
 prop(photon(1,-p1+q1))*
 prop(e_minus(3,-k1))*
 prop(e_minus(5,-k1+p2))*
 prop(e_minus(7,-k1+q2))*
 vrtx(e_plus(-2,-q1),e_minus(-1,p1),photon(1,-p1+q1))*
 vrtx(e_plus(6,k1-p2),e_minus(3,-k1),photon(-3,p2))*
 vrtx(e_plus(4,k1),e_minus(7,-k1+q2),photon(-4,-q2))*
 vrtx(e_plus(8,k1-q2),e_minus(5,-k1+p2),photon(2,p1-q1));
 
 a(7):= (-1)*
 pol(e_minus(-1,p1))*
 pol(photon(-3,p2))*
 pol(e_minus(-2,q1))*
 pol(photon(-4,q2))*
 prop(photon(1,-p1+q1))*
 prop(e_minus(3,k1))*
 prop(e_minus(5,k1-p2))*
 prop(e_minus(7,k1-q2))*
 vrtx(e_plus(-2,-q1),e_minus(-1,p1),photon(1,-p1+q1))*
 vrtx(e_plus(4,-k1),e_minus(5,k1-p2),photon(-3,p2))*
 vrtx(e_plus(8,-k1+q2),e_minus(3,k1),photon(-4,-q2))*
 vrtx(e_plus(6,-k1+p2),e_minus(7,k1-q2),photon(2,p1-q1));
 
 a(8):= (+1)*
 pol(e_minus(-1,p1))*
 pol(photon(-3,p2))*
 pol(e_minus(-2,q1))*
 pol(photon(-4,q2))*
 prop(e_minus(1,p1-q2))*
 prop(e_minus(3,k1))*
 prop(e_minus(5,k1-p2))*
 prop(photon(7,-k1+q1))*
 vrtx(e_plus(2,-p1+q2),e_minus(-1,p1),photon(-4,-q2))*
 vrtx(e_plus(4,-k1),e_minus(5,k1-p2),photon(-3,p2))*
 vrtx(e_plus(-2,-q1),e_minus(3,k1),photon(7,-k1+q1))*
 vrtx(e_plus(6,-k1+p2),e_minus(1,p1-q2),photon(8,k1-q1));
 
 a(9):= (+1)*
 pol(e_minus(-1,p1))*
 pol(photon(-3,p2))*
 pol(e_minus(-2,q1))*
 pol(photon(-4,q2))*
 prop(e_minus(1,-p2+q1))*
 prop(e_minus(3,k1))*
 prop(photon(5,k1-p1))*
 prop(e_minus(7,k1-q2))*
 vrtx(e_plus(-2,-q1),e_minus(1,-p2+q1),photon(-3,p2))*
 vrtx(e_plus(4,-k1),e_minus(-1,p1),photon(5,k1-p1))*
 vrtx(e_plus(8,-k1+q2),e_minus(3,k1),photon(-4,-q2))*
 vrtx(e_plus(2,p2-q1),e_minus(7,k1-q2),photon(6,-k1+p1));
 
 a(10):= (+1)*
 pol(e_minus(-1,p1))*
 pol(photon(-3,p2))*
 pol(e_minus(-2,q1))*
 pol(photon(-4,q2))*
 prop(e_minus(1,q1+q2))*
 prop(e_minus(3,k1))*
 prop(photon(5,k1-p1))*
 prop(e_minus(7,k1+p2))*
 vrtx(e_plus(-2,-q1),e_minus(1,q1+q2),photon(-4,-q2))*
 vrtx(e_plus(4,-k1),e_minus(-1,p1),photon(5,k1-p1))*
 vrtx(e_plus(8,-k1-p2),e_minus(3,k1),photon(-3,p2))*
 vrtx(e_plus(2,-q1-q2),e_minus(7,k1+p2),photon(6,-k1+p1));
 
 a(11):= (-1)*
 pol(e_minus(-1,p1))*
 pol(photon(-3,p2))*
 pol(e_minus(-2,q1))*
 pol(photon(-4,q2))*
 prop(e_minus(1,p1+p2))*
 prop(photon(3,-q2))*
 prop(e_minus(5,k1+q2))*
 prop(e_minus(7,k1))*
 vrtx(e_plus(2,-p1-p2),e_minus(-1,p1),photon(-3,p2))*
 vrtx(e_plus(-2,-q1),e_minus(1,p1+p2),photon(3,-q2))*
 vrtx(e_plus(8,-k1),e_minus(5,k1+q2),photon(-4,-q2))*
 vrtx(e_plus(6,-k1-q2),e_minus(7,k1),photon(4,q2));
 
 a(12):= (+1)*
 pol(e_minus(-1,p1))*
 pol(photon(-3,p2))*
 pol(e_minus(-2,q1))*
 pol(photon(-4,q2))*
 prop(e_minus(1,p1+p2))*
 prop(e_minus(3,q1))*
 prop(photon(5,k1+q1))*
 prop(e_minus(7,-k1))*
 vrtx(e_plus(2,-p1-p2),e_minus(-1,p1),photon(-3,p2))*
 vrtx(e_plus(4,-q1),e_minus(1,p1+p2),photon(-4,-q2))*
 vrtx(e_plus(-2,-q1),e_minus(7,-k1),photon(5,k1+q1))*
 vrtx(e_plus(8,k1),e_minus(3,q1),photon(6,-k1-q1));
 
 a(13):= (+1)*
 pol(e_minus(-1,p1))*
 pol(photon(-3,p2))*
 pol(e_minus(-2,q1))*
 pol(photon(-4,q2))*
 prop(e_minus(1,p1-q2))*
 prop(e_minus(3,q1))*
 prop(photon(5,k1+q1))*
 prop(e_minus(7,-k1))*
 vrtx(e_plus(2,-p1+q2),e_minus(-1,p1),photon(-4,-q2))*
 vrtx(e_plus(4,-q1),e_minus(1,p1-q2),photon(-3,p2))*
 vrtx(e_plus(-2,-q1),e_minus(7,-k1),photon(5,k1+q1))*
 vrtx(e_plus(8,k1),e_minus(3,q1),photon(6,-k1-q1));
 
 a(14):= (-1)*
 pol(e_minus(-1,p1))*
 pol(photon(-3,p2))*
 pol(e_minus(-2,q1))*
 pol(photon(-4,q2))*
 prop(e_minus(1,p1-q2))*
 prop(photon(3,p2))*
 prop(e_minus(5,k1-p2))*
 prop(e_minus(7,k1))*
 vrtx(e_plus(2,-p1+q2),e_minus(-1,p1),photon(-4,-q2))*
 vrtx(e_plus(-2,-q1),e_minus(1,p1-q2),photon(3,p2))*
 vrtx(e_plus(8,-k1),e_minus(5,k1-p2),photon(-3,p2))*
 vrtx(e_plus(6,-k1+p2),e_minus(7,k1),photon(4,-p2));
 
 a(15):= (-1)*
 pol(e_minus(-1,p1))*
 pol(photon(-3,p2))*
 pol(e_minus(-2,q1))*
 pol(photon(-4,q2))*
 prop(e_minus(1,-p2+q1))*
 prop(photon(3,-q2))*
 prop(e_minus(5,k1+q2))*
 prop(e_minus(7,k1))*
 vrtx(e_plus(-2,-q1),e_minus(1,-p2+q1),photon(-3,p2))*
 vrtx(e_plus(2,p2-q1),e_minus(-1,p1),photon(3,-q2))*
 vrtx(e_plus(8,-k1),e_minus(5,k1+q2),photon(-4,-q2))*
 vrtx(e_plus(6,-k1-q2),e_minus(7,k1),photon(4,q2));
 
 a(16):= (+1)*
 pol(e_minus(-1,p1))*
 pol(photon(-3,p2))*
 pol(e_minus(-2,q1))*
 pol(photon(-4,q2))*
 prop(e_minus(1,-p2+q1))*
 prop(e_minus(3,p1))*
 prop(photon(5,k1-p1))*
 prop(e_minus(7,k1))*
 vrtx(e_plus(-2,-q1),e_minus(1,-p2+q1),photon(-3,p2))*
 vrtx(e_plus(2,p2-q1),e_minus(3,p1),photon(-4,-q2))*
 vrtx(e_plus(8,-k1),e_minus(-1,p1),photon(5,k1-p1))*
 vrtx(e_plus(4,-p1),e_minus(7,k1),photon(6,-k1+p1));
 
 a(17):= (-1)*
 pol(e_minus(-1,p1))*
 pol(photon(-3,p2))*
 pol(e_minus(-2,q1))*
 pol(photon(-4,q2))*
 prop(e_minus(1,q1+q2))*
 prop(photon(3,p2))*
 prop(e_minus(5,k1-p2))*
 prop(e_minus(7,k1))*
 vrtx(e_plus(-2,-q1),e_minus(1,q1+q2),photon(-4,-q2))*
 vrtx(e_plus(2,-q1-q2),e_minus(-1,p1),photon(3,p2))*
 vrtx(e_plus(8,-k1),e_minus(5,k1-p2),photon(-3,p2))*
 vrtx(e_plus(6,-k1+p2),e_minus(7,k1),photon(4,-p2));
 
 a(18):= (+1)*
 pol(e_minus(-1,p1))*
 pol(photon(-3,p2))*
 pol(e_minus(-2,q1))*
 pol(photon(-4,q2))*
 prop(e_minus(1,q1+q2))*
 prop(e_minus(3,p1))*
 prop(photon(5,k1-p1))*
 prop(e_minus(7,k1))*
 vrtx(e_plus(-2,-q1),e_minus(1,q1+q2),photon(-4,-q2))*
 vrtx(e_plus(2,-q1-q2),e_minus(3,p1),photon(-3,p2))*
 vrtx(e_plus(8,-k1),e_minus(-1,p1),photon(5,k1-p1))*
 vrtx(e_plus(4,-p1),e_minus(7,k1),photon(6,-k1+p1));
 
 a(19):= (-1)*
 pol(e_minus(-1,p1))*
 pol(photon(-3,p2))*
 pol(e_minus(-2,q1))*
 pol(photon(-4,q2))*
 prop(e_minus(1,p1+p2))*
 prop(e_minus(3,q1))*
 prop(photon(5,0))*
 prop(e_minus(7,k1))*
 vrtx(e_plus(2,-p1-p2),e_minus(-1,p1),photon(-3,p2))*
 vrtx(e_plus(4,-q1),e_minus(1,p1+p2),photon(-4,-q2))*
 vrtx(e_plus(-2,-q1),e_minus(3,q1),photon(5,0))*
 vrtx(e_plus(8,-k1),e_minus(7,k1),photon(6,0));
 
 a(20):= (-1)*
 pol(e_minus(-1,p1))*
 pol(photon(-3,p2))*
 pol(e_minus(-2,q1))*
 pol(photon(-4,q2))*
 prop(e_minus(1,p1-q2))*
 prop(e_minus(3,q1))*
 prop(photon(5,0))*
 prop(e_minus(7,k1))*
 vrtx(e_plus(2,-p1+q2),e_minus(-1,p1),photon(-4,-q2))*
 vrtx(e_plus(4,-q1),e_minus(1,p1-q2),photon(-3,p2))*
 vrtx(e_plus(-2,-q1),e_minus(3,q1),photon(5,0))*
 vrtx(e_plus(8,-k1),e_minus(7,k1),photon(6,0));
 
 a(21):= (-1)*
 pol(e_minus(-1,p1))*
 pol(photon(-3,p2))*
 pol(e_minus(-2,q1))*
 pol(photon(-4,q2))*
 prop(e_minus(1,-p2+q1))*
 prop(e_minus(3,p1))*
 prop(photon(5,0))*
 prop(e_minus(7,k1))*
 vrtx(e_plus(-2,-q1),e_minus(1,-p2+q1),photon(-3,p2))*
 vrtx(e_plus(2,p2-q1),e_minus(3,p1),photon(-4,-q2))*
 vrtx(e_plus(4,-p1),e_minus(-1,p1),photon(5,0))*
 vrtx(e_plus(8,-k1),e_minus(7,k1),photon(6,0));
 
 a(22):= (-1)*
 pol(e_minus(-1,p1))*
 pol(photon(-3,p2))*
 pol(e_minus(-2,q1))*
 pol(photon(-4,q2))*
 prop(e_minus(1,q1+q2))*
 prop(e_minus(3,p1))*
 prop(photon(5,0))*
 prop(e_minus(7,k1))*
 vrtx(e_plus(-2,-q1),e_minus(1,q1+q2),photon(-4,-q2))*
 vrtx(e_plus(2,-q1-q2),e_minus(3,p1),photon(-3,p2))*
 vrtx(e_plus(4,-p1),e_minus(-1,p1),photon(5,0))*
 vrtx(e_plus(8,-k1),e_minus(7,k1),photon(6,0));
 
 a(23):= (+1)*
 pol(e_minus(-1,p1))*
 pol(photon(-3,p2))*
 pol(e_minus(-2,q1))*
 pol(photon(-4,q2))*
 prop(e_minus(1,k1))*
 prop(photon(3,k1-p1))*
 prop(e_minus(5,k1+p2))*
 prop(e_minus(7,k1-p1+q1))*
 vrtx(e_plus(2,-k1),e_minus(-1,p1),photon(3,k1-p1))*
 vrtx(e_plus(6,-k1-p2),e_minus(1,k1),photon(-3,p2))*
 vrtx(e_plus(-2,-q1),e_minus(7,k1-p1+q1),photon(4,-k1+p1))*
 vrtx(e_plus(8,-k1+p1-q1),e_minus(5,k1+p2),photon(-4,-q2));
 
 a(24):= (+1)*
 pol(e_minus(-1,p1))*
 pol(photon(-3,p2))*
 pol(e_minus(-2,q1))*
 pol(photon(-4,q2))*
 prop(photon(1,-k1))*
 prop(e_minus(3,-k1+p1))*
 prop(e_minus(5,-k1+q1))*
 prop(e_minus(7,-k1+p1-q2))*
 vrtx(e_plus(4,k1-p1),e_minus(-1,p1),photon(1,-k1))*
 vrtx(e_plus(-2,-q1),e_minus(5,-k1+q1),photon(2,k1))*
 vrtx(e_plus(8,k1-p1+q2),e_minus(3,-k1+p1),photon(-4,-q2))*
 vrtx(e_plus(6,k1-q1),e_minus(7,-k1+p1-q2),photon(-3,p2));

% end

