%
% generated by qgraf-4.0.6
%
%  config = delete, flush ;
%  output_dir = 'golden_masters/qed1/' ;
%  style_dir = 'styles/' ;
%  model_dir = 'models/' ;
%  style = 'array.sty' ;
%  output = 'eminus_eplus_TO_photon_photon_0L.out' ;
%  model = qed1 // 'qedx' ;
%  in = e_minus[p1], e_plus[p2] ;
%  out = photon[q1], photon[q2] ;
%  loops = 0 ;
%  loop_momentum = k ;
%  options =  ;
%
 
 a(1):= (+1)*
 pol(e_minus(-1,p1))*
 pol(e_plus(-3,p2))*
 pol(photon(-2,q1))*
 pol(photon(-4,q2))*
 prop(e_minus(1,p1-q1))*
 vrtx(e_plus(2,-p1+q1),e_minus(-1,p1),photon(-2,-q1))*
 vrtx(e_plus(-3,p2),e_minus(1,p1-q1),photon(-4,-q2));
 
 a(2):= (+1)*
 pol(e_minus(-1,p1))*
 pol(e_plus(-3,p2))*
 pol(photon(-2,q1))*
 pol(photon(-4,q2))*
 prop(e_minus(1,p1-q2))*
 vrtx(e_plus(2,-p1+q2),e_minus(-1,p1),photon(-4,-q2))*
 vrtx(e_plus(-3,p2),e_minus(1,p1-q2),photon(-2,-q1));

% end

