%
% generated by qgraf-4.0.6
%
%  config = delete, flush ;
%  output_dir = 'golden_masters/qed1/' ;
%  style_dir = 'styles/' ;
%  model_dir = 'models/' ;
%  style = 'array.sty' ;
%  output = 'photon_TO_eminus_eplus_2L.out' ;
%  model = qed1 // 'qedx' ;
%  in = photon[p1] ;
%  out = e_minus[q1], e_plus[q2] ;
%  loops = 2 ;
%  loop_momentum = k ;
%  options =  ;
%
 
 a(1):= (+1)*
 pol(photon(-1,p1))*
 pol(e_minus(-2,q1))*
 pol(e_plus(-4,q2))*
 prop(e_minus(1,-q2))*
 prop(photon(3,-k1))*
 prop(e_minus(5,-k1-q2))*
 prop(e_minus(7,-k2))*
 prop(photon(9,k2-q2))*
 prop(e_minus(11,-k1-k2))*
 vrtx(e_plus(-2,-q1),e_minus(1,-q2),photon(-1,p1))*
 vrtx(e_plus(6,k1+q2),e_minus(-4,-q2),photon(3,-k1))*
 vrtx(e_plus(2,q2),e_minus(7,-k2),photon(9,k2-q2))*
 vrtx(e_plus(8,k2),e_minus(11,-k1-k2),photon(4,k1))*
 vrtx(e_plus(12,k1+k2),e_minus(5,-k1-q2),photon(10,-k2+q2));
 
 a(2):= (+1)*
 pol(photon(-1,p1))*
 pol(e_minus(-2,q1))*
 pol(e_plus(-4,q2))*
 prop(e_minus(1,q1))*
 prop(photon(3,-k1))*
 prop(e_minus(5,k1+q1))*
 prop(e_minus(7,k2))*
 prop(photon(9,k2-q1))*
 prop(e_minus(11,k1+k2))*
 vrtx(e_plus(2,-q1),e_minus(-4,-q2),photon(-1,p1))*
 vrtx(e_plus(-2,-q1),e_minus(5,k1+q1),photon(3,-k1))*
 vrtx(e_plus(8,-k2),e_minus(1,q1),photon(9,k2-q1))*
 vrtx(e_plus(12,-k1-k2),e_minus(7,k2),photon(4,k1))*
 vrtx(e_plus(6,-k1-q1),e_minus(11,k1+k2),photon(10,-k2+q1));
 
 a(3):= (-1)*
 pol(photon(-1,p1))*
 pol(e_minus(-2,q1))*
 pol(e_plus(-4,q2))*
 prop(photon(1,p1))*
 prop(e_minus(3,-k1))*
 prop(e_minus(5,-k1+p1))*
 prop(e_minus(7,k2))*
 prop(e_minus(9,k2+p1))*
 prop(photon(11,-k1-k2))*
 vrtx(e_plus(-2,-q1),e_minus(-4,-q2),photon(1,p1))*
 vrtx(e_plus(6,k1-p1),e_minus(3,-k1),photon(-1,p1))*
 vrtx(e_plus(8,-k2),e_minus(9,k2+p1),photon(2,-p1))*
 vrtx(e_plus(4,k1),e_minus(7,k2),photon(11,-k1-k2))*
 vrtx(e_plus(10,-k2-p1),e_minus(5,-k1+p1),photon(12,k1+k2));
 
 a(4):= (+1)*
 pol(photon(-1,p1))*
 pol(e_minus(-2,q1))*
 pol(e_plus(-4,q2))*
 prop(e_minus(1,-q2))*
 prop(photon(3,k1+q2))*
 prop(e_minus(5,k1))*
 prop(photon(7,k2-q2))*
 prop(e_minus(9,-k2))*
 prop(e_minus(11,-q2))*
 vrtx(e_plus(-2,-q1),e_minus(1,-q2),photon(-1,p1))*
 vrtx(e_plus(6,-k1),e_minus(-4,-q2),photon(3,k1+q2))*
 vrtx(e_plus(2,q2),e_minus(9,-k2),photon(7,k2-q2))*
 vrtx(e_plus(12,q2),e_minus(5,k1),photon(4,-k1-q2))*
 vrtx(e_plus(10,k2),e_minus(11,-q2),photon(8,-k2+q2));
 
 a(5):= (+1)*
 pol(photon(-1,p1))*
 pol(e_minus(-2,q1))*
 pol(e_plus(-4,q2))*
 prop(e_minus(1,q1))*
 prop(photon(3,k1+q1))*
 prop(e_minus(5,-k1))*
 prop(photon(7,k2-q1))*
 prop(e_minus(9,k2))*
 prop(e_minus(11,q1))*
 vrtx(e_plus(2,-q1),e_minus(-4,-q2),photon(-1,p1))*
 vrtx(e_plus(-2,-q1),e_minus(5,-k1),photon(3,k1+q1))*
 vrtx(e_plus(10,-k2),e_minus(1,q1),photon(7,k2-q1))*
 vrtx(e_plus(6,k1),e_minus(11,q1),photon(4,-k1-q1))*
 vrtx(e_plus(12,-q1),e_minus(9,k2),photon(8,-k2+q1));
 
 a(6):= (+1)*
 pol(photon(-1,p1))*
 pol(e_minus(-2,q1))*
 pol(e_plus(-4,q2))*
 prop(photon(1,p1))*
 prop(e_minus(3,k1-p1))*
 prop(e_minus(5,k1))*
 prop(e_minus(7,k2+p1))*
 prop(e_minus(9,k2))*
 prop(photon(11,-p1))*
 vrtx(e_plus(-2,-q1),e_minus(-4,-q2),photon(1,p1))*
 vrtx(e_plus(6,-k1),e_minus(3,k1-p1),photon(-1,p1))*
 vrtx(e_plus(10,-k2),e_minus(7,k2+p1),photon(2,-p1))*
 vrtx(e_plus(4,-k1+p1),e_minus(5,k1),photon(11,-p1))*
 vrtx(e_plus(8,-k2-p1),e_minus(9,k2),photon(12,p1));
 
 a(7):= (+1)*
 pol(photon(-1,p1))*
 pol(e_minus(-2,q1))*
 pol(e_plus(-4,q2))*
 prop(e_minus(1,-q2))*
 prop(photon(3,-k1))*
 prop(e_minus(5,-k1-q2))*
 prop(e_minus(7,-k1-q2))*
 prop(photon(9,k1+k2+q2))*
 prop(e_minus(11,k2))*
 vrtx(e_plus(-2,-q1),e_minus(1,-q2),photon(-1,p1))*
 vrtx(e_plus(6,k1+q2),e_minus(-4,-q2),photon(3,-k1))*
 vrtx(e_plus(2,q2),e_minus(7,-k1-q2),photon(4,k1))*
 vrtx(e_plus(12,-k2),e_minus(5,-k1-q2),photon(9,k1+k2+q2))*
 vrtx(e_plus(8,k1+q2),e_minus(11,k2),photon(10,-k1-k2-q2));
 
 a(8):= (-1)*
 pol(photon(-1,p1))*
 pol(e_minus(-2,q1))*
 pol(e_plus(-4,q2))*
 prop(e_minus(1,-q2))*
 prop(e_minus(3,k1))*
 prop(photon(5,k1+q2))*
 prop(photon(7,-k1-q2))*
 prop(e_minus(9,k1+k2+q2))*
 prop(e_minus(11,k2))*
 vrtx(e_plus(-2,-q1),e_minus(1,-q2),photon(-1,p1))*
 vrtx(e_plus(4,-k1),e_minus(-4,-q2),photon(5,k1+q2))*
 vrtx(e_plus(2,q2),e_minus(3,k1),photon(7,-k1-q2))*
 vrtx(e_plus(12,-k2),e_minus(9,k1+k2+q2),photon(6,-k1-q2))*
 vrtx(e_plus(10,-k1-k2-q2),e_minus(11,k2),photon(8,k1+q2));
 
 a(9):= (+1)*
 pol(photon(-1,p1))*
 pol(e_minus(-2,q1))*
 pol(e_plus(-4,q2))*
 prop(e_minus(1,q1))*
 prop(photon(3,-k1))*
 prop(e_minus(5,k1+q1))*
 prop(e_minus(7,k1+q1))*
 prop(photon(9,k1+k2+q1))*
 prop(e_minus(11,-k2))*
 vrtx(e_plus(2,-q1),e_minus(-4,-q2),photon(-1,p1))*
 vrtx(e_plus(-2,-q1),e_minus(5,k1+q1),photon(3,-k1))*
 vrtx(e_plus(8,-k1-q1),e_minus(1,q1),photon(4,k1))*
 vrtx(e_plus(6,-k1-q1),e_minus(11,-k2),photon(9,k1+k2+q1))*
 vrtx(e_plus(12,k2),e_minus(7,k1+q1),photon(10,-k1-k2-q1));
 
 a(10):= (-1)*
 pol(photon(-1,p1))*
 pol(e_minus(-2,q1))*
 pol(e_plus(-4,q2))*
 prop(e_minus(1,q1))*
 prop(e_minus(3,-k1))*
 prop(photon(5,k1+q1))*
 prop(photon(7,-k1-q1))*
 prop(e_minus(9,k1+k2+q1))*
 prop(e_minus(11,k2))*
 vrtx(e_plus(2,-q1),e_minus(-4,-q2),photon(-1,p1))*
 vrtx(e_plus(-2,-q1),e_minus(3,-k1),photon(5,k1+q1))*
 vrtx(e_plus(4,k1),e_minus(1,q1),photon(7,-k1-q1))*
 vrtx(e_plus(12,-k2),e_minus(9,k1+k2+q1),photon(6,-k1-q1))*
 vrtx(e_plus(10,-k1-k2-q1),e_minus(11,k2),photon(8,k1+q1));
 
 a(11):= (-1)*
 pol(photon(-1,p1))*
 pol(e_minus(-2,q1))*
 pol(e_plus(-4,q2))*
 prop(photon(1,p1))*
 prop(e_minus(3,-k1))*
 prop(e_minus(5,-k1+p1))*
 prop(e_minus(7,-k1+p1))*
 prop(photon(9,k1+k2-p1))*
 prop(e_minus(11,k2))*
 vrtx(e_plus(-2,-q1),e_minus(-4,-q2),photon(1,p1))*
 vrtx(e_plus(6,k1-p1),e_minus(3,-k1),photon(-1,p1))*
 vrtx(e_plus(4,k1),e_minus(7,-k1+p1),photon(2,-p1))*
 vrtx(e_plus(12,-k2),e_minus(5,-k1+p1),photon(9,k1+k2-p1))*
 vrtx(e_plus(8,k1-p1),e_minus(11,k2),photon(10,-k1-k2+p1));
 
 a(12):= (-1)*
 pol(photon(-1,p1))*
 pol(e_minus(-2,q1))*
 pol(e_plus(-4,q2))*
 prop(photon(1,p1))*
 prop(e_minus(3,k1))*
 prop(e_minus(5,k1-p1))*
 prop(e_minus(7,k1-p1))*
 prop(photon(9,k1+k2-p1))*
 prop(e_minus(11,-k2))*
 vrtx(e_plus(-2,-q1),e_minus(-4,-q2),photon(1,p1))*
 vrtx(e_plus(4,-k1),e_minus(5,k1-p1),photon(-1,p1))*
 vrtx(e_plus(8,-k1+p1),e_minus(3,k1),photon(2,-p1))*
 vrtx(e_plus(6,-k1+p1),e_minus(11,-k2),photon(9,k1+k2-p1))*
 vrtx(e_plus(12,k2),e_minus(7,k1-p1),photon(10,-k1-k2+p1));
 
 a(13):= (-1)*
 pol(photon(-1,p1))*
 pol(e_minus(-2,q1))*
 pol(e_plus(-4,q2))*
 prop(e_minus(1,-q2))*
 prop(photon(3,0))*
 prop(e_minus(5,-k1))*
 prop(e_minus(7,-k1))*
 prop(photon(9,-k1+k2))*
 prop(e_minus(11,-k2))*
 vrtx(e_plus(-2,-q1),e_minus(1,-q2),photon(-1,p1))*
 vrtx(e_plus(2,q2),e_minus(-4,-q2),photon(3,0))*
 vrtx(e_plus(8,k1),e_minus(5,-k1),photon(4,0))*
 vrtx(e_plus(6,k1),e_minus(11,-k2),photon(9,-k1+k2))*
 vrtx(e_plus(12,k2),e_minus(7,-k1),photon(10,k1-k2));
 
 a(14):= (-1)*
 pol(photon(-1,p1))*
 pol(e_minus(-2,q1))*
 pol(e_plus(-4,q2))*
 prop(e_minus(1,q1))*
 prop(photon(3,0))*
 prop(e_minus(5,-k1))*
 prop(e_minus(7,-k1))*
 prop(photon(9,-k1+k2))*
 prop(e_minus(11,-k2))*
 vrtx(e_plus(2,-q1),e_minus(-4,-q2),photon(-1,p1))*
 vrtx(e_plus(-2,-q1),e_minus(1,q1),photon(3,0))*
 vrtx(e_plus(8,k1),e_minus(5,-k1),photon(4,0))*
 vrtx(e_plus(6,k1),e_minus(11,-k2),photon(9,-k1+k2))*
 vrtx(e_plus(12,k2),e_minus(7,-k1),photon(10,k1-k2));
 
 a(15):= (-1)*
 pol(photon(-1,p1))*
 pol(e_minus(-2,q1))*
 pol(e_plus(-4,q2))*
 prop(e_minus(1,-q2))*
 prop(photon(3,k1+q2))*
 prop(e_minus(5,k1))*
 prop(e_minus(7,k2))*
 prop(photon(9,0))*
 prop(e_minus(11,-q2))*
 vrtx(e_plus(-2,-q1),e_minus(1,-q2),photon(-1,p1))*
 vrtx(e_plus(6,-k1),e_minus(-4,-q2),photon(3,k1+q2))*
 vrtx(e_plus(8,-k2),e_minus(7,k2),photon(9,0))*
 vrtx(e_plus(2,q2),e_minus(11,-q2),photon(10,0))*
 vrtx(e_plus(12,q2),e_minus(5,k1),photon(4,-k1-q2));
 
 a(16):= (-1)*
 pol(photon(-1,p1))*
 pol(e_minus(-2,q1))*
 pol(e_plus(-4,q2))*
 prop(e_minus(1,q1))*
 prop(photon(3,k1+q1))*
 prop(e_minus(5,-k1))*
 prop(e_minus(7,k2))*
 prop(photon(9,0))*
 prop(e_minus(11,q1))*
 vrtx(e_plus(2,-q1),e_minus(-4,-q2),photon(-1,p1))*
 vrtx(e_plus(-2,-q1),e_minus(5,-k1),photon(3,k1+q1))*
 vrtx(e_plus(8,-k2),e_minus(7,k2),photon(9,0))*
 vrtx(e_plus(12,-q1),e_minus(1,q1),photon(10,0))*
 vrtx(e_plus(6,k1),e_minus(11,q1),photon(4,-k1-q1));
 
 a(17):= (-1)*
 pol(photon(-1,p1))*
 pol(e_minus(-2,q1))*
 pol(e_plus(-4,q2))*
 prop(e_minus(1,-q2))*
 prop(photon(3,-k1))*
 prop(e_minus(5,-k1-q2))*
 prop(e_minus(7,k2))*
 prop(photon(9,0))*
 prop(e_minus(11,-k1-q2))*
 vrtx(e_plus(-2,-q1),e_minus(1,-q2),photon(-1,p1))*
 vrtx(e_plus(6,k1+q2),e_minus(-4,-q2),photon(3,-k1))*
 vrtx(e_plus(8,-k2),e_minus(7,k2),photon(9,0))*
 vrtx(e_plus(2,q2),e_minus(11,-k1-q2),photon(4,k1))*
 vrtx(e_plus(12,k1+q2),e_minus(5,-k1-q2),photon(10,0));
 
 a(18):= (-1)*
 pol(photon(-1,p1))*
 pol(e_minus(-2,q1))*
 pol(e_plus(-4,q2))*
 prop(e_minus(1,q1))*
 prop(photon(3,-k1))*
 prop(e_minus(5,k1+q1))*
 prop(e_minus(7,k2))*
 prop(photon(9,0))*
 prop(e_minus(11,k1+q1))*
 vrtx(e_plus(2,-q1),e_minus(-4,-q2),photon(-1,p1))*
 vrtx(e_plus(-2,-q1),e_minus(5,k1+q1),photon(3,-k1))*
 vrtx(e_plus(8,-k2),e_minus(7,k2),photon(9,0))*
 vrtx(e_plus(12,-k1-q1),e_minus(1,q1),photon(4,k1))*
 vrtx(e_plus(6,-k1-q1),e_minus(11,k1+q1),photon(10,0));
 
 a(19):= (+1)*
 pol(photon(-1,p1))*
 pol(e_minus(-2,q1))*
 pol(e_plus(-4,q2))*
 prop(photon(1,p1))*
 prop(e_minus(3,-k1))*
 prop(e_minus(5,-k1+p1))*
 prop(e_minus(7,k2))*
 prop(photon(9,0))*
 prop(e_minus(11,-k1+p1))*
 vrtx(e_plus(-2,-q1),e_minus(-4,-q2),photon(1,p1))*
 vrtx(e_plus(6,k1-p1),e_minus(3,-k1),photon(-1,p1))*
 vrtx(e_plus(8,-k2),e_minus(7,k2),photon(9,0))*
 vrtx(e_plus(4,k1),e_minus(11,-k1+p1),photon(2,-p1))*
 vrtx(e_plus(12,k1-p1),e_minus(5,-k1+p1),photon(10,0));
 
 a(20):= (+1)*
 pol(photon(-1,p1))*
 pol(e_minus(-2,q1))*
 pol(e_plus(-4,q2))*
 prop(photon(1,p1))*
 prop(e_minus(3,k1))*
 prop(e_minus(5,k1-p1))*
 prop(e_minus(7,k2))*
 prop(photon(9,0))*
 prop(e_minus(11,k1-p1))*
 vrtx(e_plus(-2,-q1),e_minus(-4,-q2),photon(1,p1))*
 vrtx(e_plus(4,-k1),e_minus(5,k1-p1),photon(-1,p1))*
 vrtx(e_plus(8,-k2),e_minus(7,k2),photon(9,0))*
 vrtx(e_plus(12,-k1+p1),e_minus(3,k1),photon(2,-p1))*
 vrtx(e_plus(6,-k1+p1),e_minus(11,k1-p1),photon(10,0));
 
 a(21):= (-1)*
 pol(photon(-1,p1))*
 pol(e_minus(-2,q1))*
 pol(e_plus(-4,q2))*
 prop(e_minus(1,-q2))*
 prop(photon(3,0))*
 prop(e_minus(5,-q2))*
 prop(e_minus(7,k1))*
 prop(photon(9,k2-q2))*
 prop(e_minus(11,-k2))*
 vrtx(e_plus(-2,-q1),e_minus(1,-q2),photon(-1,p1))*
 vrtx(e_plus(6,q2),e_minus(-4,-q2),photon(3,0))*
 vrtx(e_plus(8,-k1),e_minus(7,k1),photon(4,0))*
 vrtx(e_plus(2,q2),e_minus(11,-k2),photon(9,k2-q2))*
 vrtx(e_plus(12,k2),e_minus(5,-q2),photon(10,-k2+q2));
 
 a(22):= (-1)*
 pol(photon(-1,p1))*
 pol(e_minus(-2,q1))*
 pol(e_plus(-4,q2))*
 prop(e_minus(1,q1))*
 prop(photon(3,0))*
 prop(e_minus(5,q1))*
 prop(e_minus(7,k1))*
 prop(photon(9,k2-q1))*
 prop(e_minus(11,k2))*
 vrtx(e_plus(2,-q1),e_minus(-4,-q2),photon(-1,p1))*
 vrtx(e_plus(-2,-q1),e_minus(5,q1),photon(3,0))*
 vrtx(e_plus(8,-k1),e_minus(7,k1),photon(4,0))*
 vrtx(e_plus(12,-k2),e_minus(1,q1),photon(9,k2-q1))*
 vrtx(e_plus(6,-q1),e_minus(11,k2),photon(10,-k2+q1));
 
 a(23):= (+1)*
 pol(photon(-1,p1))*
 pol(e_minus(-2,q1))*
 pol(e_plus(-4,q2))*
 prop(e_minus(1,-q2))*
 prop(photon(3,0))*
 prop(e_minus(5,k1))*
 prop(photon(7,0))*
 prop(e_minus(9,k2))*
 prop(e_minus(11,k2))*
 vrtx(e_plus(-2,-q1),e_minus(1,-q2),photon(-1,p1))*
 vrtx(e_plus(2,q2),e_minus(-4,-q2),photon(3,0))*
 vrtx(e_plus(6,-k1),e_minus(5,k1),photon(7,0))*
 vrtx(e_plus(12,-k2),e_minus(9,k2),photon(4,0))*
 vrtx(e_plus(10,-k2),e_minus(11,k2),photon(8,0));
 
 a(24):= (+1)*
 pol(photon(-1,p1))*
 pol(e_minus(-2,q1))*
 pol(e_plus(-4,q2))*
 prop(e_minus(1,q1))*
 prop(photon(3,0))*
 prop(e_minus(5,k1))*
 prop(photon(7,0))*
 prop(e_minus(9,k2))*
 prop(e_minus(11,k2))*
 vrtx(e_plus(2,-q1),e_minus(-4,-q2),photon(-1,p1))*
 vrtx(e_plus(-2,-q1),e_minus(1,q1),photon(3,0))*
 vrtx(e_plus(6,-k1),e_minus(5,k1),photon(7,0))*
 vrtx(e_plus(12,-k2),e_minus(9,k2),photon(4,0))*
 vrtx(e_plus(10,-k2),e_minus(11,k2),photon(8,0));
 
 a(25):= (+1)*
 pol(photon(-1,p1))*
 pol(e_minus(-2,q1))*
 pol(e_plus(-4,q2))*
 prop(e_minus(1,-q2))*
 prop(photon(3,0))*
 prop(e_minus(5,-q2))*
 prop(e_minus(7,k1))*
 prop(e_minus(9,k2))*
 prop(photon(11,0))*
 vrtx(e_plus(-2,-q1),e_minus(1,-q2),photon(-1,p1))*
 vrtx(e_plus(6,q2),e_minus(-4,-q2),photon(3,0))*
 vrtx(e_plus(8,-k1),e_minus(7,k1),photon(4,0))*
 vrtx(e_plus(10,-k2),e_minus(9,k2),photon(11,0))*
 vrtx(e_plus(2,q2),e_minus(5,-q2),photon(12,0));
 
 a(26):= (+1)*
 pol(photon(-1,p1))*
 pol(e_minus(-2,q1))*
 pol(e_plus(-4,q2))*
 prop(e_minus(1,q1))*
 prop(photon(3,0))*
 prop(e_minus(5,q1))*
 prop(e_minus(7,k1))*
 prop(e_minus(9,k2))*
 prop(photon(11,0))*
 vrtx(e_plus(2,-q1),e_minus(-4,-q2),photon(-1,p1))*
 vrtx(e_plus(-2,-q1),e_minus(5,q1),photon(3,0))*
 vrtx(e_plus(8,-k1),e_minus(7,k1),photon(4,0))*
 vrtx(e_plus(10,-k2),e_minus(9,k2),photon(11,0))*
 vrtx(e_plus(6,-q1),e_minus(1,q1),photon(12,0));
 
 a(27):= (+1)*
 pol(photon(-1,p1))*
 pol(e_minus(-2,q1))*
 pol(e_plus(-4,q2))*
 prop(e_minus(1,-k1))*
 prop(e_minus(3,-k1+p1))*
 prop(photon(5,-k2))*
 prop(e_minus(7,k2+q1))*
 prop(e_minus(9,-k1-k2))*
 prop(photon(11,-k1-k2+q2))*
 vrtx(e_plus(4,k1-p1),e_minus(1,-k1),photon(-1,p1))*
 vrtx(e_plus(-2,-q1),e_minus(7,k2+q1),photon(5,-k2))*
 vrtx(e_plus(10,k1+k2),e_minus(-4,-q2),photon(11,-k1-k2+q2))*
 vrtx(e_plus(2,k1),e_minus(9,-k1-k2),photon(6,k2))*
 vrtx(e_plus(8,-k2-q1),e_minus(3,-k1+p1),photon(12,k1+k2-q2));
 
 a(28):= (-1)*
 pol(photon(-1,p1))*
 pol(e_minus(-2,q1))*
 pol(e_plus(-4,q2))*
 prop(e_minus(1,k1-p1))*
 prop(e_minus(3,k1))*
 prop(photon(5,p1))*
 prop(e_minus(7,-q2))*
 prop(photon(9,k2+q2))*
 prop(e_minus(11,k2))*
 vrtx(e_plus(4,-k1),e_minus(1,k1-p1),photon(-1,p1))*
 vrtx(e_plus(-2,-q1),e_minus(7,-q2),photon(5,p1))*
 vrtx(e_plus(12,-k2),e_minus(-4,-q2),photon(9,k2+q2))*
 vrtx(e_plus(2,-k1+p1),e_minus(3,k1),photon(6,-p1))*
 vrtx(e_plus(8,q2),e_minus(11,k2),photon(10,-k2-q2));
 
 a(29):= (-1)*
 pol(photon(-1,p1))*
 pol(e_minus(-2,q1))*
 pol(e_plus(-4,q2))*
 prop(e_minus(1,k1-p1))*
 prop(e_minus(3,k1))*
 prop(photon(5,p1))*
 prop(e_minus(7,q1))*
 prop(photon(9,k2+q1))*
 prop(e_minus(11,-k2))*
 vrtx(e_plus(4,-k1),e_minus(1,k1-p1),photon(-1,p1))*
 vrtx(e_plus(8,-q1),e_minus(-4,-q2),photon(5,p1))*
 vrtx(e_plus(-2,-q1),e_minus(11,-k2),photon(9,k2+q1))*
 vrtx(e_plus(2,-k1+p1),e_minus(3,k1),photon(6,-p1))*
 vrtx(e_plus(12,k2),e_minus(7,q1),photon(10,-k2-q1));
 
 a(30):= (+1)*
 pol(photon(-1,p1))*
 pol(e_minus(-2,q1))*
 pol(e_plus(-4,q2))*
 prop(photon(1,k1+q1))*
 prop(e_minus(3,-k1))*
 prop(e_minus(5,q1))*
 prop(e_minus(7,-q2))*
 prop(photon(9,k2+q2))*
 prop(e_minus(11,k2))*
 vrtx(e_plus(-2,-q1),e_minus(3,-k1),photon(1,k1+q1))*
 vrtx(e_plus(6,-q1),e_minus(7,-q2),photon(-1,p1))*
 vrtx(e_plus(12,-k2),e_minus(-4,-q2),photon(9,k2+q2))*
 vrtx(e_plus(4,k1),e_minus(5,q1),photon(2,-k1-q1))*
 vrtx(e_plus(8,q2),e_minus(11,k2),photon(10,-k2-q2));
 
 a(31):= (+1)*
 pol(photon(-1,p1))*
 pol(e_minus(-2,q1))*
 pol(e_plus(-4,q2))*
 prop(e_minus(1,k1))*
 prop(e_minus(3,k1-p1))*
 prop(photon(5,-k1+q1))*
 prop(photon(7,-k2))*
 prop(e_minus(9,-k2-q2))*
 prop(e_minus(11,k1-k2-p1))*
 vrtx(e_plus(2,-k1),e_minus(3,k1-p1),photon(-1,p1))*
 vrtx(e_plus(-2,-q1),e_minus(1,k1),photon(5,-k1+q1))*
 vrtx(e_plus(10,k2+q2),e_minus(-4,-q2),photon(7,-k2))*
 vrtx(e_plus(4,-k1+p1),e_minus(11,k1-k2-p1),photon(8,k2))*
 vrtx(e_plus(12,-k1+k2+p1),e_minus(9,-k2-q2),photon(6,k1-q1));
 
 a(32):= (+1)*
 pol(photon(-1,p1))*
 pol(e_minus(-2,q1))*
 pol(e_plus(-4,q2))*
 prop(e_minus(1,-k1))*
 prop(e_minus(3,-k1+p1))*
 prop(photon(5,-k1+q2))*
 prop(photon(7,-k2))*
 prop(e_minus(9,k2+q1))*
 prop(e_minus(11,-k1+k2+p1))*
 vrtx(e_plus(4,k1-p1),e_minus(1,-k1),photon(-1,p1))*
 vrtx(e_plus(2,k1),e_minus(-4,-q2),photon(5,-k1+q2))*
 vrtx(e_plus(-2,-q1),e_minus(9,k2+q1),photon(7,-k2))*
 vrtx(e_plus(12,k1-k2-p1),e_minus(3,-k1+p1),photon(8,k2))*
 vrtx(e_plus(10,-k2-q1),e_minus(11,-k1+k2+p1),photon(6,k1-q2));
 
 a(33):= (+1)*
 pol(photon(-1,p1))*
 pol(e_minus(-2,q1))*
 pol(e_plus(-4,q2))*
 prop(photon(1,-k1))*
 prop(e_minus(3,k1+q1))*
 prop(e_minus(5,k1-q2))*
 prop(e_minus(7,k2))*
 prop(e_minus(9,k2-p1))*
 prop(photon(11,k1-k2+q1))*
 vrtx(e_plus(-2,-q1),e_minus(3,k1+q1),photon(1,-k1))*
 vrtx(e_plus(6,-k1+q2),e_minus(-4,-q2),photon(2,k1))*
 vrtx(e_plus(8,-k2),e_minus(9,k2-p1),photon(-1,p1))*
 vrtx(e_plus(4,-k1-q1),e_minus(7,k2),photon(11,k1-k2+q1))*
 vrtx(e_plus(10,-k2+p1),e_minus(5,k1-q2),photon(12,-k1+k2-q1));
 
 a(34):= (-1)*
 pol(photon(-1,p1))*
 pol(e_minus(-2,q1))*
 pol(e_plus(-4,q2))*
 prop(e_minus(1,-k1))*
 prop(photon(3,k1+q1))*
 prop(photon(5,-k1+q2))*
 prop(e_minus(7,-k2))*
 prop(e_minus(9,-k2+p1))*
 prop(e_minus(11,k1-k2+q1))*
 vrtx(e_plus(-2,-q1),e_minus(1,-k1),photon(3,k1+q1))*
 vrtx(e_plus(2,k1),e_minus(-4,-q2),photon(5,-k1+q2))*
 vrtx(e_plus(10,k2-p1),e_minus(7,-k2),photon(-1,p1))*
 vrtx(e_plus(8,k2),e_minus(11,k1-k2+q1),photon(4,-k1-q1))*
 vrtx(e_plus(12,-k1+k2-q1),e_minus(9,-k2+p1),photon(6,k1-q2));
 
 a(35):= (-1)*
 pol(photon(-1,p1))*
 pol(e_minus(-2,q1))*
 pol(e_plus(-4,q2))*
 prop(e_minus(1,-k1))*
 prop(photon(3,k1+q1))*
 prop(photon(5,-k1+q2))*
 prop(e_minus(7,k2))*
 prop(e_minus(9,k2-p1))*
 prop(e_minus(11,-k1+k2-q1))*
 vrtx(e_plus(-2,-q1),e_minus(1,-k1),photon(3,k1+q1))*
 vrtx(e_plus(2,k1),e_minus(-4,-q2),photon(5,-k1+q2))*
 vrtx(e_plus(8,-k2),e_minus(9,k2-p1),photon(-1,p1))*
 vrtx(e_plus(12,k1-k2+q1),e_minus(7,k2),photon(4,-k1-q1))*
 vrtx(e_plus(10,-k2+p1),e_minus(11,-k1+k2-q1),photon(6,k1-q2));
 
 a(36):= (+1)*
 pol(photon(-1,p1))*
 pol(e_minus(-2,q1))*
 pol(e_plus(-4,q2))*
 prop(e_minus(1,k1))*
 prop(e_minus(3,k1-p1))*
 prop(photon(5,-k1+q1))*
 prop(photon(7,k2+q2))*
 prop(e_minus(9,k2))*
 prop(e_minus(11,-q2))*
 vrtx(e_plus(2,-k1),e_minus(3,k1-p1),photon(-1,p1))*
 vrtx(e_plus(-2,-q1),e_minus(1,k1),photon(5,-k1+q1))*
 vrtx(e_plus(10,-k2),e_minus(-4,-q2),photon(7,k2+q2))*
 vrtx(e_plus(4,-k1+p1),e_minus(11,-q2),photon(6,k1-q1))*
 vrtx(e_plus(12,q2),e_minus(9,k2),photon(8,-k2-q2));
 
 a(37):= (+1)*
 pol(photon(-1,p1))*
 pol(e_minus(-2,q1))*
 pol(e_plus(-4,q2))*
 prop(e_minus(1,-k1))*
 prop(e_minus(3,-k1+p1))*
 prop(photon(5,-k1+q2))*
 prop(photon(7,k2+q1))*
 prop(e_minus(9,-k2))*
 prop(e_minus(11,q1))*
 vrtx(e_plus(4,k1-p1),e_minus(1,-k1),photon(-1,p1))*
 vrtx(e_plus(2,k1),e_minus(-4,-q2),photon(5,-k1+q2))*
 vrtx(e_plus(-2,-q1),e_minus(9,-k2),photon(7,k2+q1))*
 vrtx(e_plus(12,-q1),e_minus(3,-k1+p1),photon(6,k1-q2))*
 vrtx(e_plus(10,k2),e_minus(11,q1),photon(8,-k2-q1));
 
 a(38):= (-1)*
 pol(photon(-1,p1))*
 pol(e_minus(-2,q1))*
 pol(e_plus(-4,q2))*
 prop(photon(1,-k1))*
 prop(e_minus(3,k1+q1))*
 prop(e_minus(5,k1-q2))*
 prop(e_minus(7,k2-p1))*
 prop(e_minus(9,k2))*
 prop(photon(11,p1))*
 vrtx(e_plus(-2,-q1),e_minus(3,k1+q1),photon(1,-k1))*
 vrtx(e_plus(6,-k1+q2),e_minus(-4,-q2),photon(2,k1))*
 vrtx(e_plus(10,-k2),e_minus(7,k2-p1),photon(-1,p1))*
 vrtx(e_plus(4,-k1-q1),e_minus(5,k1-q2),photon(11,p1))*
 vrtx(e_plus(8,-k2+p1),e_minus(9,k2),photon(12,-p1));
 
 a(39):= (-1)*
 pol(photon(-1,p1))*
 pol(e_minus(-2,q1))*
 pol(e_plus(-4,q2))*
 prop(e_minus(1,k1))*
 prop(e_minus(3,k1-p1))*
 prop(photon(5,-k1+q1))*
 prop(photon(7,k1-q1))*
 prop(e_minus(9,-k1+k2+q1))*
 prop(e_minus(11,k2))*
 vrtx(e_plus(2,-k1),e_minus(3,k1-p1),photon(-1,p1))*
 vrtx(e_plus(-2,-q1),e_minus(1,k1),photon(5,-k1+q1))*
 vrtx(e_plus(4,-k1+p1),e_minus(-4,-q2),photon(7,k1-q1))*
 vrtx(e_plus(12,-k2),e_minus(9,-k1+k2+q1),photon(6,k1-q1))*
 vrtx(e_plus(10,k1-k2-q1),e_minus(11,k2),photon(8,-k1+q1));
 
 a(40):= (+1)*
 pol(photon(-1,p1))*
 pol(e_minus(-2,q1))*
 pol(e_plus(-4,q2))*
 prop(e_minus(1,-k1))*
 prop(photon(3,k1+q1))*
 prop(e_minus(5,-k1-p1))*
 prop(e_minus(7,-k1-p1))*
 prop(photon(9,-k1+k2-p1))*
 prop(e_minus(11,-k2))*
 vrtx(e_plus(-2,-q1),e_minus(1,-k1),photon(3,k1+q1))*
 vrtx(e_plus(2,k1),e_minus(5,-k1-p1),photon(-1,p1))*
 vrtx(e_plus(8,k1+p1),e_minus(-4,-q2),photon(4,-k1-q1))*
 vrtx(e_plus(6,k1+p1),e_minus(11,-k2),photon(9,-k1+k2-p1))*
 vrtx(e_plus(12,k2),e_minus(7,-k1-p1),photon(10,k1-k2+p1));
 
 a(41):= (+1)*
 pol(photon(-1,p1))*
 pol(e_minus(-2,q1))*
 pol(e_plus(-4,q2))*
 prop(e_minus(1,k1))*
 prop(photon(3,k1+q2))*
 prop(e_minus(5,k1+p1))*
 prop(e_minus(7,k1+p1))*
 prop(photon(9,-k1+k2-p1))*
 prop(e_minus(11,k2))*
 vrtx(e_plus(2,-k1),e_minus(-4,-q2),photon(3,k1+q2))*
 vrtx(e_plus(6,-k1-p1),e_minus(1,k1),photon(-1,p1))*
 vrtx(e_plus(-2,-q1),e_minus(7,k1+p1),photon(4,-k1-q2))*
 vrtx(e_plus(12,-k2),e_minus(5,k1+p1),photon(9,-k1+k2-p1))*
 vrtx(e_plus(8,-k1-p1),e_minus(11,k2),photon(10,k1-k2+p1));
 
 a(42):= (-1)*
 pol(photon(-1,p1))*
 pol(e_minus(-2,q1))*
 pol(e_plus(-4,q2))*
 prop(e_minus(1,k1))*
 prop(e_minus(3,k1-p1))*
 prop(photon(5,-k1+q1))*
 prop(photon(7,0))*
 prop(e_minus(9,-q2))*
 prop(e_minus(11,k2))*
 vrtx(e_plus(2,-k1),e_minus(3,k1-p1),photon(-1,p1))*
 vrtx(e_plus(-2,-q1),e_minus(1,k1),photon(5,-k1+q1))*
 vrtx(e_plus(10,q2),e_minus(-4,-q2),photon(7,0))*
 vrtx(e_plus(12,-k2),e_minus(11,k2),photon(8,0))*
 vrtx(e_plus(4,-k1+p1),e_minus(9,-q2),photon(6,k1-q1));
 
 a(43):= (-1)*
 pol(photon(-1,p1))*
 pol(e_minus(-2,q1))*
 pol(e_plus(-4,q2))*
 prop(e_minus(1,-k1))*
 prop(e_minus(3,-k1+p1))*
 prop(photon(5,-k1+q2))*
 prop(photon(7,0))*
 prop(e_minus(9,q1))*
 prop(e_minus(11,k2))*
 vrtx(e_plus(4,k1-p1),e_minus(1,-k1),photon(-1,p1))*
 vrtx(e_plus(2,k1),e_minus(-4,-q2),photon(5,-k1+q2))*
 vrtx(e_plus(-2,-q1),e_minus(9,q1),photon(7,0))*
 vrtx(e_plus(12,-k2),e_minus(11,k2),photon(8,0))*
 vrtx(e_plus(10,-q1),e_minus(3,-k1+p1),photon(6,k1-q2));
 
 a(44):= (-1)*
 pol(photon(-1,p1))*
 pol(e_minus(-2,q1))*
 pol(e_plus(-4,q2))*
 prop(e_minus(1,q1))*
 prop(photon(3,0))*
 prop(e_minus(5,-q2))*
 prop(photon(7,k1+q2))*
 prop(e_minus(9,k1))*
 prop(e_minus(11,k2))*
 vrtx(e_plus(-2,-q1),e_minus(1,q1),photon(3,0))*
 vrtx(e_plus(2,-q1),e_minus(5,-q2),photon(-1,p1))*
 vrtx(e_plus(10,-k1),e_minus(-4,-q2),photon(7,k1+q2))*
 vrtx(e_plus(12,-k2),e_minus(11,k2),photon(4,0))*
 vrtx(e_plus(6,q2),e_minus(9,k1),photon(8,-k1-q2));
 
 a(45):= (+1)*
 pol(photon(-1,p1))*
 pol(e_minus(-2,q1))*
 pol(e_plus(-4,q2))*
 prop(e_minus(1,q1))*
 prop(photon(3,0))*
 prop(photon(5,p1))*
 prop(e_minus(7,k1-p1))*
 prop(e_minus(9,k1))*
 prop(e_minus(11,k2))*
 vrtx(e_plus(-2,-q1),e_minus(1,q1),photon(3,0))*
 vrtx(e_plus(2,-q1),e_minus(-4,-q2),photon(5,p1))*
 vrtx(e_plus(10,-k1),e_minus(7,k1-p1),photon(-1,p1))*
 vrtx(e_plus(12,-k2),e_minus(11,k2),photon(4,0))*
 vrtx(e_plus(8,-k1+p1),e_minus(9,k1),photon(6,-p1));
 
 a(46):= (-1)*
 pol(photon(-1,p1))*
 pol(e_minus(-2,q1))*
 pol(e_plus(-4,q2))*
 prop(e_minus(1,-q2))*
 prop(photon(3,0))*
 prop(e_minus(5,q1))*
 prop(photon(7,k1+q1))*
 prop(e_minus(9,-k1))*
 prop(e_minus(11,k2))*
 vrtx(e_plus(2,q2),e_minus(-4,-q2),photon(3,0))*
 vrtx(e_plus(6,-q1),e_minus(1,-q2),photon(-1,p1))*
 vrtx(e_plus(-2,-q1),e_minus(9,-k1),photon(7,k1+q1))*
 vrtx(e_plus(12,-k2),e_minus(11,k2),photon(4,0))*
 vrtx(e_plus(10,k1),e_minus(5,q1),photon(8,-k1-q1));
 
 a(47):= (+1)*
 pol(photon(-1,p1))*
 pol(e_minus(-2,q1))*
 pol(e_plus(-4,q2))*
 prop(e_minus(1,-q2))*
 prop(photon(3,0))*
 prop(photon(5,p1))*
 prop(e_minus(7,k1-p1))*
 prop(e_minus(9,k1))*
 prop(e_minus(11,k2))*
 vrtx(e_plus(2,q2),e_minus(-4,-q2),photon(3,0))*
 vrtx(e_plus(-2,-q1),e_minus(1,-q2),photon(5,p1))*
 vrtx(e_plus(10,-k1),e_minus(7,k1-p1),photon(-1,p1))*
 vrtx(e_plus(12,-k2),e_minus(11,k2),photon(4,0))*
 vrtx(e_plus(8,-k1+p1),e_minus(9,k1),photon(6,-p1));
 
 a(48):= (-1)*
 pol(photon(-1,p1))*
 pol(e_minus(-2,q1))*
 pol(e_plus(-4,q2))*
 prop(e_minus(1,-k1))*
 prop(photon(3,k1+q1))*
 prop(e_minus(5,-k1-p1))*
 prop(e_minus(7,-k1-p1))*
 prop(e_minus(9,k2))*
 prop(photon(11,0))*
 vrtx(e_plus(-2,-q1),e_minus(1,-k1),photon(3,k1+q1))*
 vrtx(e_plus(2,k1),e_minus(5,-k1-p1),photon(-1,p1))*
 vrtx(e_plus(8,k1+p1),e_minus(-4,-q2),photon(4,-k1-q1))*
 vrtx(e_plus(10,-k2),e_minus(9,k2),photon(11,0))*
 vrtx(e_plus(6,k1+p1),e_minus(7,-k1-p1),photon(12,0));
 
 a(49):= (-1)*
 pol(photon(-1,p1))*
 pol(e_minus(-2,q1))*
 pol(e_plus(-4,q2))*
 prop(e_minus(1,k1))*
 prop(photon(3,k1+q2))*
 prop(e_minus(5,k1+p1))*
 prop(e_minus(7,k1+p1))*
 prop(e_minus(9,k2))*
 prop(photon(11,0))*
 vrtx(e_plus(2,-k1),e_minus(-4,-q2),photon(3,k1+q2))*
 vrtx(e_plus(6,-k1-p1),e_minus(1,k1),photon(-1,p1))*
 vrtx(e_plus(-2,-q1),e_minus(7,k1+p1),photon(4,-k1-q2))*
 vrtx(e_plus(10,-k2),e_minus(9,k2),photon(11,0))*
 vrtx(e_plus(8,-k1-p1),e_minus(5,k1+p1),photon(12,0));
 
 a(50):= (+1)*
 pol(photon(-1,p1))*
 pol(e_minus(-2,q1))*
 pol(e_plus(-4,q2))*
 prop(e_minus(1,q1))*
 prop(e_minus(3,-q2))*
 prop(photon(5,0))*
 prop(photon(7,0))*
 prop(e_minus(9,k1))*
 prop(e_minus(11,k2))*
 vrtx(e_plus(2,-q1),e_minus(3,-q2),photon(-1,p1))*
 vrtx(e_plus(-2,-q1),e_minus(1,q1),photon(5,0))*
 vrtx(e_plus(4,q2),e_minus(-4,-q2),photon(7,0))*
 vrtx(e_plus(10,-k1),e_minus(9,k1),photon(6,0))*
 vrtx(e_plus(12,-k2),e_minus(11,k2),photon(8,0));

% end

