%
% generated by qgraf-4.0.6
%
%  config = delete, flush ;
%  output_dir = 'golden_masters/qed1/' ;
%  style_dir = 'styles/' ;
%  model_dir = 'models/' ;
%  style = 'array.sty' ;
%  output = 'photon_photon_TO_eminus_eplus_0L.out' ;
%  model = qed1 // 'qedx' ;
%  in = photon[p1], photon[p2] ;
%  out = e_minus[q1], e_plus[q2] ;
%  loops = 0 ;
%  loop_momentum = k ;
%  options =  ;
%
 
 a(1):= (+1)*
 pol(photon(-1,p1))*
 pol(photon(-3,p2))*
 pol(e_minus(-2,q1))*
 pol(e_plus(-4,q2))*
 prop(e_minus(1,-p1+q1))*
 vrtx(e_plus(-2,-q1),e_minus(1,-p1+q1),photon(-1,p1))*
 vrtx(e_plus(2,p1-q1),e_minus(-4,-q2),photon(-3,p2));
 
 a(2):= (+1)*
 pol(photon(-1,p1))*
 pol(photon(-3,p2))*
 pol(e_minus(-2,q1))*
 pol(e_plus(-4,q2))*
 prop(e_minus(1,p1-q2))*
 vrtx(e_plus(2,-p1+q2),e_minus(-4,-q2),photon(-1,p1))*
 vrtx(e_plus(-2,-q1),e_minus(1,p1-q2),photon(-3,p2));

% end

