%
% generated by qgraf-4.0.6
%
%  config = delete, flush ;
%  output_dir = 'golden_masters/qed1/' ;
%  style_dir = 'styles/' ;
%  model_dir = 'models/' ;
%  style = 'array.sty' ;
%  output = 'photon_TO_eminus_eplus_1L.out' ;
%  model = qed1 // 'qedx' ;
%  in = photon[p1] ;
%  out = e_minus[q1], e_plus[q2] ;
%  loops = 1 ;
%  loop_momentum = k ;
%  options =  ;
%
 
 a(1):= (+1)*
 pol(photon(-1,p1))*
 pol(e_minus(-2,q1))*
 pol(e_plus(-4,q2))*
 prop(e_minus(1,-q2))*
 prop(photon(3,k1+q2))*
 prop(e_minus(5,k1))*
 vrtx(e_plus(-2,-q1),e_minus(1,-q2),photon(-1,p1))*
 vrtx(e_plus(6,-k1),e_minus(-4,-q2),photon(3,k1+q2))*
 vrtx(e_plus(2,q2),e_minus(5,k1),photon(4,-k1-q2));
 
 a(2):= (+1)*
 pol(photon(-1,p1))*
 pol(e_minus(-2,q1))*
 pol(e_plus(-4,q2))*
 prop(e_minus(1,q1))*
 prop(photon(3,k1+q1))*
 prop(e_minus(5,-k1))*
 vrtx(e_plus(2,-q1),e_minus(-4,-q2),photon(-1,p1))*
 vrtx(e_plus(-2,-q1),e_minus(5,-k1),photon(3,k1+q1))*
 vrtx(e_plus(6,k1),e_minus(1,q1),photon(4,-k1-q1));
 
 a(3):= (-1)*
 pol(photon(-1,p1))*
 pol(e_minus(-2,q1))*
 pol(e_plus(-4,q2))*
 prop(photon(1,p1))*
 prop(e_minus(3,k1-p1))*
 prop(e_minus(5,k1))*
 vrtx(e_plus(-2,-q1),e_minus(-4,-q2),photon(1,p1))*
 vrtx(e_plus(6,-k1),e_minus(3,k1-p1),photon(-1,p1))*
 vrtx(e_plus(4,-k1+p1),e_minus(5,k1),photon(2,-p1));
 
 a(4):= (-1)*
 pol(photon(-1,p1))*
 pol(e_minus(-2,q1))*
 pol(e_plus(-4,q2))*
 prop(e_minus(1,-q2))*
 prop(photon(3,0))*
 prop(e_minus(5,k1))*
 vrtx(e_plus(-2,-q1),e_minus(1,-q2),photon(-1,p1))*
 vrtx(e_plus(2,q2),e_minus(-4,-q2),photon(3,0))*
 vrtx(e_plus(6,-k1),e_minus(5,k1),photon(4,0));
 
 a(5):= (-1)*
 pol(photon(-1,p1))*
 pol(e_minus(-2,q1))*
 pol(e_plus(-4,q2))*
 prop(e_minus(1,q1))*
 prop(photon(3,0))*
 prop(e_minus(5,k1))*
 vrtx(e_plus(2,-q1),e_minus(-4,-q2),photon(-1,p1))*
 vrtx(e_plus(-2,-q1),e_minus(1,q1),photon(3,0))*
 vrtx(e_plus(6,-k1),e_minus(5,k1),photon(4,0));
 
 a(6):= (+1)*
 pol(photon(-1,p1))*
 pol(e_minus(-2,q1))*
 pol(e_plus(-4,q2))*
 prop(e_minus(1,k1))*
 prop(e_minus(3,k1-p1))*
 prop(photon(5,-k1+q1))*
 vrtx(e_plus(2,-k1),e_minus(3,k1-p1),photon(-1,p1))*
 vrtx(e_plus(-2,-q1),e_minus(1,k1),photon(5,-k1+q1))*
 vrtx(e_plus(4,-k1+p1),e_minus(-4,-q2),photon(6,k1-q1));

% end

