%
% generated by qgraf-4.0.6
%
%  config = delete, flush ;
%  output_dir = 'golden_masters/qed1/' ;
%  style_dir = 'styles/' ;
%  model_dir = 'models/' ;
%  style = 'array.sty' ;
%  output = 'photon_photon_TO_photon_photon_1L.out' ;
%  model = qed1 // 'qedx' ;
%  in = photon[p1], photon[p2] ;
%  out = photon[q1], photon[q2] ;
%  loops = 1 ;
%  loop_momentum = k ;
%  options =  ;
%
 
 a(1):= (-1)*
 pol(photon(-1,p1))*
 pol(photon(-3,p2))*
 pol(photon(-2,q1))*
 pol(photon(-4,q2))*
 prop(e_minus(1,-k1))*
 prop(e_minus(3,-k1+p1))*
 prop(e_minus(5,-k1-p2))*
 prop(e_minus(7,-k1+p1-q1))*
 vrtx(e_plus(4,k1-p1),e_minus(1,-k1),photon(-1,p1))*
 vrtx(e_plus(2,k1),e_minus(5,-k1-p2),photon(-3,p2))*
 vrtx(e_plus(8,k1-p1+q1),e_minus(3,-k1+p1),photon(-2,-q1))*
 vrtx(e_plus(6,k1+p2),e_minus(7,-k1+p1-q1),photon(-4,-q2));
 
 a(2):= (-1)*
 pol(photon(-1,p1))*
 pol(photon(-3,p2))*
 pol(photon(-2,q1))*
 pol(photon(-4,q2))*
 prop(e_minus(1,k1))*
 prop(e_minus(3,k1-p1))*
 prop(e_minus(5,k1+p2))*
 prop(e_minus(7,k1-p1+q1))*
 vrtx(e_plus(2,-k1),e_minus(3,k1-p1),photon(-1,p1))*
 vrtx(e_plus(6,-k1-p2),e_minus(1,k1),photon(-3,p2))*
 vrtx(e_plus(4,-k1+p1),e_minus(7,k1-p1+q1),photon(-2,-q1))*
 vrtx(e_plus(8,-k1+p1-q1),e_minus(5,k1+p2),photon(-4,-q2));
 
 a(3):= (-1)*
 pol(photon(-1,p1))*
 pol(photon(-3,p2))*
 pol(photon(-2,q1))*
 pol(photon(-4,q2))*
 prop(e_minus(1,-k1))*
 prop(e_minus(3,-k1+p1))*
 prop(e_minus(5,-k1-p2))*
 prop(e_minus(7,-k1+p1-q2))*
 vrtx(e_plus(4,k1-p1),e_minus(1,-k1),photon(-1,p1))*
 vrtx(e_plus(2,k1),e_minus(5,-k1-p2),photon(-3,p2))*
 vrtx(e_plus(8,k1-p1+q2),e_minus(3,-k1+p1),photon(-4,-q2))*
 vrtx(e_plus(6,k1+p2),e_minus(7,-k1+p1-q2),photon(-2,-q1));
 
 a(4):= (-1)*
 pol(photon(-1,p1))*
 pol(photon(-3,p2))*
 pol(photon(-2,q1))*
 pol(photon(-4,q2))*
 prop(e_minus(1,k1))*
 prop(e_minus(3,k1-p1))*
 prop(e_minus(5,k1+p2))*
 prop(e_minus(7,k1-p1+q2))*
 vrtx(e_plus(2,-k1),e_minus(3,k1-p1),photon(-1,p1))*
 vrtx(e_plus(6,-k1-p2),e_minus(1,k1),photon(-3,p2))*
 vrtx(e_plus(4,-k1+p1),e_minus(7,k1-p1+q2),photon(-4,-q2))*
 vrtx(e_plus(8,-k1+p1-q2),e_minus(5,k1+p2),photon(-2,-q1));
 
 a(5):= (-1)*
 pol(photon(-1,p1))*
 pol(photon(-3,p2))*
 pol(photon(-2,q1))*
 pol(photon(-4,q2))*
 prop(e_minus(1,-k1))*
 prop(e_minus(3,-k1+p1))*
 prop(e_minus(5,-k1+q1))*
 prop(e_minus(7,-k1+p1-q2))*
 vrtx(e_plus(4,k1-p1),e_minus(1,-k1),photon(-1,p1))*
 vrtx(e_plus(2,k1),e_minus(5,-k1+q1),photon(-2,-q1))*
 vrtx(e_plus(8,k1-p1+q2),e_minus(3,-k1+p1),photon(-4,-q2))*
 vrtx(e_plus(6,k1-q1),e_minus(7,-k1+p1-q2),photon(-3,p2));
 
 a(6):= (-1)*
 pol(photon(-1,p1))*
 pol(photon(-3,p2))*
 pol(photon(-2,q1))*
 pol(photon(-4,q2))*
 prop(e_minus(1,k1))*
 prop(e_minus(3,k1-p1))*
 prop(e_minus(5,k1-q1))*
 prop(e_minus(7,k1-p1+q2))*
 vrtx(e_plus(2,-k1),e_minus(3,k1-p1),photon(-1,p1))*
 vrtx(e_plus(6,-k1+q1),e_minus(1,k1),photon(-2,-q1))*
 vrtx(e_plus(4,-k1+p1),e_minus(7,k1-p1+q2),photon(-4,-q2))*
 vrtx(e_plus(8,-k1+p1-q2),e_minus(5,k1-q1),photon(-3,p2));

% end

