%
% generated by qgraf-4.0.6
%
%  config = delete, flush ;
%  output_dir = 'golden_masters/qed3/' ;
%  style_dir = 'styles/' ;
%  model_dir = 'models/' ;
%  style = 'array.sty' ;
%  output = 'eminus_eplus_TO_tauminus_tauplus_0L.out' ;
%  model = qed3 // 'qedx' ;
%  in = e_minus[p1], e_plus[p2] ;
%  out = tau_minus[q1], tau_plus[q2] ;
%  loops = 0 ;
%  loop_momentum = k ;
%  options =  ;
%
 
 a(1):= (+1)*
 pol(e_minus(-1,p1))*
 pol(e_plus(-3,p2))*
 pol(tau_minus(-2,q1))*
 pol(tau_plus(-4,q2))*
 prop(photon(1,-p1-p2))*
 vrtx(e_plus(-3,p2),e_minus(-1,p1),photon(1,-p1-p2))*
 vrtx(tau_plus(-2,-q1),tau_minus(-4,-q2),photon(2,p1+p2));

% end

