%
% generated by qgraf-4.0.6
%
%  config = delete, flush ;
%  output_dir = 'golden_masters/qed3/' ;
%  style_dir = 'styles/' ;
%  model_dir = 'models/' ;
%  style = 'array.sty' ;
%  output = 'photon_TO_photon_2L_onepi.out' ;
%  model = qed3 // 'qedx' ;
%  in = photon[p1] ;
%  out = photon[q1] ;
%  loops = 2 ;
%  loop_momentum = k ;
%  options = onepi ;
%
 
 a(1):= (-1)*
 pol(photon(-1,p1))*
 pol(photon(-2,q1))*
 prop(e_minus(1,-k1))*
 prop(e_minus(3,-k1+p1))*
 prop(e_minus(5,k2))*
 prop(e_minus(7,k2+q1))*
 prop(photon(9,-k1-k2))*
 vrtx(e_plus(4,k1-p1),e_minus(1,-k1),photon(-1,p1))*
 vrtx(e_plus(6,-k2),e_minus(7,k2+q1),photon(-2,-q1))*
 vrtx(e_plus(2,k1),e_minus(5,k2),photon(9,-k1-k2))*
 vrtx(e_plus(8,-k2-q1),e_minus(3,-k1+p1),photon(10,k1+k2));
 
 a(2):= (-1)*
 pol(photon(-1,p1))*
 pol(photon(-2,q1))*
 prop(mu_minus(1,-k1))*
 prop(mu_minus(3,-k1+p1))*
 prop(mu_minus(5,k2))*
 prop(mu_minus(7,k2+q1))*
 prop(photon(9,-k1-k2))*
 vrtx(mu_plus(4,k1-p1),mu_minus(1,-k1),photon(-1,p1))*
 vrtx(mu_plus(6,-k2),mu_minus(7,k2+q1),photon(-2,-q1))*
 vrtx(mu_plus(2,k1),mu_minus(5,k2),photon(9,-k1-k2))*
 vrtx(mu_plus(8,-k2-q1),mu_minus(3,-k1+p1),photon(10,k1+k2));
 
 a(3):= (-1)*
 pol(photon(-1,p1))*
 pol(photon(-2,q1))*
 prop(tau_minus(1,-k1))*
 prop(tau_minus(3,-k1+p1))*
 prop(tau_minus(5,k2))*
 prop(tau_minus(7,k2+q1))*
 prop(photon(9,-k1-k2))*
 vrtx(tau_plus(4,k1-p1),tau_minus(1,-k1),photon(-1,p1))*
 vrtx(tau_plus(6,-k2),tau_minus(7,k2+q1),photon(-2,-q1))*
 vrtx(tau_plus(2,k1),tau_minus(5,k2),photon(9,-k1-k2))*
 vrtx(tau_plus(8,-k2-q1),tau_minus(3,-k1+p1),photon(10,k1+k2));
 
 a(4):= (-1)*
 pol(photon(-1,p1))*
 pol(photon(-2,q1))*
 prop(e_minus(1,-k1))*
 prop(e_minus(3,-k1+p1))*
 prop(e_minus(5,-k1+q1))*
 prop(photon(7,k1+k2-p1))*
 prop(e_minus(9,k2))*
 vrtx(e_plus(4,k1-p1),e_minus(1,-k1),photon(-1,p1))*
 vrtx(e_plus(2,k1),e_minus(5,-k1+q1),photon(-2,-q1))*
 vrtx(e_plus(10,-k2),e_minus(3,-k1+p1),photon(7,k1+k2-p1))*
 vrtx(e_plus(6,k1-q1),e_minus(9,k2),photon(8,-k1-k2+p1));
 
 a(5):= (-1)*
 pol(photon(-1,p1))*
 pol(photon(-2,q1))*
 prop(e_minus(1,k1))*
 prop(e_minus(3,k1-p1))*
 prop(e_minus(5,k1-q1))*
 prop(photon(7,k1+k2-p1))*
 prop(e_minus(9,-k2))*
 vrtx(e_plus(2,-k1),e_minus(3,k1-p1),photon(-1,p1))*
 vrtx(e_plus(6,-k1+q1),e_minus(1,k1),photon(-2,-q1))*
 vrtx(e_plus(4,-k1+p1),e_minus(9,-k2),photon(7,k1+k2-p1))*
 vrtx(e_plus(10,k2),e_minus(5,k1-q1),photon(8,-k1-k2+p1));
 
 a(6):= (-1)*
 pol(photon(-1,p1))*
 pol(photon(-2,q1))*
 prop(mu_minus(1,-k1))*
 prop(mu_minus(3,-k1+p1))*
 prop(mu_minus(5,-k1+q1))*
 prop(photon(7,k1+k2-p1))*
 prop(mu_minus(9,k2))*
 vrtx(mu_plus(4,k1-p1),mu_minus(1,-k1),photon(-1,p1))*
 vrtx(mu_plus(2,k1),mu_minus(5,-k1+q1),photon(-2,-q1))*
 vrtx(mu_plus(10,-k2),mu_minus(3,-k1+p1),photon(7,k1+k2-p1))*
 vrtx(mu_plus(6,k1-q1),mu_minus(9,k2),photon(8,-k1-k2+p1));
 
 a(7):= (-1)*
 pol(photon(-1,p1))*
 pol(photon(-2,q1))*
 prop(mu_minus(1,k1))*
 prop(mu_minus(3,k1-p1))*
 prop(mu_minus(5,k1-q1))*
 prop(photon(7,k1+k2-p1))*
 prop(mu_minus(9,-k2))*
 vrtx(mu_plus(2,-k1),mu_minus(3,k1-p1),photon(-1,p1))*
 vrtx(mu_plus(6,-k1+q1),mu_minus(1,k1),photon(-2,-q1))*
 vrtx(mu_plus(4,-k1+p1),mu_minus(9,-k2),photon(7,k1+k2-p1))*
 vrtx(mu_plus(10,k2),mu_minus(5,k1-q1),photon(8,-k1-k2+p1));
 
 a(8):= (-1)*
 pol(photon(-1,p1))*
 pol(photon(-2,q1))*
 prop(tau_minus(1,-k1))*
 prop(tau_minus(3,-k1+p1))*
 prop(tau_minus(5,-k1+q1))*
 prop(photon(7,k1+k2-p1))*
 prop(tau_minus(9,k2))*
 vrtx(tau_plus(4,k1-p1),tau_minus(1,-k1),photon(-1,p1))*
 vrtx(tau_plus(2,k1),tau_minus(5,-k1+q1),photon(-2,-q1))*
 vrtx(tau_plus(10,-k2),tau_minus(3,-k1+p1),photon(7,k1+k2-p1))*
 vrtx(tau_plus(6,k1-q1),tau_minus(9,k2),photon(8,-k1-k2+p1));
 
 a(9):= (-1)*
 pol(photon(-1,p1))*
 pol(photon(-2,q1))*
 prop(tau_minus(1,k1))*
 prop(tau_minus(3,k1-p1))*
 prop(tau_minus(5,k1-q1))*
 prop(photon(7,k1+k2-p1))*
 prop(tau_minus(9,-k2))*
 vrtx(tau_plus(2,-k1),tau_minus(3,k1-p1),photon(-1,p1))*
 vrtx(tau_plus(6,-k1+q1),tau_minus(1,k1),photon(-2,-q1))*
 vrtx(tau_plus(4,-k1+p1),tau_minus(9,-k2),photon(7,k1+k2-p1))*
 vrtx(tau_plus(10,k2),tau_minus(5,k1-q1),photon(8,-k1-k2+p1));

% end

