%
% generated by qgraf-4.0.6
%
%  config = delete, flush ;
%  output_dir = 'golden_masters/qed3/' ;
%  style_dir = 'styles/' ;
%  model_dir = 'models/' ;
%  style = 'array.sty' ;
%  output = 'photon_TO_photon_1L_onepi.out' ;
%  model = qed3 // 'qedx' ;
%  in = photon[p1] ;
%  out = photon[q1] ;
%  loops = 1 ;
%  loop_momentum = k ;
%  options = onepi ;
%
 
 a(1):= (-1)*
 pol(photon(-1,p1))*
 pol(photon(-2,q1))*
 prop(e_minus(1,k1-p1))*
 prop(e_minus(3,k1))*
 vrtx(e_plus(4,-k1),e_minus(1,k1-p1),photon(-1,p1))*
 vrtx(e_plus(2,-k1+p1),e_minus(3,k1),photon(-2,-q1));
 
 a(2):= (-1)*
 pol(photon(-1,p1))*
 pol(photon(-2,q1))*
 prop(mu_minus(1,k1-p1))*
 prop(mu_minus(3,k1))*
 vrtx(mu_plus(4,-k1),mu_minus(1,k1-p1),photon(-1,p1))*
 vrtx(mu_plus(2,-k1+p1),mu_minus(3,k1),photon(-2,-q1));
 
 a(3):= (-1)*
 pol(photon(-1,p1))*
 pol(photon(-2,q1))*
 prop(tau_minus(1,k1-p1))*
 prop(tau_minus(3,k1))*
 vrtx(tau_plus(4,-k1),tau_minus(1,k1-p1),photon(-1,p1))*
 vrtx(tau_plus(2,-k1+p1),tau_minus(3,k1),photon(-2,-q1));

% end

