%
% generated by qgraf-4.0.6
%
%  config = delete, flush ;
%  output_dir = 'golden_masters/qcd/' ;
%  style_dir = 'styles/' ;
%  model_dir = 'models/' ;
%  style = 'array.sty' ;
%  output = 'ghost_TO_ghost_1L_onepi.out' ;
%  model = 'qcd' ;
%  in = ghost[p1] ;
%  out = ghost[q1] ;
%  loops = 1 ;
%  loop_momentum = k ;
%  options = onepi ;
%
 
 a(1):= (+1)*
 pol(ghost(-1,p1))*
 pol(ghost(-2,q1))*
 prop(gluon(1,k1-p1))*
 prop(ghost(3,k1))*
 vrtx(antighost(4,-k1),ghost(-1,p1),gluon(1,k1-p1))*
 vrtx(antighost(-2,-q1),ghost(3,k1),gluon(2,-k1+p1));

% end

