%
% generated by qgraf-4.0.6
%
%  config = delete, flush ;
%  output_dir = 'golden_masters/qcd/' ;
%  style_dir = 'styles/' ;
%  model_dir = 'models/' ;
%  style = 'array.sty' ;
%  output = 'gluon_gluon_TO_gluon_gluon_0L.out' ;
%  model = 'qcd' ;
%  in = gluon[p1], gluon[p2] ;
%  out = gluon[q1], gluon[q2] ;
%  loops = 0 ;
%  loop_momentum = k ;
%  options =  ;
%
 
 a(1):= (+1)*
 pol(gluon(-1,p1))*
 pol(gluon(-3,p2))*
 pol(gluon(-2,q1))*
 pol(gluon(-4,q2))*
 vrtx(gluon(-1,p1),gluon(-3,p2),gluon(-2,-q1),gluon(-4,-q2));
 
 a(2):= (+1)*
 pol(gluon(-1,p1))*
 pol(gluon(-3,p2))*
 pol(gluon(-2,q1))*
 pol(gluon(-4,q2))*
 prop(gluon(1,-p1-p2))*
 vrtx(gluon(-1,p1),gluon(-3,p2),gluon(1,-p1-p2))*
 vrtx(gluon(-2,-q1),gluon(-4,-q2),gluon(2,p1+p2));
 
 a(3):= (+1)*
 pol(gluon(-1,p1))*
 pol(gluon(-3,p2))*
 pol(gluon(-2,q1))*
 pol(gluon(-4,q2))*
 prop(gluon(1,-p1+q1))*
 vrtx(gluon(-1,p1),gluon(-2,-q1),gluon(1,-p1+q1))*
 vrtx(gluon(-3,p2),gluon(-4,-q2),gluon(2,p1-q1));
 
 a(4):= (+1)*
 pol(gluon(-1,p1))*
 pol(gluon(-3,p2))*
 pol(gluon(-2,q1))*
 pol(gluon(-4,q2))*
 prop(gluon(1,-p1+q2))*
 vrtx(gluon(-1,p1),gluon(-4,-q2),gluon(1,-p1+q2))*
 vrtx(gluon(-3,p2),gluon(-2,-q1),gluon(2,p1-q2));

% end

