%
% generated by qgraf-4.0.6
%
%  config = delete, flush ;
%  output_dir = 'golden_masters/qcd/' ;
%  style_dir = 'styles/' ;
%  model_dir = 'models/' ;
%  style = 'array.sty' ;
%  output = 'gluon_TO_gluon_1L_onepi.out' ;
%  model = 'qcd' ;
%  in = gluon[p1] ;
%  out = gluon[q1] ;
%  loops = 1 ;
%  loop_momentum = k ;
%  options = onepi ;
%
 
 a(1):= (+1/2)*
 pol(gluon(-1,p1))*
 pol(gluon(-2,q1))*
 prop(gluon(1,k1))*
 vrtx(gluon(-1,p1),gluon(-2,-q1),gluon(1,k1),gluon(2,-k1));
 
 a(2):= (-1)*
 pol(gluon(-1,p1))*
 pol(gluon(-2,q1))*
 prop(quark(1,k1-p1))*
 prop(quark(3,k1))*
 vrtx(antiquark(4,-k1),quark(1,k1-p1),gluon(-1,p1))*
 vrtx(antiquark(2,-k1+p1),quark(3,k1),gluon(-2,-q1));
 
 a(3):= (+1/2)*
 pol(gluon(-1,p1))*
 pol(gluon(-2,q1))*
 prop(gluon(1,k1-p1))*
 prop(gluon(3,-k1))*
 vrtx(gluon(-1,p1),gluon(1,k1-p1),gluon(3,-k1))*
 vrtx(gluon(-2,-q1),gluon(2,-k1+p1),gluon(4,k1));
 
 a(4):= (-1)*
 pol(gluon(-1,p1))*
 pol(gluon(-2,q1))*
 prop(ghost(1,k1-p1))*
 prop(ghost(3,k1))*
 vrtx(antighost(4,-k1),ghost(1,k1-p1),gluon(-1,p1))*
 vrtx(antighost(2,-k1+p1),ghost(3,k1),gluon(-2,-q1));

% end

