%
% generated by qgraf-4.0.6
%
%  config = delete, flush ;
%  output_dir = 'golden_masters/qcd/' ;
%  style_dir = 'styles/' ;
%  model_dir = 'models/' ;
%  style = 'array.sty' ;
%  output = 'gluon_gluon_TO_gluon_gluon_gluon_0L.out' ;
%  model = 'qcd' ;
%  in = gluon[p1], gluon[p2] ;
%  out = gluon[q1], gluon[q2], gluon[q3] ;
%  loops = 0 ;
%  loop_momentum = k ;
%  options =  ;
%
 
 a(1):= (+1)*
 pol(gluon(-1,p1))*
 pol(gluon(-3,p2))*
 pol(gluon(-2,q1))*
 pol(gluon(-4,q2))*
 pol(gluon(-6,q3))*
 prop(gluon(1,-p1-p2))*
 vrtx(gluon(-1,p1),gluon(-3,p2),gluon(1,-p1-p2))*
 vrtx(gluon(-2,-q1),gluon(-4,-q2),gluon(-6,-q3),gluon(2,p1+p2));
 
 a(2):= (+1)*
 pol(gluon(-1,p1))*
 pol(gluon(-3,p2))*
 pol(gluon(-2,q1))*
 pol(gluon(-4,q2))*
 pol(gluon(-6,q3))*
 prop(gluon(1,-p1+q1))*
 vrtx(gluon(-1,p1),gluon(-2,-q1),gluon(1,-p1+q1))*
 vrtx(gluon(-3,p2),gluon(-4,-q2),gluon(-6,-q3),gluon(2,p1-q1));
 
 a(3):= (+1)*
 pol(gluon(-1,p1))*
 pol(gluon(-3,p2))*
 pol(gluon(-2,q1))*
 pol(gluon(-4,q2))*
 pol(gluon(-6,q3))*
 prop(gluon(1,-p1+q2))*
 vrtx(gluon(-1,p1),gluon(-4,-q2),gluon(1,-p1+q2))*
 vrtx(gluon(-3,p2),gluon(-2,-q1),gluon(-6,-q3),gluon(2,p1-q2));
 
 a(4):= (+1)*
 pol(gluon(-1,p1))*
 pol(gluon(-3,p2))*
 pol(gluon(-2,q1))*
 pol(gluon(-4,q2))*
 pol(gluon(-6,q3))*
 prop(gluon(1,-p1+q3))*
 vrtx(gluon(-1,p1),gluon(-6,-q3),gluon(1,-p1+q3))*
 vrtx(gluon(-3,p2),gluon(-2,-q1),gluon(-4,-q2),gluon(2,p1-q3));
 
 a(5):= (+1)*
 pol(gluon(-1,p1))*
 pol(gluon(-3,p2))*
 pol(gluon(-2,q1))*
 pol(gluon(-4,q2))*
 pol(gluon(-6,q3))*
 prop(gluon(1,-p2+q1))*
 vrtx(gluon(-3,p2),gluon(-2,-q1),gluon(1,-p2+q1))*
 vrtx(gluon(-1,p1),gluon(-4,-q2),gluon(-6,-q3),gluon(2,p2-q1));
 
 a(6):= (+1)*
 pol(gluon(-1,p1))*
 pol(gluon(-3,p2))*
 pol(gluon(-2,q1))*
 pol(gluon(-4,q2))*
 pol(gluon(-6,q3))*
 prop(gluon(1,-p2+q2))*
 vrtx(gluon(-3,p2),gluon(-4,-q2),gluon(1,-p2+q2))*
 vrtx(gluon(-1,p1),gluon(-2,-q1),gluon(-6,-q3),gluon(2,p2-q2));
 
 a(7):= (+1)*
 pol(gluon(-1,p1))*
 pol(gluon(-3,p2))*
 pol(gluon(-2,q1))*
 pol(gluon(-4,q2))*
 pol(gluon(-6,q3))*
 prop(gluon(1,-p2+q3))*
 vrtx(gluon(-3,p2),gluon(-6,-q3),gluon(1,-p2+q3))*
 vrtx(gluon(-1,p1),gluon(-2,-q1),gluon(-4,-q2),gluon(2,p2-q3));
 
 a(8):= (+1)*
 pol(gluon(-1,p1))*
 pol(gluon(-3,p2))*
 pol(gluon(-2,q1))*
 pol(gluon(-4,q2))*
 pol(gluon(-6,q3))*
 prop(gluon(1,q1+q2))*
 vrtx(gluon(-2,-q1),gluon(-4,-q2),gluon(1,q1+q2))*
 vrtx(gluon(-1,p1),gluon(-3,p2),gluon(-6,-q3),gluon(2,-q1-q2));
 
 a(9):= (+1)*
 pol(gluon(-1,p1))*
 pol(gluon(-3,p2))*
 pol(gluon(-2,q1))*
 pol(gluon(-4,q2))*
 pol(gluon(-6,q3))*
 prop(gluon(1,q1+q3))*
 vrtx(gluon(-2,-q1),gluon(-6,-q3),gluon(1,q1+q3))*
 vrtx(gluon(-1,p1),gluon(-3,p2),gluon(-4,-q2),gluon(2,-q1-q3));
 
 a(10):= (+1)*
 pol(gluon(-1,p1))*
 pol(gluon(-3,p2))*
 pol(gluon(-2,q1))*
 pol(gluon(-4,q2))*
 pol(gluon(-6,q3))*
 prop(gluon(1,q2+q3))*
 vrtx(gluon(-4,-q2),gluon(-6,-q3),gluon(1,q2+q3))*
 vrtx(gluon(-1,p1),gluon(-3,p2),gluon(-2,-q1),gluon(2,-q2-q3));
 
 a(11):= (+1)*
 pol(gluon(-1,p1))*
 pol(gluon(-3,p2))*
 pol(gluon(-2,q1))*
 pol(gluon(-4,q2))*
 pol(gluon(-6,q3))*
 prop(gluon(1,-p1-p2))*
 prop(gluon(3,q1+q2))*
 vrtx(gluon(-1,p1),gluon(-3,p2),gluon(1,-p1-p2))*
 vrtx(gluon(-2,-q1),gluon(-4,-q2),gluon(3,q1+q2))*
 vrtx(gluon(-6,-q3),gluon(2,p1+p2),gluon(4,-q1-q2));
 
 a(12):= (+1)*
 pol(gluon(-1,p1))*
 pol(gluon(-3,p2))*
 pol(gluon(-2,q1))*
 pol(gluon(-4,q2))*
 pol(gluon(-6,q3))*
 prop(gluon(1,-p1-p2))*
 prop(gluon(3,q1+q3))*
 vrtx(gluon(-1,p1),gluon(-3,p2),gluon(1,-p1-p2))*
 vrtx(gluon(-2,-q1),gluon(-6,-q3),gluon(3,q1+q3))*
 vrtx(gluon(-4,-q2),gluon(2,p1+p2),gluon(4,-q1-q3));
 
 a(13):= (+1)*
 pol(gluon(-1,p1))*
 pol(gluon(-3,p2))*
 pol(gluon(-2,q1))*
 pol(gluon(-4,q2))*
 pol(gluon(-6,q3))*
 prop(gluon(1,-p1-p2))*
 prop(gluon(3,q2+q3))*
 vrtx(gluon(-1,p1),gluon(-3,p2),gluon(1,-p1-p2))*
 vrtx(gluon(-4,-q2),gluon(-6,-q3),gluon(3,q2+q3))*
 vrtx(gluon(-2,-q1),gluon(2,p1+p2),gluon(4,-q2-q3));
 
 a(14):= (+1)*
 pol(gluon(-1,p1))*
 pol(gluon(-3,p2))*
 pol(gluon(-2,q1))*
 pol(gluon(-4,q2))*
 pol(gluon(-6,q3))*
 prop(gluon(1,-p1+q1))*
 prop(gluon(3,-p2+q2))*
 vrtx(gluon(-1,p1),gluon(-2,-q1),gluon(1,-p1+q1))*
 vrtx(gluon(-3,p2),gluon(-4,-q2),gluon(3,-p2+q2))*
 vrtx(gluon(-6,-q3),gluon(2,p1-q1),gluon(4,p2-q2));
 
 a(15):= (+1)*
 pol(gluon(-1,p1))*
 pol(gluon(-3,p2))*
 pol(gluon(-2,q1))*
 pol(gluon(-4,q2))*
 pol(gluon(-6,q3))*
 prop(gluon(1,-p1+q1))*
 prop(gluon(3,-p2+q3))*
 vrtx(gluon(-1,p1),gluon(-2,-q1),gluon(1,-p1+q1))*
 vrtx(gluon(-3,p2),gluon(-6,-q3),gluon(3,-p2+q3))*
 vrtx(gluon(-4,-q2),gluon(2,p1-q1),gluon(4,p2-q3));
 
 a(16):= (+1)*
 pol(gluon(-1,p1))*
 pol(gluon(-3,p2))*
 pol(gluon(-2,q1))*
 pol(gluon(-4,q2))*
 pol(gluon(-6,q3))*
 prop(gluon(1,-p1+q1))*
 prop(gluon(3,q2+q3))*
 vrtx(gluon(-1,p1),gluon(-2,-q1),gluon(1,-p1+q1))*
 vrtx(gluon(-4,-q2),gluon(-6,-q3),gluon(3,q2+q3))*
 vrtx(gluon(-3,p2),gluon(2,p1-q1),gluon(4,-q2-q3));
 
 a(17):= (+1)*
 pol(gluon(-1,p1))*
 pol(gluon(-3,p2))*
 pol(gluon(-2,q1))*
 pol(gluon(-4,q2))*
 pol(gluon(-6,q3))*
 prop(gluon(1,-p1+q2))*
 prop(gluon(3,-p2+q1))*
 vrtx(gluon(-1,p1),gluon(-4,-q2),gluon(1,-p1+q2))*
 vrtx(gluon(-3,p2),gluon(-2,-q1),gluon(3,-p2+q1))*
 vrtx(gluon(-6,-q3),gluon(2,p1-q2),gluon(4,p2-q1));
 
 a(18):= (+1)*
 pol(gluon(-1,p1))*
 pol(gluon(-3,p2))*
 pol(gluon(-2,q1))*
 pol(gluon(-4,q2))*
 pol(gluon(-6,q3))*
 prop(gluon(1,-p1+q2))*
 prop(gluon(3,-p2+q3))*
 vrtx(gluon(-1,p1),gluon(-4,-q2),gluon(1,-p1+q2))*
 vrtx(gluon(-3,p2),gluon(-6,-q3),gluon(3,-p2+q3))*
 vrtx(gluon(-2,-q1),gluon(2,p1-q2),gluon(4,p2-q3));
 
 a(19):= (+1)*
 pol(gluon(-1,p1))*
 pol(gluon(-3,p2))*
 pol(gluon(-2,q1))*
 pol(gluon(-4,q2))*
 pol(gluon(-6,q3))*
 prop(gluon(1,-p1+q2))*
 prop(gluon(3,q1+q3))*
 vrtx(gluon(-1,p1),gluon(-4,-q2),gluon(1,-p1+q2))*
 vrtx(gluon(-2,-q1),gluon(-6,-q3),gluon(3,q1+q3))*
 vrtx(gluon(-3,p2),gluon(2,p1-q2),gluon(4,-q1-q3));
 
 a(20):= (+1)*
 pol(gluon(-1,p1))*
 pol(gluon(-3,p2))*
 pol(gluon(-2,q1))*
 pol(gluon(-4,q2))*
 pol(gluon(-6,q3))*
 prop(gluon(1,-p1+q3))*
 prop(gluon(3,-p2+q1))*
 vrtx(gluon(-1,p1),gluon(-6,-q3),gluon(1,-p1+q3))*
 vrtx(gluon(-3,p2),gluon(-2,-q1),gluon(3,-p2+q1))*
 vrtx(gluon(-4,-q2),gluon(2,p1-q3),gluon(4,p2-q1));
 
 a(21):= (+1)*
 pol(gluon(-1,p1))*
 pol(gluon(-3,p2))*
 pol(gluon(-2,q1))*
 pol(gluon(-4,q2))*
 pol(gluon(-6,q3))*
 prop(gluon(1,-p1+q3))*
 prop(gluon(3,-p2+q2))*
 vrtx(gluon(-1,p1),gluon(-6,-q3),gluon(1,-p1+q3))*
 vrtx(gluon(-3,p2),gluon(-4,-q2),gluon(3,-p2+q2))*
 vrtx(gluon(-2,-q1),gluon(2,p1-q3),gluon(4,p2-q2));
 
 a(22):= (+1)*
 pol(gluon(-1,p1))*
 pol(gluon(-3,p2))*
 pol(gluon(-2,q1))*
 pol(gluon(-4,q2))*
 pol(gluon(-6,q3))*
 prop(gluon(1,-p1+q3))*
 prop(gluon(3,q1+q2))*
 vrtx(gluon(-1,p1),gluon(-6,-q3),gluon(1,-p1+q3))*
 vrtx(gluon(-2,-q1),gluon(-4,-q2),gluon(3,q1+q2))*
 vrtx(gluon(-3,p2),gluon(2,p1-q3),gluon(4,-q1-q2));
 
 a(23):= (+1)*
 pol(gluon(-1,p1))*
 pol(gluon(-3,p2))*
 pol(gluon(-2,q1))*
 pol(gluon(-4,q2))*
 pol(gluon(-6,q3))*
 prop(gluon(1,-p2+q1))*
 prop(gluon(3,q2+q3))*
 vrtx(gluon(-3,p2),gluon(-2,-q1),gluon(1,-p2+q1))*
 vrtx(gluon(-4,-q2),gluon(-6,-q3),gluon(3,q2+q3))*
 vrtx(gluon(-1,p1),gluon(2,p2-q1),gluon(4,-q2-q3));
 
 a(24):= (+1)*
 pol(gluon(-1,p1))*
 pol(gluon(-3,p2))*
 pol(gluon(-2,q1))*
 pol(gluon(-4,q2))*
 pol(gluon(-6,q3))*
 prop(gluon(1,-p2+q2))*
 prop(gluon(3,q1+q3))*
 vrtx(gluon(-3,p2),gluon(-4,-q2),gluon(1,-p2+q2))*
 vrtx(gluon(-2,-q1),gluon(-6,-q3),gluon(3,q1+q3))*
 vrtx(gluon(-1,p1),gluon(2,p2-q2),gluon(4,-q1-q3));
 
 a(25):= (+1)*
 pol(gluon(-1,p1))*
 pol(gluon(-3,p2))*
 pol(gluon(-2,q1))*
 pol(gluon(-4,q2))*
 pol(gluon(-6,q3))*
 prop(gluon(1,-p2+q3))*
 prop(gluon(3,q1+q2))*
 vrtx(gluon(-3,p2),gluon(-6,-q3),gluon(1,-p2+q3))*
 vrtx(gluon(-2,-q1),gluon(-4,-q2),gluon(3,q1+q2))*
 vrtx(gluon(-1,p1),gluon(2,p2-q3),gluon(4,-q1-q2));

% end

