%
% generated by qgraf-4.0.6
%
%  config = delete, flush ;
%  output_dir = 'golden_masters/qcd/' ;
%  style_dir = 'styles/' ;
%  model_dir = 'models/' ;
%  style = 'array.sty' ;
%  output = 'gluon_gluon_TO_gluon_gluon_1L_onepi.out' ;
%  model = 'qcd' ;
%  in = gluon[p1], gluon[p2] ;
%  out = gluon[q1], gluon[q2] ;
%  loops = 1 ;
%  loop_momentum = k ;
%  options = onepi ;
%
 
 a(1):= (+1/2)*
 pol(gluon(-1,p1))*
 pol(gluon(-3,p2))*
 pol(gluon(-2,q1))*
 pol(gluon(-4,q2))*
 prop(gluon(1,k1-p1-p2))*
 prop(gluon(3,-k1))*
 vrtx(gluon(-1,p1),gluon(-3,p2),gluon(1,k1-p1-p2),gluon(3,-k1))*
 vrtx(gluon(-2,-q1),gluon(-4,-q2),gluon(2,-k1+p1+p2),gluon(4,k1));
 
 a(2):= (+1/2)*
 pol(gluon(-1,p1))*
 pol(gluon(-3,p2))*
 pol(gluon(-2,q1))*
 pol(gluon(-4,q2))*
 prop(gluon(1,k1-p1+q1))*
 prop(gluon(3,-k1))*
 vrtx(gluon(-1,p1),gluon(-2,-q1),gluon(1,k1-p1+q1),gluon(3,-k1))*
 vrtx(gluon(-3,p2),gluon(-4,-q2),gluon(2,-k1+p1-q1),gluon(4,k1));
 
 a(3):= (+1/2)*
 pol(gluon(-1,p1))*
 pol(gluon(-3,p2))*
 pol(gluon(-2,q1))*
 pol(gluon(-4,q2))*
 prop(gluon(1,k1-p1+q2))*
 prop(gluon(3,-k1))*
 vrtx(gluon(-1,p1),gluon(-4,-q2),gluon(1,k1-p1+q2),gluon(3,-k1))*
 vrtx(gluon(-3,p2),gluon(-2,-q1),gluon(2,-k1+p1-q2),gluon(4,k1));
 
 a(4):= (+1)*
 pol(gluon(-1,p1))*
 pol(gluon(-3,p2))*
 pol(gluon(-2,q1))*
 pol(gluon(-4,q2))*
 prop(gluon(1,-k1))*
 prop(gluon(3,k1-p1))*
 prop(gluon(5,-k1-p2))*
 vrtx(gluon(-1,p1),gluon(3,k1-p1),gluon(1,-k1))*
 vrtx(gluon(-3,p2),gluon(5,-k1-p2),gluon(2,k1))*
 vrtx(gluon(-2,-q1),gluon(-4,-q2),gluon(4,-k1+p1),gluon(6,k1+p2));
 
 a(5):= (+1)*
 pol(gluon(-1,p1))*
 pol(gluon(-3,p2))*
 pol(gluon(-2,q1))*
 pol(gluon(-4,q2))*
 prop(gluon(1,-k1))*
 prop(gluon(3,k1-p1))*
 prop(gluon(5,-k1+q1))*
 vrtx(gluon(-1,p1),gluon(3,k1-p1),gluon(1,-k1))*
 vrtx(gluon(-2,-q1),gluon(5,-k1+q1),gluon(2,k1))*
 vrtx(gluon(-3,p2),gluon(-4,-q2),gluon(4,-k1+p1),gluon(6,k1-q1));
 
 a(6):= (+1)*
 pol(gluon(-1,p1))*
 pol(gluon(-3,p2))*
 pol(gluon(-2,q1))*
 pol(gluon(-4,q2))*
 prop(gluon(1,-k1))*
 prop(gluon(3,k1-p1))*
 prop(gluon(5,-k1+q2))*
 vrtx(gluon(-1,p1),gluon(3,k1-p1),gluon(1,-k1))*
 vrtx(gluon(-4,-q2),gluon(5,-k1+q2),gluon(2,k1))*
 vrtx(gluon(-3,p2),gluon(-2,-q1),gluon(4,-k1+p1),gluon(6,k1-q2));
 
 a(7):= (+1)*
 pol(gluon(-1,p1))*
 pol(gluon(-3,p2))*
 pol(gluon(-2,q1))*
 pol(gluon(-4,q2))*
 prop(gluon(1,-k1))*
 prop(gluon(3,k1-p2))*
 prop(gluon(5,-k1+q1))*
 vrtx(gluon(-3,p2),gluon(3,k1-p2),gluon(1,-k1))*
 vrtx(gluon(-2,-q1),gluon(5,-k1+q1),gluon(2,k1))*
 vrtx(gluon(-1,p1),gluon(-4,-q2),gluon(4,-k1+p2),gluon(6,k1-q1));
 
 a(8):= (+1)*
 pol(gluon(-1,p1))*
 pol(gluon(-3,p2))*
 pol(gluon(-2,q1))*
 pol(gluon(-4,q2))*
 prop(gluon(1,-k1))*
 prop(gluon(3,k1-p2))*
 prop(gluon(5,-k1+q2))*
 vrtx(gluon(-3,p2),gluon(3,k1-p2),gluon(1,-k1))*
 vrtx(gluon(-4,-q2),gluon(5,-k1+q2),gluon(2,k1))*
 vrtx(gluon(-1,p1),gluon(-2,-q1),gluon(4,-k1+p2),gluon(6,k1-q2));
 
 a(9):= (+1)*
 pol(gluon(-1,p1))*
 pol(gluon(-3,p2))*
 pol(gluon(-2,q1))*
 pol(gluon(-4,q2))*
 prop(gluon(1,-k1))*
 prop(gluon(3,k1+q1))*
 prop(gluon(5,-k1+q2))*
 vrtx(gluon(-2,-q1),gluon(3,k1+q1),gluon(1,-k1))*
 vrtx(gluon(-4,-q2),gluon(5,-k1+q2),gluon(2,k1))*
 vrtx(gluon(-1,p1),gluon(-3,p2),gluon(4,-k1-q1),gluon(6,k1-q2));
 
 a(10):= (-1)*
 pol(gluon(-1,p1))*
 pol(gluon(-3,p2))*
 pol(gluon(-2,q1))*
 pol(gluon(-4,q2))*
 prop(quark(1,-k1))*
 prop(quark(3,-k1+p1))*
 prop(quark(5,-k1-p2))*
 prop(quark(7,-k1+p1-q1))*
 vrtx(antiquark(4,k1-p1),quark(1,-k1),gluon(-1,p1))*
 vrtx(antiquark(2,k1),quark(5,-k1-p2),gluon(-3,p2))*
 vrtx(antiquark(8,k1-p1+q1),quark(3,-k1+p1),gluon(-2,-q1))*
 vrtx(antiquark(6,k1+p2),quark(7,-k1+p1-q1),gluon(-4,-q2));
 
 a(11):= (-1)*
 pol(gluon(-1,p1))*
 pol(gluon(-3,p2))*
 pol(gluon(-2,q1))*
 pol(gluon(-4,q2))*
 prop(quark(1,k1))*
 prop(quark(3,k1-p1))*
 prop(quark(5,k1+p2))*
 prop(quark(7,k1-p1+q1))*
 vrtx(antiquark(2,-k1),quark(3,k1-p1),gluon(-1,p1))*
 vrtx(antiquark(6,-k1-p2),quark(1,k1),gluon(-3,p2))*
 vrtx(antiquark(4,-k1+p1),quark(7,k1-p1+q1),gluon(-2,-q1))*
 vrtx(antiquark(8,-k1+p1-q1),quark(5,k1+p2),gluon(-4,-q2));
 
 a(12):= (+1)*
 pol(gluon(-1,p1))*
 pol(gluon(-3,p2))*
 pol(gluon(-2,q1))*
 pol(gluon(-4,q2))*
 prop(gluon(1,-k1))*
 prop(gluon(3,k1-p1))*
 prop(gluon(5,-k1-p2))*
 prop(gluon(7,k1-p1+q1))*
 vrtx(gluon(-1,p1),gluon(1,-k1),gluon(3,k1-p1))*
 vrtx(gluon(-3,p2),gluon(2,k1),gluon(5,-k1-p2))*
 vrtx(gluon(-2,-q1),gluon(4,-k1+p1),gluon(7,k1-p1+q1))*
 vrtx(gluon(-4,-q2),gluon(6,k1+p2),gluon(8,-k1+p1-q1));
 
 a(13):= (-1)*
 pol(gluon(-1,p1))*
 pol(gluon(-3,p2))*
 pol(gluon(-2,q1))*
 pol(gluon(-4,q2))*
 prop(ghost(1,-k1))*
 prop(ghost(3,-k1+p1))*
 prop(ghost(5,-k1-p2))*
 prop(ghost(7,-k1+p1-q1))*
 vrtx(antighost(4,k1-p1),ghost(1,-k1),gluon(-1,p1))*
 vrtx(antighost(2,k1),ghost(5,-k1-p2),gluon(-3,p2))*
 vrtx(antighost(8,k1-p1+q1),ghost(3,-k1+p1),gluon(-2,-q1))*
 vrtx(antighost(6,k1+p2),ghost(7,-k1+p1-q1),gluon(-4,-q2));
 
 a(14):= (-1)*
 pol(gluon(-1,p1))*
 pol(gluon(-3,p2))*
 pol(gluon(-2,q1))*
 pol(gluon(-4,q2))*
 prop(ghost(1,k1))*
 prop(ghost(3,k1-p1))*
 prop(ghost(5,k1+p2))*
 prop(ghost(7,k1-p1+q1))*
 vrtx(antighost(2,-k1),ghost(3,k1-p1),gluon(-1,p1))*
 vrtx(antighost(6,-k1-p2),ghost(1,k1),gluon(-3,p2))*
 vrtx(antighost(4,-k1+p1),ghost(7,k1-p1+q1),gluon(-2,-q1))*
 vrtx(antighost(8,-k1+p1-q1),ghost(5,k1+p2),gluon(-4,-q2));
 
 a(15):= (-1)*
 pol(gluon(-1,p1))*
 pol(gluon(-3,p2))*
 pol(gluon(-2,q1))*
 pol(gluon(-4,q2))*
 prop(quark(1,-k1))*
 prop(quark(3,-k1+p1))*
 prop(quark(5,-k1-p2))*
 prop(quark(7,-k1+p1-q2))*
 vrtx(antiquark(4,k1-p1),quark(1,-k1),gluon(-1,p1))*
 vrtx(antiquark(2,k1),quark(5,-k1-p2),gluon(-3,p2))*
 vrtx(antiquark(8,k1-p1+q2),quark(3,-k1+p1),gluon(-4,-q2))*
 vrtx(antiquark(6,k1+p2),quark(7,-k1+p1-q2),gluon(-2,-q1));
 
 a(16):= (-1)*
 pol(gluon(-1,p1))*
 pol(gluon(-3,p2))*
 pol(gluon(-2,q1))*
 pol(gluon(-4,q2))*
 prop(quark(1,k1))*
 prop(quark(3,k1-p1))*
 prop(quark(5,k1+p2))*
 prop(quark(7,k1-p1+q2))*
 vrtx(antiquark(2,-k1),quark(3,k1-p1),gluon(-1,p1))*
 vrtx(antiquark(6,-k1-p2),quark(1,k1),gluon(-3,p2))*
 vrtx(antiquark(4,-k1+p1),quark(7,k1-p1+q2),gluon(-4,-q2))*
 vrtx(antiquark(8,-k1+p1-q2),quark(5,k1+p2),gluon(-2,-q1));
 
 a(17):= (+1)*
 pol(gluon(-1,p1))*
 pol(gluon(-3,p2))*
 pol(gluon(-2,q1))*
 pol(gluon(-4,q2))*
 prop(gluon(1,-k1))*
 prop(gluon(3,k1-p1))*
 prop(gluon(5,-k1-p2))*
 prop(gluon(7,k1-p1+q2))*
 vrtx(gluon(-1,p1),gluon(1,-k1),gluon(3,k1-p1))*
 vrtx(gluon(-3,p2),gluon(2,k1),gluon(5,-k1-p2))*
 vrtx(gluon(-4,-q2),gluon(4,-k1+p1),gluon(7,k1-p1+q2))*
 vrtx(gluon(-2,-q1),gluon(6,k1+p2),gluon(8,-k1+p1-q2));
 
 a(18):= (-1)*
 pol(gluon(-1,p1))*
 pol(gluon(-3,p2))*
 pol(gluon(-2,q1))*
 pol(gluon(-4,q2))*
 prop(ghost(1,-k1))*
 prop(ghost(3,-k1+p1))*
 prop(ghost(5,-k1-p2))*
 prop(ghost(7,-k1+p1-q2))*
 vrtx(antighost(4,k1-p1),ghost(1,-k1),gluon(-1,p1))*
 vrtx(antighost(2,k1),ghost(5,-k1-p2),gluon(-3,p2))*
 vrtx(antighost(8,k1-p1+q2),ghost(3,-k1+p1),gluon(-4,-q2))*
 vrtx(antighost(6,k1+p2),ghost(7,-k1+p1-q2),gluon(-2,-q1));
 
 a(19):= (-1)*
 pol(gluon(-1,p1))*
 pol(gluon(-3,p2))*
 pol(gluon(-2,q1))*
 pol(gluon(-4,q2))*
 prop(ghost(1,k1))*
 prop(ghost(3,k1-p1))*
 prop(ghost(5,k1+p2))*
 prop(ghost(7,k1-p1+q2))*
 vrtx(antighost(2,-k1),ghost(3,k1-p1),gluon(-1,p1))*
 vrtx(antighost(6,-k1-p2),ghost(1,k1),gluon(-3,p2))*
 vrtx(antighost(4,-k1+p1),ghost(7,k1-p1+q2),gluon(-4,-q2))*
 vrtx(antighost(8,-k1+p1-q2),ghost(5,k1+p2),gluon(-2,-q1));
 
 a(20):= (-1)*
 pol(gluon(-1,p1))*
 pol(gluon(-3,p2))*
 pol(gluon(-2,q1))*
 pol(gluon(-4,q2))*
 prop(quark(1,-k1))*
 prop(quark(3,-k1+p1))*
 prop(quark(5,-k1+q1))*
 prop(quark(7,-k1+p1-q2))*
 vrtx(antiquark(4,k1-p1),quark(1,-k1),gluon(-1,p1))*
 vrtx(antiquark(2,k1),quark(5,-k1+q1),gluon(-2,-q1))*
 vrtx(antiquark(8,k1-p1+q2),quark(3,-k1+p1),gluon(-4,-q2))*
 vrtx(antiquark(6,k1-q1),quark(7,-k1+p1-q2),gluon(-3,p2));
 
 a(21):= (-1)*
 pol(gluon(-1,p1))*
 pol(gluon(-3,p2))*
 pol(gluon(-2,q1))*
 pol(gluon(-4,q2))*
 prop(quark(1,k1))*
 prop(quark(3,k1-p1))*
 prop(quark(5,k1-q1))*
 prop(quark(7,k1-p1+q2))*
 vrtx(antiquark(2,-k1),quark(3,k1-p1),gluon(-1,p1))*
 vrtx(antiquark(6,-k1+q1),quark(1,k1),gluon(-2,-q1))*
 vrtx(antiquark(4,-k1+p1),quark(7,k1-p1+q2),gluon(-4,-q2))*
 vrtx(antiquark(8,-k1+p1-q2),quark(5,k1-q1),gluon(-3,p2));
 
 a(22):= (+1)*
 pol(gluon(-1,p1))*
 pol(gluon(-3,p2))*
 pol(gluon(-2,q1))*
 pol(gluon(-4,q2))*
 prop(gluon(1,-k1))*
 prop(gluon(3,k1-p1))*
 prop(gluon(5,-k1+q1))*
 prop(gluon(7,k1-p1+q2))*
 vrtx(gluon(-1,p1),gluon(1,-k1),gluon(3,k1-p1))*
 vrtx(gluon(-2,-q1),gluon(2,k1),gluon(5,-k1+q1))*
 vrtx(gluon(-4,-q2),gluon(4,-k1+p1),gluon(7,k1-p1+q2))*
 vrtx(gluon(-3,p2),gluon(6,k1-q1),gluon(8,-k1+p1-q2));
 
 a(23):= (-1)*
 pol(gluon(-1,p1))*
 pol(gluon(-3,p2))*
 pol(gluon(-2,q1))*
 pol(gluon(-4,q2))*
 prop(ghost(1,-k1))*
 prop(ghost(3,-k1+p1))*
 prop(ghost(5,-k1+q1))*
 prop(ghost(7,-k1+p1-q2))*
 vrtx(antighost(4,k1-p1),ghost(1,-k1),gluon(-1,p1))*
 vrtx(antighost(2,k1),ghost(5,-k1+q1),gluon(-2,-q1))*
 vrtx(antighost(8,k1-p1+q2),ghost(3,-k1+p1),gluon(-4,-q2))*
 vrtx(antighost(6,k1-q1),ghost(7,-k1+p1-q2),gluon(-3,p2));
 
 a(24):= (-1)*
 pol(gluon(-1,p1))*
 pol(gluon(-3,p2))*
 pol(gluon(-2,q1))*
 pol(gluon(-4,q2))*
 prop(ghost(1,k1))*
 prop(ghost(3,k1-p1))*
 prop(ghost(5,k1-q1))*
 prop(ghost(7,k1-p1+q2))*
 vrtx(antighost(2,-k1),ghost(3,k1-p1),gluon(-1,p1))*
 vrtx(antighost(6,-k1+q1),ghost(1,k1),gluon(-2,-q1))*
 vrtx(antighost(4,-k1+p1),ghost(7,k1-p1+q2),gluon(-4,-q2))*
 vrtx(antighost(8,-k1+p1-q2),ghost(5,k1-q1),gluon(-3,p2));

% end

