%
% generated by qgraf-4.0.6
%
%  config = delete, flush ;
%  output_dir = 'golden_masters/qcd/' ;
%  style_dir = 'styles/' ;
%  model_dir = 'models/' ;
%  style = 'array.sty' ;
%  output = 'quark_TO_quark_1L_onepi.out' ;
%  model = 'qcd' ;
%  in = quark[p1] ;
%  out = quark[q1] ;
%  loops = 1 ;
%  loop_momentum = k ;
%  options = onepi ;
%
 
 a(1):= (+1)*
 pol(quark(-1,p1))*
 pol(quark(-2,q1))*
 prop(quark(1,-k1+p1))*
 prop(gluon(3,-k1))*
 vrtx(antiquark(2,k1-p1),quark(-1,p1),gluon(3,-k1))*
 vrtx(antiquark(-2,-q1),quark(1,-k1+p1),gluon(4,k1));

% end

