%
% generated by qgraf-4.0.6
%
%  config = delete, flush ;
%  output_dir = 'golden_masters/qcd/' ;
%  style_dir = 'styles/' ;
%  model_dir = 'models/' ;
%  style = 'array.sty' ;
%  output = 'quark_antiquark_TO_gluon_gluon_1L_floop_onepi.out' ;
%  model = 'qcd' ;
%  in = quark[p1], antiquark[p2] ;
%  out = gluon[q1], gluon[q2] ;
%  loops = 1 ;
%  loop_momentum = k ;
%  options = onepi, floop ;
%
 
 a(1):= (+1)*
 pol(quark(-1,p1))*
 pol(antiquark(-3,p2))*
 pol(gluon(-2,q1))*
 pol(gluon(-4,q2))*
 prop(quark(1,k1))*
 prop(gluon(3,k1-p1))*
 prop(gluon(5,-k1-p2))*
 vrtx(antiquark(2,-k1),quark(-1,p1),gluon(3,k1-p1))*
 vrtx(antiquark(-3,p2),quark(1,k1),gluon(5,-k1-p2))*
 vrtx(gluon(-2,-q1),gluon(-4,-q2),gluon(4,-k1+p1),gluon(6,k1+p2));
 
 a(2):= (+1)*
 pol(quark(-1,p1))*
 pol(antiquark(-3,p2))*
 pol(gluon(-2,q1))*
 pol(gluon(-4,q2))*
 prop(quark(1,k1))*
 prop(gluon(3,k1-p1))*
 prop(gluon(5,-k1-p2))*
 prop(gluon(7,k1-p1+q1))*
 vrtx(antiquark(2,-k1),quark(-1,p1),gluon(3,k1-p1))*
 vrtx(antiquark(-3,p2),quark(1,k1),gluon(5,-k1-p2))*
 vrtx(gluon(-2,-q1),gluon(4,-k1+p1),gluon(7,k1-p1+q1))*
 vrtx(gluon(-4,-q2),gluon(6,k1+p2),gluon(8,-k1+p1-q1));
 
 a(3):= (+1)*
 pol(quark(-1,p1))*
 pol(antiquark(-3,p2))*
 pol(gluon(-2,q1))*
 pol(gluon(-4,q2))*
 prop(gluon(1,-k1))*
 prop(quark(3,-k1+p1))*
 prop(quark(5,-k1-p2))*
 prop(quark(7,-k1+p1-q1))*
 vrtx(antiquark(4,k1-p1),quark(-1,p1),gluon(1,-k1))*
 vrtx(antiquark(-3,p2),quark(5,-k1-p2),gluon(2,k1))*
 vrtx(antiquark(8,k1-p1+q1),quark(3,-k1+p1),gluon(-2,-q1))*
 vrtx(antiquark(6,k1+p2),quark(7,-k1+p1-q1),gluon(-4,-q2));
 
 a(4):= (+1)*
 pol(quark(-1,p1))*
 pol(antiquark(-3,p2))*
 pol(gluon(-2,q1))*
 pol(gluon(-4,q2))*
 prop(quark(1,k1))*
 prop(gluon(3,k1-p1))*
 prop(gluon(5,-k1-p2))*
 prop(gluon(7,k1-p1+q2))*
 vrtx(antiquark(2,-k1),quark(-1,p1),gluon(3,k1-p1))*
 vrtx(antiquark(-3,p2),quark(1,k1),gluon(5,-k1-p2))*
 vrtx(gluon(-4,-q2),gluon(4,-k1+p1),gluon(7,k1-p1+q2))*
 vrtx(gluon(-2,-q1),gluon(6,k1+p2),gluon(8,-k1+p1-q2));
 
 a(5):= (+1)*
 pol(quark(-1,p1))*
 pol(antiquark(-3,p2))*
 pol(gluon(-2,q1))*
 pol(gluon(-4,q2))*
 prop(gluon(1,-k1))*
 prop(quark(3,-k1+p1))*
 prop(quark(5,-k1-p2))*
 prop(quark(7,-k1+p1-q2))*
 vrtx(antiquark(4,k1-p1),quark(-1,p1),gluon(1,-k1))*
 vrtx(antiquark(-3,p2),quark(5,-k1-p2),gluon(2,k1))*
 vrtx(antiquark(8,k1-p1+q2),quark(3,-k1+p1),gluon(-4,-q2))*
 vrtx(antiquark(6,k1+p2),quark(7,-k1+p1-q2),gluon(-2,-q1));
 
 a(6):= (+1)*
 pol(quark(-1,p1))*
 pol(antiquark(-3,p2))*
 pol(gluon(-2,q1))*
 pol(gluon(-4,q2))*
 prop(quark(1,k1))*
 prop(gluon(3,k1-p1))*
 prop(quark(5,k1-q1))*
 prop(gluon(7,k1-p1+q2))*
 vrtx(antiquark(2,-k1),quark(-1,p1),gluon(3,k1-p1))*
 vrtx(antiquark(6,-k1+q1),quark(1,k1),gluon(-2,-q1))*
 vrtx(gluon(-4,-q2),gluon(4,-k1+p1),gluon(7,k1-p1+q2))*
 vrtx(antiquark(-3,p2),quark(5,k1-q1),gluon(8,-k1+p1-q2));
 
 a(7):= (+1)*
 pol(quark(-1,p1))*
 pol(antiquark(-3,p2))*
 pol(gluon(-2,q1))*
 pol(gluon(-4,q2))*
 prop(gluon(1,-k1))*
 prop(quark(3,-k1+p1))*
 prop(gluon(5,-k1+q1))*
 prop(quark(7,-k1+p1-q2))*
 vrtx(antiquark(4,k1-p1),quark(-1,p1),gluon(1,-k1))*
 vrtx(gluon(-2,-q1),gluon(2,k1),gluon(5,-k1+q1))*
 vrtx(antiquark(8,k1-p1+q2),quark(3,-k1+p1),gluon(-4,-q2))*
 vrtx(antiquark(-3,p2),quark(7,-k1+p1-q2),gluon(6,k1-q1));

% end

