%
% generated by qgraf-4.0.6
%
%  config = delete, flush ;
%  output_dir = 'golden_masters/qcd/' ;
%  style_dir = 'styles/' ;
%  model_dir = 'models/' ;
%  style = 'array.sty' ;
%  output = 'quark_antiquark_TO_quark_antiquark_0L.out' ;
%  model = 'qcd' ;
%  in = quark[p1], antiquark[p2] ;
%  out = quark[q1], antiquark[q2] ;
%  loops = 0 ;
%  loop_momentum = k ;
%  options =  ;
%
 
 a(1):= (+1)*
 pol(quark(-1,p1))*
 pol(antiquark(-3,p2))*
 pol(quark(-2,q1))*
 pol(antiquark(-4,q2))*
 prop(gluon(1,-p1-p2))*
 vrtx(antiquark(-3,p2),quark(-1,p1),gluon(1,-p1-p2))*
 vrtx(antiquark(-2,-q1),quark(-4,-q2),gluon(2,p1+p2));
 
 a(2):= (-1)*
 pol(quark(-1,p1))*
 pol(antiquark(-3,p2))*
 pol(quark(-2,q1))*
 pol(antiquark(-4,q2))*
 prop(gluon(1,-p1+q1))*
 vrtx(antiquark(-2,-q1),quark(-1,p1),gluon(1,-p1+q1))*
 vrtx(antiquark(-3,p2),quark(-4,-q2),gluon(2,p1-q1));

% end

