%
% generated by qgraf-4.0.6
%
%  config = delete, flush ;
%  output_dir = 'golden_masters/qed2/' ;
%  style_dir = 'styles/' ;
%  model_dir = 'models/' ;
%  style = 'array.sty' ;
%  output = 'eminus_muminus_TO_eminus_muminus_1L_onepi.out' ;
%  model = qed2 // 'qedx' ;
%  in = e_minus[p1], mu_minus[p2] ;
%  out = e_minus[q1], mu_minus[q2] ;
%  loops = 1 ;
%  loop_momentum = k ;
%  options = onepi ;
%
 
 a(1):= (+1)*
 pol(e_minus(-1,p1))*
 pol(mu_minus(-3,p2))*
 pol(e_minus(-2,q1))*
 pol(mu_minus(-4,q2))*
 prop(photon(1,-k1))*
 prop(e_minus(3,-k1+p1))*
 prop(mu_minus(5,k1+p2))*
 prop(photon(7,k1-p1+q1))*
 vrtx(e_plus(4,k1-p1),e_minus(-1,p1),photon(1,-k1))*
 vrtx(mu_plus(6,-k1-p2),mu_minus(-3,p2),photon(2,k1))*
 vrtx(e_plus(-2,-q1),e_minus(3,-k1+p1),photon(7,k1-p1+q1))*
 vrtx(mu_plus(-4,-q2),mu_minus(5,k1+p2),photon(8,-k1+p1-q1));
 
 a(2):= (+1)*
 pol(e_minus(-1,p1))*
 pol(mu_minus(-3,p2))*
 pol(e_minus(-2,q1))*
 pol(mu_minus(-4,q2))*
 prop(e_minus(1,k1))*
 prop(photon(3,k1-p1))*
 prop(photon(5,-k1+q1))*
 prop(mu_minus(7,k1-p1+q2))*
 vrtx(e_plus(2,-k1),e_minus(-1,p1),photon(3,k1-p1))*
 vrtx(e_plus(-2,-q1),e_minus(1,k1),photon(5,-k1+q1))*
 vrtx(mu_plus(-4,-q2),mu_minus(7,k1-p1+q2),photon(4,-k1+p1))*
 vrtx(mu_plus(8,-k1+p1-q2),mu_minus(-3,p2),photon(6,k1-q1));

% end

