%
% generated by qgraf-4.0.6
%
%  config = delete, flush ;
%  output_dir = 'golden_masters/qed2/' ;
%  style_dir = 'styles/' ;
%  model_dir = 'models/' ;
%  style = 'array.sty' ;
%  output = 'eminus_muminus_TO_eminus_muminus_0L.out' ;
%  model = qed2 // 'qedx' ;
%  in = e_minus[p1], mu_minus[p2] ;
%  out = e_minus[q1], mu_minus[q2] ;
%  loops = 0 ;
%  loop_momentum = k ;
%  options =  ;
%
 
 a(1):= (+1)*
 pol(e_minus(-1,p1))*
 pol(mu_minus(-3,p2))*
 pol(e_minus(-2,q1))*
 pol(mu_minus(-4,q2))*
 prop(photon(1,-p1+q1))*
 vrtx(e_plus(-2,-q1),e_minus(-1,p1),photon(1,-p1+q1))*
 vrtx(mu_plus(-4,-q2),mu_minus(-3,p2),photon(2,p1-q1));

% end

