%
% generated by qgraf-4.0.6
%
%  config = delete, flush ;
%  output_dir = 'golden_masters/qed2/' ;
%  style_dir = 'styles/' ;
%  model_dir = 'models/' ;
%  style = 'array.sty' ;
%  output = 'muminus_muplus_TO_muminus_muplus_0L.out' ;
%  model = qed2 // 'qedx' ;
%  in = mu_minus[p1], mu_plus[p2] ;
%  out = mu_minus[q1], mu_plus[q2] ;
%  loops = 0 ;
%  loop_momentum = k ;
%  options =  ;
%
 
 a(1):= (+1)*
 pol(mu_minus(-1,p1))*
 pol(mu_plus(-3,p2))*
 pol(mu_minus(-2,q1))*
 pol(mu_plus(-4,q2))*
 prop(photon(1,-p1-p2))*
 vrtx(mu_plus(-3,p2),mu_minus(-1,p1),photon(1,-p1-p2))*
 vrtx(mu_plus(-2,-q1),mu_minus(-4,-q2),photon(2,p1+p2));
 
 a(2):= (-1)*
 pol(mu_minus(-1,p1))*
 pol(mu_plus(-3,p2))*
 pol(mu_minus(-2,q1))*
 pol(mu_plus(-4,q2))*
 prop(photon(1,-p1+q1))*
 vrtx(mu_plus(-2,-q1),mu_minus(-1,p1),photon(1,-p1+q1))*
 vrtx(mu_plus(-3,p2),mu_minus(-4,-q2),photon(2,p1-q1));

% end

