%
% generated by qgraf-4.0.6
%
%  config = delete, flush ;
%  output_dir = 'golden_masters/qed2/' ;
%  style_dir = 'styles/' ;
%  model_dir = 'models/' ;
%  style = 'array.sty' ;
%  output = 'muminus_TO_muminus_1L_onepi.out' ;
%  model = qed2 // 'qedx' ;
%  in = mu_minus[p1] ;
%  out = mu_minus[q1] ;
%  loops = 1 ;
%  loop_momentum = k ;
%  options = onepi ;
%
 
 a(1):= (+1)*
 pol(mu_minus(-1,p1))*
 pol(mu_minus(-2,q1))*
 prop(photon(1,k1-p1))*
 prop(mu_minus(3,k1))*
 vrtx(mu_plus(4,-k1),mu_minus(-1,p1),photon(1,k1-p1))*
 vrtx(mu_plus(-2,-q1),mu_minus(3,k1),photon(2,-k1+p1));

% end

