%
% generated by qgraf-4.0.6
%
%  config = delete, flush ;
%  output_dir = 'golden_masters/phi3/' ;
%  style_dir = 'styles/' ;
%  model_dir = 'models/' ;
%  style = 'array.sty' ;
%  output = 'phi_phi_TO_phi_phi_1L_notadpole.out' ;
%  model = 'phi3' ;
%  in = phi[p1], phi[p2] ;
%  out = phi[q1], phi[q2] ;
%  loops = 1 ;
%  loop_momentum = k ;
%  options = notadpole ;
%
 
 a(1):= (+1/2)*
 pol(phi(-1,p1))*
 pol(phi(-3,p2))*
 pol(phi(-2,q1))*
 pol(phi(-4,q2))*
 prop(phi(1,-p1-p2))*
 prop(phi(3,q1+q2))*
 prop(phi(5,k1-p1-p2))*
 prop(phi(7,-k1))*
 vrtx(phi(-1,p1),phi(-3,p2),phi(1,-p1-p2))*
 vrtx(phi(-2,-q1),phi(-4,-q2),phi(3,q1+q2))*
 vrtx(phi(2,p1+p2),phi(5,k1-p1-p2),phi(7,-k1))*
 vrtx(phi(4,-q1-q2),phi(6,-k1+p1+p2),phi(8,k1));
 
 a(2):= (+1/2)*
 pol(phi(-1,p1))*
 pol(phi(-3,p2))*
 pol(phi(-2,q1))*
 pol(phi(-4,q2))*
 prop(phi(1,-p1+q1))*
 prop(phi(3,-p2+q2))*
 prop(phi(5,k1-p1+q1))*
 prop(phi(7,-k1))*
 vrtx(phi(-1,p1),phi(-2,-q1),phi(1,-p1+q1))*
 vrtx(phi(-3,p2),phi(-4,-q2),phi(3,-p2+q2))*
 vrtx(phi(2,p1-q1),phi(5,k1-p1+q1),phi(7,-k1))*
 vrtx(phi(4,p2-q2),phi(6,-k1+p1-q1),phi(8,k1));
 
 a(3):= (+1/2)*
 pol(phi(-1,p1))*
 pol(phi(-3,p2))*
 pol(phi(-2,q1))*
 pol(phi(-4,q2))*
 prop(phi(1,-p1+q2))*
 prop(phi(3,-p2+q1))*
 prop(phi(5,k1-p1+q2))*
 prop(phi(7,-k1))*
 vrtx(phi(-1,p1),phi(-4,-q2),phi(1,-p1+q2))*
 vrtx(phi(-3,p2),phi(-2,-q1),phi(3,-p2+q1))*
 vrtx(phi(2,p1-q2),phi(5,k1-p1+q2),phi(7,-k1))*
 vrtx(phi(4,p2-q1),phi(6,-k1+p1-q2),phi(8,k1));
 
 a(4):= (+1)*
 pol(phi(-1,p1))*
 pol(phi(-3,p2))*
 pol(phi(-2,q1))*
 pol(phi(-4,q2))*
 prop(phi(1,-p1-p2))*
 prop(phi(3,-k1))*
 prop(phi(5,k1+q1))*
 prop(phi(7,-k1+q2))*
 vrtx(phi(-1,p1),phi(-3,p2),phi(1,-p1-p2))*
 vrtx(phi(-2,-q1),phi(3,-k1),phi(5,k1+q1))*
 vrtx(phi(-4,-q2),phi(4,k1),phi(7,-k1+q2))*
 vrtx(phi(2,p1+p2),phi(6,-k1-q1),phi(8,k1-q2));
 
 a(5):= (+1)*
 pol(phi(-1,p1))*
 pol(phi(-3,p2))*
 pol(phi(-2,q1))*
 pol(phi(-4,q2))*
 prop(phi(1,-p1+q1))*
 prop(phi(3,-k1))*
 prop(phi(5,k1-p2))*
 prop(phi(7,-k1+q2))*
 vrtx(phi(-1,p1),phi(-2,-q1),phi(1,-p1+q1))*
 vrtx(phi(-3,p2),phi(3,-k1),phi(5,k1-p2))*
 vrtx(phi(-4,-q2),phi(4,k1),phi(7,-k1+q2))*
 vrtx(phi(2,p1-q1),phi(6,-k1+p2),phi(8,k1-q2));
 
 a(6):= (+1)*
 pol(phi(-1,p1))*
 pol(phi(-3,p2))*
 pol(phi(-2,q1))*
 pol(phi(-4,q2))*
 prop(phi(1,-p1+q2))*
 prop(phi(3,-k1))*
 prop(phi(5,k1-p2))*
 prop(phi(7,-k1+q1))*
 vrtx(phi(-1,p1),phi(-4,-q2),phi(1,-p1+q2))*
 vrtx(phi(-3,p2),phi(3,-k1),phi(5,k1-p2))*
 vrtx(phi(-2,-q1),phi(4,k1),phi(7,-k1+q1))*
 vrtx(phi(2,p1-q2),phi(6,-k1+p2),phi(8,k1-q1));
 
 a(7):= (+1)*
 pol(phi(-1,p1))*
 pol(phi(-3,p2))*
 pol(phi(-2,q1))*
 pol(phi(-4,q2))*
 prop(phi(1,-p2+q1))*
 prop(phi(3,-k1))*
 prop(phi(5,k1-p1))*
 prop(phi(7,-k1+q2))*
 vrtx(phi(-3,p2),phi(-2,-q1),phi(1,-p2+q1))*
 vrtx(phi(-1,p1),phi(3,-k1),phi(5,k1-p1))*
 vrtx(phi(-4,-q2),phi(4,k1),phi(7,-k1+q2))*
 vrtx(phi(2,p2-q1),phi(6,-k1+p1),phi(8,k1-q2));
 
 a(8):= (+1)*
 pol(phi(-1,p1))*
 pol(phi(-3,p2))*
 pol(phi(-2,q1))*
 pol(phi(-4,q2))*
 prop(phi(1,-p2+q2))*
 prop(phi(3,-k1))*
 prop(phi(5,k1-p1))*
 prop(phi(7,-k1+q1))*
 vrtx(phi(-3,p2),phi(-4,-q2),phi(1,-p2+q2))*
 vrtx(phi(-1,p1),phi(3,-k1),phi(5,k1-p1))*
 vrtx(phi(-2,-q1),phi(4,k1),phi(7,-k1+q1))*
 vrtx(phi(2,p2-q2),phi(6,-k1+p1),phi(8,k1-q1));
 
 a(9):= (+1)*
 pol(phi(-1,p1))*
 pol(phi(-3,p2))*
 pol(phi(-2,q1))*
 pol(phi(-4,q2))*
 prop(phi(1,q1+q2))*
 prop(phi(3,-k1))*
 prop(phi(5,k1-p1))*
 prop(phi(7,-k1-p2))*
 vrtx(phi(-2,-q1),phi(-4,-q2),phi(1,q1+q2))*
 vrtx(phi(-1,p1),phi(3,-k1),phi(5,k1-p1))*
 vrtx(phi(-3,p2),phi(4,k1),phi(7,-k1-p2))*
 vrtx(phi(2,-q1-q2),phi(6,-k1+p1),phi(8,k1+p2));
 
 a(10):= (+1/2)*
 pol(phi(-1,p1))*
 pol(phi(-3,p2))*
 pol(phi(-2,q1))*
 pol(phi(-4,q2))*
 prop(phi(1,-p1-p2))*
 prop(phi(3,-q2))*
 prop(phi(5,k1+q2))*
 prop(phi(7,-k1))*
 vrtx(phi(-1,p1),phi(-3,p2),phi(1,-p1-p2))*
 vrtx(phi(-2,-q1),phi(2,p1+p2),phi(3,-q2))*
 vrtx(phi(-4,-q2),phi(5,k1+q2),phi(7,-k1))*
 vrtx(phi(4,q2),phi(6,-k1-q2),phi(8,k1));
 
 a(11):= (+1/2)*
 pol(phi(-1,p1))*
 pol(phi(-3,p2))*
 pol(phi(-2,q1))*
 pol(phi(-4,q2))*
 prop(phi(1,-p1-p2))*
 prop(phi(3,-q1))*
 prop(phi(5,k1+q1))*
 prop(phi(7,-k1))*
 vrtx(phi(-1,p1),phi(-3,p2),phi(1,-p1-p2))*
 vrtx(phi(-4,-q2),phi(2,p1+p2),phi(3,-q1))*
 vrtx(phi(-2,-q1),phi(5,k1+q1),phi(7,-k1))*
 vrtx(phi(4,q1),phi(6,-k1-q1),phi(8,k1));
 
 a(12):= (+1/2)*
 pol(phi(-1,p1))*
 pol(phi(-3,p2))*
 pol(phi(-2,q1))*
 pol(phi(-4,q2))*
 prop(phi(1,-p1+q1))*
 prop(phi(3,-q2))*
 prop(phi(5,k1+q2))*
 prop(phi(7,-k1))*
 vrtx(phi(-1,p1),phi(-2,-q1),phi(1,-p1+q1))*
 vrtx(phi(-3,p2),phi(2,p1-q1),phi(3,-q2))*
 vrtx(phi(-4,-q2),phi(5,k1+q2),phi(7,-k1))*
 vrtx(phi(4,q2),phi(6,-k1-q2),phi(8,k1));
 
 a(13):= (+1/2)*
 pol(phi(-1,p1))*
 pol(phi(-3,p2))*
 pol(phi(-2,q1))*
 pol(phi(-4,q2))*
 prop(phi(1,-p1+q1))*
 prop(phi(3,p2))*
 prop(phi(5,k1-p2))*
 prop(phi(7,-k1))*
 vrtx(phi(-1,p1),phi(-2,-q1),phi(1,-p1+q1))*
 vrtx(phi(-4,-q2),phi(2,p1-q1),phi(3,p2))*
 vrtx(phi(-3,p2),phi(5,k1-p2),phi(7,-k1))*
 vrtx(phi(4,-p2),phi(6,-k1+p2),phi(8,k1));
 
 a(14):= (+1/2)*
 pol(phi(-1,p1))*
 pol(phi(-3,p2))*
 pol(phi(-2,q1))*
 pol(phi(-4,q2))*
 prop(phi(1,-p1+q2))*
 prop(phi(3,-q1))*
 prop(phi(5,k1+q1))*
 prop(phi(7,-k1))*
 vrtx(phi(-1,p1),phi(-4,-q2),phi(1,-p1+q2))*
 vrtx(phi(-3,p2),phi(2,p1-q2),phi(3,-q1))*
 vrtx(phi(-2,-q1),phi(5,k1+q1),phi(7,-k1))*
 vrtx(phi(4,q1),phi(6,-k1-q1),phi(8,k1));
 
 a(15):= (+1/2)*
 pol(phi(-1,p1))*
 pol(phi(-3,p2))*
 pol(phi(-2,q1))*
 pol(phi(-4,q2))*
 prop(phi(1,-p1+q2))*
 prop(phi(3,p2))*
 prop(phi(5,k1-p2))*
 prop(phi(7,-k1))*
 vrtx(phi(-1,p1),phi(-4,-q2),phi(1,-p1+q2))*
 vrtx(phi(-2,-q1),phi(2,p1-q2),phi(3,p2))*
 vrtx(phi(-3,p2),phi(5,k1-p2),phi(7,-k1))*
 vrtx(phi(4,-p2),phi(6,-k1+p2),phi(8,k1));
 
 a(16):= (+1/2)*
 pol(phi(-1,p1))*
 pol(phi(-3,p2))*
 pol(phi(-2,q1))*
 pol(phi(-4,q2))*
 prop(phi(1,-p2+q1))*
 prop(phi(3,-q2))*
 prop(phi(5,k1+q2))*
 prop(phi(7,-k1))*
 vrtx(phi(-3,p2),phi(-2,-q1),phi(1,-p2+q1))*
 vrtx(phi(-1,p1),phi(2,p2-q1),phi(3,-q2))*
 vrtx(phi(-4,-q2),phi(5,k1+q2),phi(7,-k1))*
 vrtx(phi(4,q2),phi(6,-k1-q2),phi(8,k1));
 
 a(17):= (+1/2)*
 pol(phi(-1,p1))*
 pol(phi(-3,p2))*
 pol(phi(-2,q1))*
 pol(phi(-4,q2))*
 prop(phi(1,-p2+q1))*
 prop(phi(3,p1))*
 prop(phi(5,k1-p1))*
 prop(phi(7,-k1))*
 vrtx(phi(-3,p2),phi(-2,-q1),phi(1,-p2+q1))*
 vrtx(phi(-4,-q2),phi(2,p2-q1),phi(3,p1))*
 vrtx(phi(-1,p1),phi(5,k1-p1),phi(7,-k1))*
 vrtx(phi(4,-p1),phi(6,-k1+p1),phi(8,k1));
 
 a(18):= (+1/2)*
 pol(phi(-1,p1))*
 pol(phi(-3,p2))*
 pol(phi(-2,q1))*
 pol(phi(-4,q2))*
 prop(phi(1,-p2+q2))*
 prop(phi(3,-q1))*
 prop(phi(5,k1+q1))*
 prop(phi(7,-k1))*
 vrtx(phi(-3,p2),phi(-4,-q2),phi(1,-p2+q2))*
 vrtx(phi(-1,p1),phi(2,p2-q2),phi(3,-q1))*
 vrtx(phi(-2,-q1),phi(5,k1+q1),phi(7,-k1))*
 vrtx(phi(4,q1),phi(6,-k1-q1),phi(8,k1));
 
 a(19):= (+1/2)*
 pol(phi(-1,p1))*
 pol(phi(-3,p2))*
 pol(phi(-2,q1))*
 pol(phi(-4,q2))*
 prop(phi(1,-p2+q2))*
 prop(phi(3,p1))*
 prop(phi(5,k1-p1))*
 prop(phi(7,-k1))*
 vrtx(phi(-3,p2),phi(-4,-q2),phi(1,-p2+q2))*
 vrtx(phi(-2,-q1),phi(2,p2-q2),phi(3,p1))*
 vrtx(phi(-1,p1),phi(5,k1-p1),phi(7,-k1))*
 vrtx(phi(4,-p1),phi(6,-k1+p1),phi(8,k1));
 
 a(20):= (+1/2)*
 pol(phi(-1,p1))*
 pol(phi(-3,p2))*
 pol(phi(-2,q1))*
 pol(phi(-4,q2))*
 prop(phi(1,q1+q2))*
 prop(phi(3,p2))*
 prop(phi(5,k1-p2))*
 prop(phi(7,-k1))*
 vrtx(phi(-2,-q1),phi(-4,-q2),phi(1,q1+q2))*
 vrtx(phi(-1,p1),phi(2,-q1-q2),phi(3,p2))*
 vrtx(phi(-3,p2),phi(5,k1-p2),phi(7,-k1))*
 vrtx(phi(4,-p2),phi(6,-k1+p2),phi(8,k1));
 
 a(21):= (+1/2)*
 pol(phi(-1,p1))*
 pol(phi(-3,p2))*
 pol(phi(-2,q1))*
 pol(phi(-4,q2))*
 prop(phi(1,q1+q2))*
 prop(phi(3,p1))*
 prop(phi(5,k1-p1))*
 prop(phi(7,-k1))*
 vrtx(phi(-2,-q1),phi(-4,-q2),phi(1,q1+q2))*
 vrtx(phi(-3,p2),phi(2,-q1-q2),phi(3,p1))*
 vrtx(phi(-1,p1),phi(5,k1-p1),phi(7,-k1))*
 vrtx(phi(4,-p1),phi(6,-k1+p1),phi(8,k1));
 
 a(22):= (+1)*
 pol(phi(-1,p1))*
 pol(phi(-3,p2))*
 pol(phi(-2,q1))*
 pol(phi(-4,q2))*
 prop(phi(1,-k1))*
 prop(phi(3,k1-p1))*
 prop(phi(5,-k1-p2))*
 prop(phi(7,k1-p1+q1))*
 vrtx(phi(-1,p1),phi(1,-k1),phi(3,k1-p1))*
 vrtx(phi(-3,p2),phi(2,k1),phi(5,-k1-p2))*
 vrtx(phi(-2,-q1),phi(4,-k1+p1),phi(7,k1-p1+q1))*
 vrtx(phi(-4,-q2),phi(6,k1+p2),phi(8,-k1+p1-q1));
 
 a(23):= (+1)*
 pol(phi(-1,p1))*
 pol(phi(-3,p2))*
 pol(phi(-2,q1))*
 pol(phi(-4,q2))*
 prop(phi(1,-k1))*
 prop(phi(3,k1-p1))*
 prop(phi(5,-k1-p2))*
 prop(phi(7,k1-p1+q2))*
 vrtx(phi(-1,p1),phi(1,-k1),phi(3,k1-p1))*
 vrtx(phi(-3,p2),phi(2,k1),phi(5,-k1-p2))*
 vrtx(phi(-4,-q2),phi(4,-k1+p1),phi(7,k1-p1+q2))*
 vrtx(phi(-2,-q1),phi(6,k1+p2),phi(8,-k1+p1-q2));
 
 a(24):= (+1)*
 pol(phi(-1,p1))*
 pol(phi(-3,p2))*
 pol(phi(-2,q1))*
 pol(phi(-4,q2))*
 prop(phi(1,-k1))*
 prop(phi(3,k1-p1))*
 prop(phi(5,-k1+q1))*
 prop(phi(7,k1-p1+q2))*
 vrtx(phi(-1,p1),phi(1,-k1),phi(3,k1-p1))*
 vrtx(phi(-2,-q1),phi(2,k1),phi(5,-k1+q1))*
 vrtx(phi(-4,-q2),phi(4,-k1+p1),phi(7,k1-p1+q2))*
 vrtx(phi(-3,p2),phi(6,k1-q1),phi(8,-k1+p1-q2));

% end

