%
% generated by qgraf-4.0.6
%
%  config = delete, flush ;
%  output_dir = 'golden_masters/phi3/' ;
%  style_dir = 'styles/' ;
%  model_dir = 'models/' ;
%  style = 'array.sty' ;
%  output = 'phi_phi_phi_TO_phi_phi_phi_0L.out' ;
%  model = 'phi3' ;
%  in = phi[p1], phi[p2], phi[p3] ;
%  out = phi[q1], phi[q2], phi[q3] ;
%  loops = 0 ;
%  loop_momentum = k ;
%  options =  ;
%
 
 a(1):= (+1)*
 pol(phi(-1,p1))*
 pol(phi(-3,p2))*
 pol(phi(-5,p3))*
 pol(phi(-2,q1))*
 pol(phi(-4,q2))*
 pol(phi(-6,q3))*
 prop(phi(1,-p1-p2))*
 prop(phi(3,-p3+q1))*
 prop(phi(5,q2+q3))*
 vrtx(phi(-1,p1),phi(-3,p2),phi(1,-p1-p2))*
 vrtx(phi(-5,p3),phi(-2,-q1),phi(3,-p3+q1))*
 vrtx(phi(-4,-q2),phi(-6,-q3),phi(5,q2+q3))*
 vrtx(phi(2,p1+p2),phi(4,p3-q1),phi(6,-q2-q3));
 
 a(2):= (+1)*
 pol(phi(-1,p1))*
 pol(phi(-3,p2))*
 pol(phi(-5,p3))*
 pol(phi(-2,q1))*
 pol(phi(-4,q2))*
 pol(phi(-6,q3))*
 prop(phi(1,-p1-p2))*
 prop(phi(3,-p3+q2))*
 prop(phi(5,q1+q3))*
 vrtx(phi(-1,p1),phi(-3,p2),phi(1,-p1-p2))*
 vrtx(phi(-5,p3),phi(-4,-q2),phi(3,-p3+q2))*
 vrtx(phi(-2,-q1),phi(-6,-q3),phi(5,q1+q3))*
 vrtx(phi(2,p1+p2),phi(4,p3-q2),phi(6,-q1-q3));
 
 a(3):= (+1)*
 pol(phi(-1,p1))*
 pol(phi(-3,p2))*
 pol(phi(-5,p3))*
 pol(phi(-2,q1))*
 pol(phi(-4,q2))*
 pol(phi(-6,q3))*
 prop(phi(1,-p1-p2))*
 prop(phi(3,-p3+q3))*
 prop(phi(5,q1+q2))*
 vrtx(phi(-1,p1),phi(-3,p2),phi(1,-p1-p2))*
 vrtx(phi(-5,p3),phi(-6,-q3),phi(3,-p3+q3))*
 vrtx(phi(-2,-q1),phi(-4,-q2),phi(5,q1+q2))*
 vrtx(phi(2,p1+p2),phi(4,p3-q3),phi(6,-q1-q2));
 
 a(4):= (+1)*
 pol(phi(-1,p1))*
 pol(phi(-3,p2))*
 pol(phi(-5,p3))*
 pol(phi(-2,q1))*
 pol(phi(-4,q2))*
 pol(phi(-6,q3))*
 prop(phi(1,-p1-p3))*
 prop(phi(3,-p2+q1))*
 prop(phi(5,q2+q3))*
 vrtx(phi(-1,p1),phi(-5,p3),phi(1,-p1-p3))*
 vrtx(phi(-3,p2),phi(-2,-q1),phi(3,-p2+q1))*
 vrtx(phi(-4,-q2),phi(-6,-q3),phi(5,q2+q3))*
 vrtx(phi(2,p1+p3),phi(4,p2-q1),phi(6,-q2-q3));
 
 a(5):= (+1)*
 pol(phi(-1,p1))*
 pol(phi(-3,p2))*
 pol(phi(-5,p3))*
 pol(phi(-2,q1))*
 pol(phi(-4,q2))*
 pol(phi(-6,q3))*
 prop(phi(1,-p1-p3))*
 prop(phi(3,-p2+q2))*
 prop(phi(5,q1+q3))*
 vrtx(phi(-1,p1),phi(-5,p3),phi(1,-p1-p3))*
 vrtx(phi(-3,p2),phi(-4,-q2),phi(3,-p2+q2))*
 vrtx(phi(-2,-q1),phi(-6,-q3),phi(5,q1+q3))*
 vrtx(phi(2,p1+p3),phi(4,p2-q2),phi(6,-q1-q3));
 
 a(6):= (+1)*
 pol(phi(-1,p1))*
 pol(phi(-3,p2))*
 pol(phi(-5,p3))*
 pol(phi(-2,q1))*
 pol(phi(-4,q2))*
 pol(phi(-6,q3))*
 prop(phi(1,-p1-p3))*
 prop(phi(3,-p2+q3))*
 prop(phi(5,q1+q2))*
 vrtx(phi(-1,p1),phi(-5,p3),phi(1,-p1-p3))*
 vrtx(phi(-3,p2),phi(-6,-q3),phi(3,-p2+q3))*
 vrtx(phi(-2,-q1),phi(-4,-q2),phi(5,q1+q2))*
 vrtx(phi(2,p1+p3),phi(4,p2-q3),phi(6,-q1-q2));
 
 a(7):= (+1)*
 pol(phi(-1,p1))*
 pol(phi(-3,p2))*
 pol(phi(-5,p3))*
 pol(phi(-2,q1))*
 pol(phi(-4,q2))*
 pol(phi(-6,q3))*
 prop(phi(1,-p1+q1))*
 prop(phi(3,-p2-p3))*
 prop(phi(5,q2+q3))*
 vrtx(phi(-1,p1),phi(-2,-q1),phi(1,-p1+q1))*
 vrtx(phi(-3,p2),phi(-5,p3),phi(3,-p2-p3))*
 vrtx(phi(-4,-q2),phi(-6,-q3),phi(5,q2+q3))*
 vrtx(phi(2,p1-q1),phi(4,p2+p3),phi(6,-q2-q3));
 
 a(8):= (+1)*
 pol(phi(-1,p1))*
 pol(phi(-3,p2))*
 pol(phi(-5,p3))*
 pol(phi(-2,q1))*
 pol(phi(-4,q2))*
 pol(phi(-6,q3))*
 prop(phi(1,-p1+q1))*
 prop(phi(3,-p2+q2))*
 prop(phi(5,-p3+q3))*
 vrtx(phi(-1,p1),phi(-2,-q1),phi(1,-p1+q1))*
 vrtx(phi(-3,p2),phi(-4,-q2),phi(3,-p2+q2))*
 vrtx(phi(-5,p3),phi(-6,-q3),phi(5,-p3+q3))*
 vrtx(phi(2,p1-q1),phi(4,p2-q2),phi(6,p3-q3));
 
 a(9):= (+1)*
 pol(phi(-1,p1))*
 pol(phi(-3,p2))*
 pol(phi(-5,p3))*
 pol(phi(-2,q1))*
 pol(phi(-4,q2))*
 pol(phi(-6,q3))*
 prop(phi(1,-p1+q1))*
 prop(phi(3,-p2+q3))*
 prop(phi(5,-p3+q2))*
 vrtx(phi(-1,p1),phi(-2,-q1),phi(1,-p1+q1))*
 vrtx(phi(-3,p2),phi(-6,-q3),phi(3,-p2+q3))*
 vrtx(phi(-5,p3),phi(-4,-q2),phi(5,-p3+q2))*
 vrtx(phi(2,p1-q1),phi(4,p2-q3),phi(6,p3-q2));
 
 a(10):= (+1)*
 pol(phi(-1,p1))*
 pol(phi(-3,p2))*
 pol(phi(-5,p3))*
 pol(phi(-2,q1))*
 pol(phi(-4,q2))*
 pol(phi(-6,q3))*
 prop(phi(1,-p1+q2))*
 prop(phi(3,-p2-p3))*
 prop(phi(5,q1+q3))*
 vrtx(phi(-1,p1),phi(-4,-q2),phi(1,-p1+q2))*
 vrtx(phi(-3,p2),phi(-5,p3),phi(3,-p2-p3))*
 vrtx(phi(-2,-q1),phi(-6,-q3),phi(5,q1+q3))*
 vrtx(phi(2,p1-q2),phi(4,p2+p3),phi(6,-q1-q3));
 
 a(11):= (+1)*
 pol(phi(-1,p1))*
 pol(phi(-3,p2))*
 pol(phi(-5,p3))*
 pol(phi(-2,q1))*
 pol(phi(-4,q2))*
 pol(phi(-6,q3))*
 prop(phi(1,-p1+q2))*
 prop(phi(3,-p2+q1))*
 prop(phi(5,-p3+q3))*
 vrtx(phi(-1,p1),phi(-4,-q2),phi(1,-p1+q2))*
 vrtx(phi(-3,p2),phi(-2,-q1),phi(3,-p2+q1))*
 vrtx(phi(-5,p3),phi(-6,-q3),phi(5,-p3+q3))*
 vrtx(phi(2,p1-q2),phi(4,p2-q1),phi(6,p3-q3));
 
 a(12):= (+1)*
 pol(phi(-1,p1))*
 pol(phi(-3,p2))*
 pol(phi(-5,p3))*
 pol(phi(-2,q1))*
 pol(phi(-4,q2))*
 pol(phi(-6,q3))*
 prop(phi(1,-p1+q2))*
 prop(phi(3,-p2+q3))*
 prop(phi(5,-p3+q1))*
 vrtx(phi(-1,p1),phi(-4,-q2),phi(1,-p1+q2))*
 vrtx(phi(-3,p2),phi(-6,-q3),phi(3,-p2+q3))*
 vrtx(phi(-5,p3),phi(-2,-q1),phi(5,-p3+q1))*
 vrtx(phi(2,p1-q2),phi(4,p2-q3),phi(6,p3-q1));
 
 a(13):= (+1)*
 pol(phi(-1,p1))*
 pol(phi(-3,p2))*
 pol(phi(-5,p3))*
 pol(phi(-2,q1))*
 pol(phi(-4,q2))*
 pol(phi(-6,q3))*
 prop(phi(1,-p1+q3))*
 prop(phi(3,-p2-p3))*
 prop(phi(5,q1+q2))*
 vrtx(phi(-1,p1),phi(-6,-q3),phi(1,-p1+q3))*
 vrtx(phi(-3,p2),phi(-5,p3),phi(3,-p2-p3))*
 vrtx(phi(-2,-q1),phi(-4,-q2),phi(5,q1+q2))*
 vrtx(phi(2,p1-q3),phi(4,p2+p3),phi(6,-q1-q2));
 
 a(14):= (+1)*
 pol(phi(-1,p1))*
 pol(phi(-3,p2))*
 pol(phi(-5,p3))*
 pol(phi(-2,q1))*
 pol(phi(-4,q2))*
 pol(phi(-6,q3))*
 prop(phi(1,-p1+q3))*
 prop(phi(3,-p2+q1))*
 prop(phi(5,-p3+q2))*
 vrtx(phi(-1,p1),phi(-6,-q3),phi(1,-p1+q3))*
 vrtx(phi(-3,p2),phi(-2,-q1),phi(3,-p2+q1))*
 vrtx(phi(-5,p3),phi(-4,-q2),phi(5,-p3+q2))*
 vrtx(phi(2,p1-q3),phi(4,p2-q1),phi(6,p3-q2));
 
 a(15):= (+1)*
 pol(phi(-1,p1))*
 pol(phi(-3,p2))*
 pol(phi(-5,p3))*
 pol(phi(-2,q1))*
 pol(phi(-4,q2))*
 pol(phi(-6,q3))*
 prop(phi(1,-p1+q3))*
 prop(phi(3,-p2+q2))*
 prop(phi(5,-p3+q1))*
 vrtx(phi(-1,p1),phi(-6,-q3),phi(1,-p1+q3))*
 vrtx(phi(-3,p2),phi(-4,-q2),phi(3,-p2+q2))*
 vrtx(phi(-5,p3),phi(-2,-q1),phi(5,-p3+q1))*
 vrtx(phi(2,p1-q3),phi(4,p2-q2),phi(6,p3-q1));
 
 a(16):= (+1)*
 pol(phi(-1,p1))*
 pol(phi(-3,p2))*
 pol(phi(-5,p3))*
 pol(phi(-2,q1))*
 pol(phi(-4,q2))*
 pol(phi(-6,q3))*
 prop(phi(1,-p1-p2))*
 prop(phi(3,-p3+q1))*
 prop(phi(5,-p1-p2+q2))*
 vrtx(phi(-1,p1),phi(-3,p2),phi(1,-p1-p2))*
 vrtx(phi(-5,p3),phi(-2,-q1),phi(3,-p3+q1))*
 vrtx(phi(-4,-q2),phi(2,p1+p2),phi(5,-p1-p2+q2))*
 vrtx(phi(-6,-q3),phi(4,p3-q1),phi(6,p1+p2-q2));
 
 a(17):= (+1)*
 pol(phi(-1,p1))*
 pol(phi(-3,p2))*
 pol(phi(-5,p3))*
 pol(phi(-2,q1))*
 pol(phi(-4,q2))*
 pol(phi(-6,q3))*
 prop(phi(1,-p1-p2))*
 prop(phi(3,-p3+q1))*
 prop(phi(5,-p1-p2+q3))*
 vrtx(phi(-1,p1),phi(-3,p2),phi(1,-p1-p2))*
 vrtx(phi(-5,p3),phi(-2,-q1),phi(3,-p3+q1))*
 vrtx(phi(-6,-q3),phi(2,p1+p2),phi(5,-p1-p2+q3))*
 vrtx(phi(-4,-q2),phi(4,p3-q1),phi(6,p1+p2-q3));
 
 a(18):= (+1)*
 pol(phi(-1,p1))*
 pol(phi(-3,p2))*
 pol(phi(-5,p3))*
 pol(phi(-2,q1))*
 pol(phi(-4,q2))*
 pol(phi(-6,q3))*
 prop(phi(1,-p1-p2))*
 prop(phi(3,-p3+q2))*
 prop(phi(5,-p1-p2+q1))*
 vrtx(phi(-1,p1),phi(-3,p2),phi(1,-p1-p2))*
 vrtx(phi(-5,p3),phi(-4,-q2),phi(3,-p3+q2))*
 vrtx(phi(-2,-q1),phi(2,p1+p2),phi(5,-p1-p2+q1))*
 vrtx(phi(-6,-q3),phi(4,p3-q2),phi(6,p1+p2-q1));
 
 a(19):= (+1)*
 pol(phi(-1,p1))*
 pol(phi(-3,p2))*
 pol(phi(-5,p3))*
 pol(phi(-2,q1))*
 pol(phi(-4,q2))*
 pol(phi(-6,q3))*
 prop(phi(1,-p1-p2))*
 prop(phi(3,-p3+q2))*
 prop(phi(5,-p1-p2+q3))*
 vrtx(phi(-1,p1),phi(-3,p2),phi(1,-p1-p2))*
 vrtx(phi(-5,p3),phi(-4,-q2),phi(3,-p3+q2))*
 vrtx(phi(-6,-q3),phi(2,p1+p2),phi(5,-p1-p2+q3))*
 vrtx(phi(-2,-q1),phi(4,p3-q2),phi(6,p1+p2-q3));
 
 a(20):= (+1)*
 pol(phi(-1,p1))*
 pol(phi(-3,p2))*
 pol(phi(-5,p3))*
 pol(phi(-2,q1))*
 pol(phi(-4,q2))*
 pol(phi(-6,q3))*
 prop(phi(1,-p1-p2))*
 prop(phi(3,-p3+q3))*
 prop(phi(5,-p1-p2+q1))*
 vrtx(phi(-1,p1),phi(-3,p2),phi(1,-p1-p2))*
 vrtx(phi(-5,p3),phi(-6,-q3),phi(3,-p3+q3))*
 vrtx(phi(-2,-q1),phi(2,p1+p2),phi(5,-p1-p2+q1))*
 vrtx(phi(-4,-q2),phi(4,p3-q3),phi(6,p1+p2-q1));
 
 a(21):= (+1)*
 pol(phi(-1,p1))*
 pol(phi(-3,p2))*
 pol(phi(-5,p3))*
 pol(phi(-2,q1))*
 pol(phi(-4,q2))*
 pol(phi(-6,q3))*
 prop(phi(1,-p1-p2))*
 prop(phi(3,-p3+q3))*
 prop(phi(5,-p1-p2+q2))*
 vrtx(phi(-1,p1),phi(-3,p2),phi(1,-p1-p2))*
 vrtx(phi(-5,p3),phi(-6,-q3),phi(3,-p3+q3))*
 vrtx(phi(-4,-q2),phi(2,p1+p2),phi(5,-p1-p2+q2))*
 vrtx(phi(-2,-q1),phi(4,p3-q3),phi(6,p1+p2-q2));
 
 a(22):= (+1)*
 pol(phi(-1,p1))*
 pol(phi(-3,p2))*
 pol(phi(-5,p3))*
 pol(phi(-2,q1))*
 pol(phi(-4,q2))*
 pol(phi(-6,q3))*
 prop(phi(1,-p1-p2))*
 prop(phi(3,q1+q2))*
 prop(phi(5,-p1-p2-p3))*
 vrtx(phi(-1,p1),phi(-3,p2),phi(1,-p1-p2))*
 vrtx(phi(-2,-q1),phi(-4,-q2),phi(3,q1+q2))*
 vrtx(phi(-5,p3),phi(2,p1+p2),phi(5,-p1-p2-p3))*
 vrtx(phi(-6,-q3),phi(4,-q1-q2),phi(6,p1+p2+p3));
 
 a(23):= (+1)*
 pol(phi(-1,p1))*
 pol(phi(-3,p2))*
 pol(phi(-5,p3))*
 pol(phi(-2,q1))*
 pol(phi(-4,q2))*
 pol(phi(-6,q3))*
 prop(phi(1,-p1-p2))*
 prop(phi(3,q1+q2))*
 prop(phi(5,-p1-p2+q3))*
 vrtx(phi(-1,p1),phi(-3,p2),phi(1,-p1-p2))*
 vrtx(phi(-2,-q1),phi(-4,-q2),phi(3,q1+q2))*
 vrtx(phi(-6,-q3),phi(2,p1+p2),phi(5,-p1-p2+q3))*
 vrtx(phi(-5,p3),phi(4,-q1-q2),phi(6,p1+p2-q3));
 
 a(24):= (+1)*
 pol(phi(-1,p1))*
 pol(phi(-3,p2))*
 pol(phi(-5,p3))*
 pol(phi(-2,q1))*
 pol(phi(-4,q2))*
 pol(phi(-6,q3))*
 prop(phi(1,-p1-p2))*
 prop(phi(3,q1+q3))*
 prop(phi(5,-p1-p2-p3))*
 vrtx(phi(-1,p1),phi(-3,p2),phi(1,-p1-p2))*
 vrtx(phi(-2,-q1),phi(-6,-q3),phi(3,q1+q3))*
 vrtx(phi(-5,p3),phi(2,p1+p2),phi(5,-p1-p2-p3))*
 vrtx(phi(-4,-q2),phi(4,-q1-q3),phi(6,p1+p2+p3));
 
 a(25):= (+1)*
 pol(phi(-1,p1))*
 pol(phi(-3,p2))*
 pol(phi(-5,p3))*
 pol(phi(-2,q1))*
 pol(phi(-4,q2))*
 pol(phi(-6,q3))*
 prop(phi(1,-p1-p2))*
 prop(phi(3,q1+q3))*
 prop(phi(5,-p1-p2+q2))*
 vrtx(phi(-1,p1),phi(-3,p2),phi(1,-p1-p2))*
 vrtx(phi(-2,-q1),phi(-6,-q3),phi(3,q1+q3))*
 vrtx(phi(-4,-q2),phi(2,p1+p2),phi(5,-p1-p2+q2))*
 vrtx(phi(-5,p3),phi(4,-q1-q3),phi(6,p1+p2-q2));
 
 a(26):= (+1)*
 pol(phi(-1,p1))*
 pol(phi(-3,p2))*
 pol(phi(-5,p3))*
 pol(phi(-2,q1))*
 pol(phi(-4,q2))*
 pol(phi(-6,q3))*
 prop(phi(1,-p1-p2))*
 prop(phi(3,q2+q3))*
 prop(phi(5,-p1-p2-p3))*
 vrtx(phi(-1,p1),phi(-3,p2),phi(1,-p1-p2))*
 vrtx(phi(-4,-q2),phi(-6,-q3),phi(3,q2+q3))*
 vrtx(phi(-5,p3),phi(2,p1+p2),phi(5,-p1-p2-p3))*
 vrtx(phi(-2,-q1),phi(4,-q2-q3),phi(6,p1+p2+p3));
 
 a(27):= (+1)*
 pol(phi(-1,p1))*
 pol(phi(-3,p2))*
 pol(phi(-5,p3))*
 pol(phi(-2,q1))*
 pol(phi(-4,q2))*
 pol(phi(-6,q3))*
 prop(phi(1,-p1-p2))*
 prop(phi(3,q2+q3))*
 prop(phi(5,-p1-p2+q1))*
 vrtx(phi(-1,p1),phi(-3,p2),phi(1,-p1-p2))*
 vrtx(phi(-4,-q2),phi(-6,-q3),phi(3,q2+q3))*
 vrtx(phi(-2,-q1),phi(2,p1+p2),phi(5,-p1-p2+q1))*
 vrtx(phi(-5,p3),phi(4,-q2-q3),phi(6,p1+p2-q1));
 
 a(28):= (+1)*
 pol(phi(-1,p1))*
 pol(phi(-3,p2))*
 pol(phi(-5,p3))*
 pol(phi(-2,q1))*
 pol(phi(-4,q2))*
 pol(phi(-6,q3))*
 prop(phi(1,-p1-p3))*
 prop(phi(3,-p2+q1))*
 prop(phi(5,-p1-p3+q2))*
 vrtx(phi(-1,p1),phi(-5,p3),phi(1,-p1-p3))*
 vrtx(phi(-3,p2),phi(-2,-q1),phi(3,-p2+q1))*
 vrtx(phi(-4,-q2),phi(2,p1+p3),phi(5,-p1-p3+q2))*
 vrtx(phi(-6,-q3),phi(4,p2-q1),phi(6,p1+p3-q2));
 
 a(29):= (+1)*
 pol(phi(-1,p1))*
 pol(phi(-3,p2))*
 pol(phi(-5,p3))*
 pol(phi(-2,q1))*
 pol(phi(-4,q2))*
 pol(phi(-6,q3))*
 prop(phi(1,-p1-p3))*
 prop(phi(3,-p2+q1))*
 prop(phi(5,-p1-p3+q3))*
 vrtx(phi(-1,p1),phi(-5,p3),phi(1,-p1-p3))*
 vrtx(phi(-3,p2),phi(-2,-q1),phi(3,-p2+q1))*
 vrtx(phi(-6,-q3),phi(2,p1+p3),phi(5,-p1-p3+q3))*
 vrtx(phi(-4,-q2),phi(4,p2-q1),phi(6,p1+p3-q3));
 
 a(30):= (+1)*
 pol(phi(-1,p1))*
 pol(phi(-3,p2))*
 pol(phi(-5,p3))*
 pol(phi(-2,q1))*
 pol(phi(-4,q2))*
 pol(phi(-6,q3))*
 prop(phi(1,-p1-p3))*
 prop(phi(3,-p2+q2))*
 prop(phi(5,-p1-p3+q1))*
 vrtx(phi(-1,p1),phi(-5,p3),phi(1,-p1-p3))*
 vrtx(phi(-3,p2),phi(-4,-q2),phi(3,-p2+q2))*
 vrtx(phi(-2,-q1),phi(2,p1+p3),phi(5,-p1-p3+q1))*
 vrtx(phi(-6,-q3),phi(4,p2-q2),phi(6,p1+p3-q1));
 
 a(31):= (+1)*
 pol(phi(-1,p1))*
 pol(phi(-3,p2))*
 pol(phi(-5,p3))*
 pol(phi(-2,q1))*
 pol(phi(-4,q2))*
 pol(phi(-6,q3))*
 prop(phi(1,-p1-p3))*
 prop(phi(3,-p2+q2))*
 prop(phi(5,-p1-p3+q3))*
 vrtx(phi(-1,p1),phi(-5,p3),phi(1,-p1-p3))*
 vrtx(phi(-3,p2),phi(-4,-q2),phi(3,-p2+q2))*
 vrtx(phi(-6,-q3),phi(2,p1+p3),phi(5,-p1-p3+q3))*
 vrtx(phi(-2,-q1),phi(4,p2-q2),phi(6,p1+p3-q3));
 
 a(32):= (+1)*
 pol(phi(-1,p1))*
 pol(phi(-3,p2))*
 pol(phi(-5,p3))*
 pol(phi(-2,q1))*
 pol(phi(-4,q2))*
 pol(phi(-6,q3))*
 prop(phi(1,-p1-p3))*
 prop(phi(3,-p2+q3))*
 prop(phi(5,-p1-p3+q1))*
 vrtx(phi(-1,p1),phi(-5,p3),phi(1,-p1-p3))*
 vrtx(phi(-3,p2),phi(-6,-q3),phi(3,-p2+q3))*
 vrtx(phi(-2,-q1),phi(2,p1+p3),phi(5,-p1-p3+q1))*
 vrtx(phi(-4,-q2),phi(4,p2-q3),phi(6,p1+p3-q1));
 
 a(33):= (+1)*
 pol(phi(-1,p1))*
 pol(phi(-3,p2))*
 pol(phi(-5,p3))*
 pol(phi(-2,q1))*
 pol(phi(-4,q2))*
 pol(phi(-6,q3))*
 prop(phi(1,-p1-p3))*
 prop(phi(3,-p2+q3))*
 prop(phi(5,-p1-p3+q2))*
 vrtx(phi(-1,p1),phi(-5,p3),phi(1,-p1-p3))*
 vrtx(phi(-3,p2),phi(-6,-q3),phi(3,-p2+q3))*
 vrtx(phi(-4,-q2),phi(2,p1+p3),phi(5,-p1-p3+q2))*
 vrtx(phi(-2,-q1),phi(4,p2-q3),phi(6,p1+p3-q2));
 
 a(34):= (+1)*
 pol(phi(-1,p1))*
 pol(phi(-3,p2))*
 pol(phi(-5,p3))*
 pol(phi(-2,q1))*
 pol(phi(-4,q2))*
 pol(phi(-6,q3))*
 prop(phi(1,-p1-p3))*
 prop(phi(3,q1+q2))*
 prop(phi(5,-p1-p2-p3))*
 vrtx(phi(-1,p1),phi(-5,p3),phi(1,-p1-p3))*
 vrtx(phi(-2,-q1),phi(-4,-q2),phi(3,q1+q2))*
 vrtx(phi(-3,p2),phi(2,p1+p3),phi(5,-p1-p2-p3))*
 vrtx(phi(-6,-q3),phi(4,-q1-q2),phi(6,p1+p2+p3));
 
 a(35):= (+1)*
 pol(phi(-1,p1))*
 pol(phi(-3,p2))*
 pol(phi(-5,p3))*
 pol(phi(-2,q1))*
 pol(phi(-4,q2))*
 pol(phi(-6,q3))*
 prop(phi(1,-p1-p3))*
 prop(phi(3,q1+q2))*
 prop(phi(5,-p1-p3+q3))*
 vrtx(phi(-1,p1),phi(-5,p3),phi(1,-p1-p3))*
 vrtx(phi(-2,-q1),phi(-4,-q2),phi(3,q1+q2))*
 vrtx(phi(-6,-q3),phi(2,p1+p3),phi(5,-p1-p3+q3))*
 vrtx(phi(-3,p2),phi(4,-q1-q2),phi(6,p1+p3-q3));
 
 a(36):= (+1)*
 pol(phi(-1,p1))*
 pol(phi(-3,p2))*
 pol(phi(-5,p3))*
 pol(phi(-2,q1))*
 pol(phi(-4,q2))*
 pol(phi(-6,q3))*
 prop(phi(1,-p1-p3))*
 prop(phi(3,q1+q3))*
 prop(phi(5,-p1-p2-p3))*
 vrtx(phi(-1,p1),phi(-5,p3),phi(1,-p1-p3))*
 vrtx(phi(-2,-q1),phi(-6,-q3),phi(3,q1+q3))*
 vrtx(phi(-3,p2),phi(2,p1+p3),phi(5,-p1-p2-p3))*
 vrtx(phi(-4,-q2),phi(4,-q1-q3),phi(6,p1+p2+p3));
 
 a(37):= (+1)*
 pol(phi(-1,p1))*
 pol(phi(-3,p2))*
 pol(phi(-5,p3))*
 pol(phi(-2,q1))*
 pol(phi(-4,q2))*
 pol(phi(-6,q3))*
 prop(phi(1,-p1-p3))*
 prop(phi(3,q1+q3))*
 prop(phi(5,-p1-p3+q2))*
 vrtx(phi(-1,p1),phi(-5,p3),phi(1,-p1-p3))*
 vrtx(phi(-2,-q1),phi(-6,-q3),phi(3,q1+q3))*
 vrtx(phi(-4,-q2),phi(2,p1+p3),phi(5,-p1-p3+q2))*
 vrtx(phi(-3,p2),phi(4,-q1-q3),phi(6,p1+p3-q2));
 
 a(38):= (+1)*
 pol(phi(-1,p1))*
 pol(phi(-3,p2))*
 pol(phi(-5,p3))*
 pol(phi(-2,q1))*
 pol(phi(-4,q2))*
 pol(phi(-6,q3))*
 prop(phi(1,-p1-p3))*
 prop(phi(3,q2+q3))*
 prop(phi(5,-p1-p2-p3))*
 vrtx(phi(-1,p1),phi(-5,p3),phi(1,-p1-p3))*
 vrtx(phi(-4,-q2),phi(-6,-q3),phi(3,q2+q3))*
 vrtx(phi(-3,p2),phi(2,p1+p3),phi(5,-p1-p2-p3))*
 vrtx(phi(-2,-q1),phi(4,-q2-q3),phi(6,p1+p2+p3));
 
 a(39):= (+1)*
 pol(phi(-1,p1))*
 pol(phi(-3,p2))*
 pol(phi(-5,p3))*
 pol(phi(-2,q1))*
 pol(phi(-4,q2))*
 pol(phi(-6,q3))*
 prop(phi(1,-p1-p3))*
 prop(phi(3,q2+q3))*
 prop(phi(5,-p1-p3+q1))*
 vrtx(phi(-1,p1),phi(-5,p3),phi(1,-p1-p3))*
 vrtx(phi(-4,-q2),phi(-6,-q3),phi(3,q2+q3))*
 vrtx(phi(-2,-q1),phi(2,p1+p3),phi(5,-p1-p3+q1))*
 vrtx(phi(-3,p2),phi(4,-q2-q3),phi(6,p1+p3-q1));
 
 a(40):= (+1)*
 pol(phi(-1,p1))*
 pol(phi(-3,p2))*
 pol(phi(-5,p3))*
 pol(phi(-2,q1))*
 pol(phi(-4,q2))*
 pol(phi(-6,q3))*
 prop(phi(1,-p1+q1))*
 prop(phi(3,-p2-p3))*
 prop(phi(5,-p1+q1+q2))*
 vrtx(phi(-1,p1),phi(-2,-q1),phi(1,-p1+q1))*
 vrtx(phi(-3,p2),phi(-5,p3),phi(3,-p2-p3))*
 vrtx(phi(-4,-q2),phi(2,p1-q1),phi(5,-p1+q1+q2))*
 vrtx(phi(-6,-q3),phi(4,p2+p3),phi(6,p1-q1-q2));
 
 a(41):= (+1)*
 pol(phi(-1,p1))*
 pol(phi(-3,p2))*
 pol(phi(-5,p3))*
 pol(phi(-2,q1))*
 pol(phi(-4,q2))*
 pol(phi(-6,q3))*
 prop(phi(1,-p1+q1))*
 prop(phi(3,-p2-p3))*
 prop(phi(5,-p1+q1+q3))*
 vrtx(phi(-1,p1),phi(-2,-q1),phi(1,-p1+q1))*
 vrtx(phi(-3,p2),phi(-5,p3),phi(3,-p2-p3))*
 vrtx(phi(-6,-q3),phi(2,p1-q1),phi(5,-p1+q1+q3))*
 vrtx(phi(-4,-q2),phi(4,p2+p3),phi(6,p1-q1-q3));
 
 a(42):= (+1)*
 pol(phi(-1,p1))*
 pol(phi(-3,p2))*
 pol(phi(-5,p3))*
 pol(phi(-2,q1))*
 pol(phi(-4,q2))*
 pol(phi(-6,q3))*
 prop(phi(1,-p1+q1))*
 prop(phi(3,-p2+q2))*
 prop(phi(5,-p1-p3+q1))*
 vrtx(phi(-1,p1),phi(-2,-q1),phi(1,-p1+q1))*
 vrtx(phi(-3,p2),phi(-4,-q2),phi(3,-p2+q2))*
 vrtx(phi(-5,p3),phi(2,p1-q1),phi(5,-p1-p3+q1))*
 vrtx(phi(-6,-q3),phi(4,p2-q2),phi(6,p1+p3-q1));
 
 a(43):= (+1)*
 pol(phi(-1,p1))*
 pol(phi(-3,p2))*
 pol(phi(-5,p3))*
 pol(phi(-2,q1))*
 pol(phi(-4,q2))*
 pol(phi(-6,q3))*
 prop(phi(1,-p1+q1))*
 prop(phi(3,-p2+q2))*
 prop(phi(5,-p1+q1+q3))*
 vrtx(phi(-1,p1),phi(-2,-q1),phi(1,-p1+q1))*
 vrtx(phi(-3,p2),phi(-4,-q2),phi(3,-p2+q2))*
 vrtx(phi(-6,-q3),phi(2,p1-q1),phi(5,-p1+q1+q3))*
 vrtx(phi(-5,p3),phi(4,p2-q2),phi(6,p1-q1-q3));
 
 a(44):= (+1)*
 pol(phi(-1,p1))*
 pol(phi(-3,p2))*
 pol(phi(-5,p3))*
 pol(phi(-2,q1))*
 pol(phi(-4,q2))*
 pol(phi(-6,q3))*
 prop(phi(1,-p1+q1))*
 prop(phi(3,-p2+q3))*
 prop(phi(5,-p1-p3+q1))*
 vrtx(phi(-1,p1),phi(-2,-q1),phi(1,-p1+q1))*
 vrtx(phi(-3,p2),phi(-6,-q3),phi(3,-p2+q3))*
 vrtx(phi(-5,p3),phi(2,p1-q1),phi(5,-p1-p3+q1))*
 vrtx(phi(-4,-q2),phi(4,p2-q3),phi(6,p1+p3-q1));
 
 a(45):= (+1)*
 pol(phi(-1,p1))*
 pol(phi(-3,p2))*
 pol(phi(-5,p3))*
 pol(phi(-2,q1))*
 pol(phi(-4,q2))*
 pol(phi(-6,q3))*
 prop(phi(1,-p1+q1))*
 prop(phi(3,-p2+q3))*
 prop(phi(5,-p1+q1+q2))*
 vrtx(phi(-1,p1),phi(-2,-q1),phi(1,-p1+q1))*
 vrtx(phi(-3,p2),phi(-6,-q3),phi(3,-p2+q3))*
 vrtx(phi(-4,-q2),phi(2,p1-q1),phi(5,-p1+q1+q2))*
 vrtx(phi(-5,p3),phi(4,p2-q3),phi(6,p1-q1-q2));
 
 a(46):= (+1)*
 pol(phi(-1,p1))*
 pol(phi(-3,p2))*
 pol(phi(-5,p3))*
 pol(phi(-2,q1))*
 pol(phi(-4,q2))*
 pol(phi(-6,q3))*
 prop(phi(1,-p1+q1))*
 prop(phi(3,-p3+q2))*
 prop(phi(5,-p1-p2+q1))*
 vrtx(phi(-1,p1),phi(-2,-q1),phi(1,-p1+q1))*
 vrtx(phi(-5,p3),phi(-4,-q2),phi(3,-p3+q2))*
 vrtx(phi(-3,p2),phi(2,p1-q1),phi(5,-p1-p2+q1))*
 vrtx(phi(-6,-q3),phi(4,p3-q2),phi(6,p1+p2-q1));
 
 a(47):= (+1)*
 pol(phi(-1,p1))*
 pol(phi(-3,p2))*
 pol(phi(-5,p3))*
 pol(phi(-2,q1))*
 pol(phi(-4,q2))*
 pol(phi(-6,q3))*
 prop(phi(1,-p1+q1))*
 prop(phi(3,-p3+q2))*
 prop(phi(5,-p1+q1+q3))*
 vrtx(phi(-1,p1),phi(-2,-q1),phi(1,-p1+q1))*
 vrtx(phi(-5,p3),phi(-4,-q2),phi(3,-p3+q2))*
 vrtx(phi(-6,-q3),phi(2,p1-q1),phi(5,-p1+q1+q3))*
 vrtx(phi(-3,p2),phi(4,p3-q2),phi(6,p1-q1-q3));
 
 a(48):= (+1)*
 pol(phi(-1,p1))*
 pol(phi(-3,p2))*
 pol(phi(-5,p3))*
 pol(phi(-2,q1))*
 pol(phi(-4,q2))*
 pol(phi(-6,q3))*
 prop(phi(1,-p1+q1))*
 prop(phi(3,-p3+q3))*
 prop(phi(5,-p1-p2+q1))*
 vrtx(phi(-1,p1),phi(-2,-q1),phi(1,-p1+q1))*
 vrtx(phi(-5,p3),phi(-6,-q3),phi(3,-p3+q3))*
 vrtx(phi(-3,p2),phi(2,p1-q1),phi(5,-p1-p2+q1))*
 vrtx(phi(-4,-q2),phi(4,p3-q3),phi(6,p1+p2-q1));
 
 a(49):= (+1)*
 pol(phi(-1,p1))*
 pol(phi(-3,p2))*
 pol(phi(-5,p3))*
 pol(phi(-2,q1))*
 pol(phi(-4,q2))*
 pol(phi(-6,q3))*
 prop(phi(1,-p1+q1))*
 prop(phi(3,-p3+q3))*
 prop(phi(5,-p1+q1+q2))*
 vrtx(phi(-1,p1),phi(-2,-q1),phi(1,-p1+q1))*
 vrtx(phi(-5,p3),phi(-6,-q3),phi(3,-p3+q3))*
 vrtx(phi(-4,-q2),phi(2,p1-q1),phi(5,-p1+q1+q2))*
 vrtx(phi(-3,p2),phi(4,p3-q3),phi(6,p1-q1-q2));
 
 a(50):= (+1)*
 pol(phi(-1,p1))*
 pol(phi(-3,p2))*
 pol(phi(-5,p3))*
 pol(phi(-2,q1))*
 pol(phi(-4,q2))*
 pol(phi(-6,q3))*
 prop(phi(1,-p1+q1))*
 prop(phi(3,q2+q3))*
 prop(phi(5,-p1-p2+q1))*
 vrtx(phi(-1,p1),phi(-2,-q1),phi(1,-p1+q1))*
 vrtx(phi(-4,-q2),phi(-6,-q3),phi(3,q2+q3))*
 vrtx(phi(-3,p2),phi(2,p1-q1),phi(5,-p1-p2+q1))*
 vrtx(phi(-5,p3),phi(4,-q2-q3),phi(6,p1+p2-q1));
 
 a(51):= (+1)*
 pol(phi(-1,p1))*
 pol(phi(-3,p2))*
 pol(phi(-5,p3))*
 pol(phi(-2,q1))*
 pol(phi(-4,q2))*
 pol(phi(-6,q3))*
 prop(phi(1,-p1+q1))*
 prop(phi(3,q2+q3))*
 prop(phi(5,-p1-p3+q1))*
 vrtx(phi(-1,p1),phi(-2,-q1),phi(1,-p1+q1))*
 vrtx(phi(-4,-q2),phi(-6,-q3),phi(3,q2+q3))*
 vrtx(phi(-5,p3),phi(2,p1-q1),phi(5,-p1-p3+q1))*
 vrtx(phi(-3,p2),phi(4,-q2-q3),phi(6,p1+p3-q1));
 
 a(52):= (+1)*
 pol(phi(-1,p1))*
 pol(phi(-3,p2))*
 pol(phi(-5,p3))*
 pol(phi(-2,q1))*
 pol(phi(-4,q2))*
 pol(phi(-6,q3))*
 prop(phi(1,-p1+q2))*
 prop(phi(3,-p2-p3))*
 prop(phi(5,-p1+q1+q2))*
 vrtx(phi(-1,p1),phi(-4,-q2),phi(1,-p1+q2))*
 vrtx(phi(-3,p2),phi(-5,p3),phi(3,-p2-p3))*
 vrtx(phi(-2,-q1),phi(2,p1-q2),phi(5,-p1+q1+q2))*
 vrtx(phi(-6,-q3),phi(4,p2+p3),phi(6,p1-q1-q2));
 
 a(53):= (+1)*
 pol(phi(-1,p1))*
 pol(phi(-3,p2))*
 pol(phi(-5,p3))*
 pol(phi(-2,q1))*
 pol(phi(-4,q2))*
 pol(phi(-6,q3))*
 prop(phi(1,-p1+q2))*
 prop(phi(3,-p2-p3))*
 prop(phi(5,-p1+q2+q3))*
 vrtx(phi(-1,p1),phi(-4,-q2),phi(1,-p1+q2))*
 vrtx(phi(-3,p2),phi(-5,p3),phi(3,-p2-p3))*
 vrtx(phi(-6,-q3),phi(2,p1-q2),phi(5,-p1+q2+q3))*
 vrtx(phi(-2,-q1),phi(4,p2+p3),phi(6,p1-q2-q3));
 
 a(54):= (+1)*
 pol(phi(-1,p1))*
 pol(phi(-3,p2))*
 pol(phi(-5,p3))*
 pol(phi(-2,q1))*
 pol(phi(-4,q2))*
 pol(phi(-6,q3))*
 prop(phi(1,-p1+q2))*
 prop(phi(3,-p2+q1))*
 prop(phi(5,-p1-p3+q2))*
 vrtx(phi(-1,p1),phi(-4,-q2),phi(1,-p1+q2))*
 vrtx(phi(-3,p2),phi(-2,-q1),phi(3,-p2+q1))*
 vrtx(phi(-5,p3),phi(2,p1-q2),phi(5,-p1-p3+q2))*
 vrtx(phi(-6,-q3),phi(4,p2-q1),phi(6,p1+p3-q2));
 
 a(55):= (+1)*
 pol(phi(-1,p1))*
 pol(phi(-3,p2))*
 pol(phi(-5,p3))*
 pol(phi(-2,q1))*
 pol(phi(-4,q2))*
 pol(phi(-6,q3))*
 prop(phi(1,-p1+q2))*
 prop(phi(3,-p2+q1))*
 prop(phi(5,-p1+q2+q3))*
 vrtx(phi(-1,p1),phi(-4,-q2),phi(1,-p1+q2))*
 vrtx(phi(-3,p2),phi(-2,-q1),phi(3,-p2+q1))*
 vrtx(phi(-6,-q3),phi(2,p1-q2),phi(5,-p1+q2+q3))*
 vrtx(phi(-5,p3),phi(4,p2-q1),phi(6,p1-q2-q3));
 
 a(56):= (+1)*
 pol(phi(-1,p1))*
 pol(phi(-3,p2))*
 pol(phi(-5,p3))*
 pol(phi(-2,q1))*
 pol(phi(-4,q2))*
 pol(phi(-6,q3))*
 prop(phi(1,-p1+q2))*
 prop(phi(3,-p2+q3))*
 prop(phi(5,-p1-p3+q2))*
 vrtx(phi(-1,p1),phi(-4,-q2),phi(1,-p1+q2))*
 vrtx(phi(-3,p2),phi(-6,-q3),phi(3,-p2+q3))*
 vrtx(phi(-5,p3),phi(2,p1-q2),phi(5,-p1-p3+q2))*
 vrtx(phi(-2,-q1),phi(4,p2-q3),phi(6,p1+p3-q2));
 
 a(57):= (+1)*
 pol(phi(-1,p1))*
 pol(phi(-3,p2))*
 pol(phi(-5,p3))*
 pol(phi(-2,q1))*
 pol(phi(-4,q2))*
 pol(phi(-6,q3))*
 prop(phi(1,-p1+q2))*
 prop(phi(3,-p2+q3))*
 prop(phi(5,-p1+q1+q2))*
 vrtx(phi(-1,p1),phi(-4,-q2),phi(1,-p1+q2))*
 vrtx(phi(-3,p2),phi(-6,-q3),phi(3,-p2+q3))*
 vrtx(phi(-2,-q1),phi(2,p1-q2),phi(5,-p1+q1+q2))*
 vrtx(phi(-5,p3),phi(4,p2-q3),phi(6,p1-q1-q2));
 
 a(58):= (+1)*
 pol(phi(-1,p1))*
 pol(phi(-3,p2))*
 pol(phi(-5,p3))*
 pol(phi(-2,q1))*
 pol(phi(-4,q2))*
 pol(phi(-6,q3))*
 prop(phi(1,-p1+q2))*
 prop(phi(3,-p3+q1))*
 prop(phi(5,-p1-p2+q2))*
 vrtx(phi(-1,p1),phi(-4,-q2),phi(1,-p1+q2))*
 vrtx(phi(-5,p3),phi(-2,-q1),phi(3,-p3+q1))*
 vrtx(phi(-3,p2),phi(2,p1-q2),phi(5,-p1-p2+q2))*
 vrtx(phi(-6,-q3),phi(4,p3-q1),phi(6,p1+p2-q2));
 
 a(59):= (+1)*
 pol(phi(-1,p1))*
 pol(phi(-3,p2))*
 pol(phi(-5,p3))*
 pol(phi(-2,q1))*
 pol(phi(-4,q2))*
 pol(phi(-6,q3))*
 prop(phi(1,-p1+q2))*
 prop(phi(3,-p3+q1))*
 prop(phi(5,-p1+q2+q3))*
 vrtx(phi(-1,p1),phi(-4,-q2),phi(1,-p1+q2))*
 vrtx(phi(-5,p3),phi(-2,-q1),phi(3,-p3+q1))*
 vrtx(phi(-6,-q3),phi(2,p1-q2),phi(5,-p1+q2+q3))*
 vrtx(phi(-3,p2),phi(4,p3-q1),phi(6,p1-q2-q3));
 
 a(60):= (+1)*
 pol(phi(-1,p1))*
 pol(phi(-3,p2))*
 pol(phi(-5,p3))*
 pol(phi(-2,q1))*
 pol(phi(-4,q2))*
 pol(phi(-6,q3))*
 prop(phi(1,-p1+q2))*
 prop(phi(3,-p3+q3))*
 prop(phi(5,-p1-p2+q2))*
 vrtx(phi(-1,p1),phi(-4,-q2),phi(1,-p1+q2))*
 vrtx(phi(-5,p3),phi(-6,-q3),phi(3,-p3+q3))*
 vrtx(phi(-3,p2),phi(2,p1-q2),phi(5,-p1-p2+q2))*
 vrtx(phi(-2,-q1),phi(4,p3-q3),phi(6,p1+p2-q2));
 
 a(61):= (+1)*
 pol(phi(-1,p1))*
 pol(phi(-3,p2))*
 pol(phi(-5,p3))*
 pol(phi(-2,q1))*
 pol(phi(-4,q2))*
 pol(phi(-6,q3))*
 prop(phi(1,-p1+q2))*
 prop(phi(3,-p3+q3))*
 prop(phi(5,-p1+q1+q2))*
 vrtx(phi(-1,p1),phi(-4,-q2),phi(1,-p1+q2))*
 vrtx(phi(-5,p3),phi(-6,-q3),phi(3,-p3+q3))*
 vrtx(phi(-2,-q1),phi(2,p1-q2),phi(5,-p1+q1+q2))*
 vrtx(phi(-3,p2),phi(4,p3-q3),phi(6,p1-q1-q2));
 
 a(62):= (+1)*
 pol(phi(-1,p1))*
 pol(phi(-3,p2))*
 pol(phi(-5,p3))*
 pol(phi(-2,q1))*
 pol(phi(-4,q2))*
 pol(phi(-6,q3))*
 prop(phi(1,-p1+q2))*
 prop(phi(3,q1+q3))*
 prop(phi(5,-p1-p2+q2))*
 vrtx(phi(-1,p1),phi(-4,-q2),phi(1,-p1+q2))*
 vrtx(phi(-2,-q1),phi(-6,-q3),phi(3,q1+q3))*
 vrtx(phi(-3,p2),phi(2,p1-q2),phi(5,-p1-p2+q2))*
 vrtx(phi(-5,p3),phi(4,-q1-q3),phi(6,p1+p2-q2));
 
 a(63):= (+1)*
 pol(phi(-1,p1))*
 pol(phi(-3,p2))*
 pol(phi(-5,p3))*
 pol(phi(-2,q1))*
 pol(phi(-4,q2))*
 pol(phi(-6,q3))*
 prop(phi(1,-p1+q2))*
 prop(phi(3,q1+q3))*
 prop(phi(5,-p1-p3+q2))*
 vrtx(phi(-1,p1),phi(-4,-q2),phi(1,-p1+q2))*
 vrtx(phi(-2,-q1),phi(-6,-q3),phi(3,q1+q3))*
 vrtx(phi(-5,p3),phi(2,p1-q2),phi(5,-p1-p3+q2))*
 vrtx(phi(-3,p2),phi(4,-q1-q3),phi(6,p1+p3-q2));
 
 a(64):= (+1)*
 pol(phi(-1,p1))*
 pol(phi(-3,p2))*
 pol(phi(-5,p3))*
 pol(phi(-2,q1))*
 pol(phi(-4,q2))*
 pol(phi(-6,q3))*
 prop(phi(1,-p1+q3))*
 prop(phi(3,-p2-p3))*
 prop(phi(5,-p1+q1+q3))*
 vrtx(phi(-1,p1),phi(-6,-q3),phi(1,-p1+q3))*
 vrtx(phi(-3,p2),phi(-5,p3),phi(3,-p2-p3))*
 vrtx(phi(-2,-q1),phi(2,p1-q3),phi(5,-p1+q1+q3))*
 vrtx(phi(-4,-q2),phi(4,p2+p3),phi(6,p1-q1-q3));
 
 a(65):= (+1)*
 pol(phi(-1,p1))*
 pol(phi(-3,p2))*
 pol(phi(-5,p3))*
 pol(phi(-2,q1))*
 pol(phi(-4,q2))*
 pol(phi(-6,q3))*
 prop(phi(1,-p1+q3))*
 prop(phi(3,-p2-p3))*
 prop(phi(5,-p1+q2+q3))*
 vrtx(phi(-1,p1),phi(-6,-q3),phi(1,-p1+q3))*
 vrtx(phi(-3,p2),phi(-5,p3),phi(3,-p2-p3))*
 vrtx(phi(-4,-q2),phi(2,p1-q3),phi(5,-p1+q2+q3))*
 vrtx(phi(-2,-q1),phi(4,p2+p3),phi(6,p1-q2-q3));
 
 a(66):= (+1)*
 pol(phi(-1,p1))*
 pol(phi(-3,p2))*
 pol(phi(-5,p3))*
 pol(phi(-2,q1))*
 pol(phi(-4,q2))*
 pol(phi(-6,q3))*
 prop(phi(1,-p1+q3))*
 prop(phi(3,-p2+q1))*
 prop(phi(5,-p1-p3+q3))*
 vrtx(phi(-1,p1),phi(-6,-q3),phi(1,-p1+q3))*
 vrtx(phi(-3,p2),phi(-2,-q1),phi(3,-p2+q1))*
 vrtx(phi(-5,p3),phi(2,p1-q3),phi(5,-p1-p3+q3))*
 vrtx(phi(-4,-q2),phi(4,p2-q1),phi(6,p1+p3-q3));
 
 a(67):= (+1)*
 pol(phi(-1,p1))*
 pol(phi(-3,p2))*
 pol(phi(-5,p3))*
 pol(phi(-2,q1))*
 pol(phi(-4,q2))*
 pol(phi(-6,q3))*
 prop(phi(1,-p1+q3))*
 prop(phi(3,-p2+q1))*
 prop(phi(5,-p1+q2+q3))*
 vrtx(phi(-1,p1),phi(-6,-q3),phi(1,-p1+q3))*
 vrtx(phi(-3,p2),phi(-2,-q1),phi(3,-p2+q1))*
 vrtx(phi(-4,-q2),phi(2,p1-q3),phi(5,-p1+q2+q3))*
 vrtx(phi(-5,p3),phi(4,p2-q1),phi(6,p1-q2-q3));
 
 a(68):= (+1)*
 pol(phi(-1,p1))*
 pol(phi(-3,p2))*
 pol(phi(-5,p3))*
 pol(phi(-2,q1))*
 pol(phi(-4,q2))*
 pol(phi(-6,q3))*
 prop(phi(1,-p1+q3))*
 prop(phi(3,-p2+q2))*
 prop(phi(5,-p1-p3+q3))*
 vrtx(phi(-1,p1),phi(-6,-q3),phi(1,-p1+q3))*
 vrtx(phi(-3,p2),phi(-4,-q2),phi(3,-p2+q2))*
 vrtx(phi(-5,p3),phi(2,p1-q3),phi(5,-p1-p3+q3))*
 vrtx(phi(-2,-q1),phi(4,p2-q2),phi(6,p1+p3-q3));
 
 a(69):= (+1)*
 pol(phi(-1,p1))*
 pol(phi(-3,p2))*
 pol(phi(-5,p3))*
 pol(phi(-2,q1))*
 pol(phi(-4,q2))*
 pol(phi(-6,q3))*
 prop(phi(1,-p1+q3))*
 prop(phi(3,-p2+q2))*
 prop(phi(5,-p1+q1+q3))*
 vrtx(phi(-1,p1),phi(-6,-q3),phi(1,-p1+q3))*
 vrtx(phi(-3,p2),phi(-4,-q2),phi(3,-p2+q2))*
 vrtx(phi(-2,-q1),phi(2,p1-q3),phi(5,-p1+q1+q3))*
 vrtx(phi(-5,p3),phi(4,p2-q2),phi(6,p1-q1-q3));
 
 a(70):= (+1)*
 pol(phi(-1,p1))*
 pol(phi(-3,p2))*
 pol(phi(-5,p3))*
 pol(phi(-2,q1))*
 pol(phi(-4,q2))*
 pol(phi(-6,q3))*
 prop(phi(1,-p1+q3))*
 prop(phi(3,-p3+q1))*
 prop(phi(5,-p1-p2+q3))*
 vrtx(phi(-1,p1),phi(-6,-q3),phi(1,-p1+q3))*
 vrtx(phi(-5,p3),phi(-2,-q1),phi(3,-p3+q1))*
 vrtx(phi(-3,p2),phi(2,p1-q3),phi(5,-p1-p2+q3))*
 vrtx(phi(-4,-q2),phi(4,p3-q1),phi(6,p1+p2-q3));
 
 a(71):= (+1)*
 pol(phi(-1,p1))*
 pol(phi(-3,p2))*
 pol(phi(-5,p3))*
 pol(phi(-2,q1))*
 pol(phi(-4,q2))*
 pol(phi(-6,q3))*
 prop(phi(1,-p1+q3))*
 prop(phi(3,-p3+q1))*
 prop(phi(5,-p1+q2+q3))*
 vrtx(phi(-1,p1),phi(-6,-q3),phi(1,-p1+q3))*
 vrtx(phi(-5,p3),phi(-2,-q1),phi(3,-p3+q1))*
 vrtx(phi(-4,-q2),phi(2,p1-q3),phi(5,-p1+q2+q3))*
 vrtx(phi(-3,p2),phi(4,p3-q1),phi(6,p1-q2-q3));
 
 a(72):= (+1)*
 pol(phi(-1,p1))*
 pol(phi(-3,p2))*
 pol(phi(-5,p3))*
 pol(phi(-2,q1))*
 pol(phi(-4,q2))*
 pol(phi(-6,q3))*
 prop(phi(1,-p1+q3))*
 prop(phi(3,-p3+q2))*
 prop(phi(5,-p1-p2+q3))*
 vrtx(phi(-1,p1),phi(-6,-q3),phi(1,-p1+q3))*
 vrtx(phi(-5,p3),phi(-4,-q2),phi(3,-p3+q2))*
 vrtx(phi(-3,p2),phi(2,p1-q3),phi(5,-p1-p2+q3))*
 vrtx(phi(-2,-q1),phi(4,p3-q2),phi(6,p1+p2-q3));
 
 a(73):= (+1)*
 pol(phi(-1,p1))*
 pol(phi(-3,p2))*
 pol(phi(-5,p3))*
 pol(phi(-2,q1))*
 pol(phi(-4,q2))*
 pol(phi(-6,q3))*
 prop(phi(1,-p1+q3))*
 prop(phi(3,-p3+q2))*
 prop(phi(5,-p1+q1+q3))*
 vrtx(phi(-1,p1),phi(-6,-q3),phi(1,-p1+q3))*
 vrtx(phi(-5,p3),phi(-4,-q2),phi(3,-p3+q2))*
 vrtx(phi(-2,-q1),phi(2,p1-q3),phi(5,-p1+q1+q3))*
 vrtx(phi(-3,p2),phi(4,p3-q2),phi(6,p1-q1-q3));
 
 a(74):= (+1)*
 pol(phi(-1,p1))*
 pol(phi(-3,p2))*
 pol(phi(-5,p3))*
 pol(phi(-2,q1))*
 pol(phi(-4,q2))*
 pol(phi(-6,q3))*
 prop(phi(1,-p1+q3))*
 prop(phi(3,q1+q2))*
 prop(phi(5,-p1-p2+q3))*
 vrtx(phi(-1,p1),phi(-6,-q3),phi(1,-p1+q3))*
 vrtx(phi(-2,-q1),phi(-4,-q2),phi(3,q1+q2))*
 vrtx(phi(-3,p2),phi(2,p1-q3),phi(5,-p1-p2+q3))*
 vrtx(phi(-5,p3),phi(4,-q1-q2),phi(6,p1+p2-q3));
 
 a(75):= (+1)*
 pol(phi(-1,p1))*
 pol(phi(-3,p2))*
 pol(phi(-5,p3))*
 pol(phi(-2,q1))*
 pol(phi(-4,q2))*
 pol(phi(-6,q3))*
 prop(phi(1,-p1+q3))*
 prop(phi(3,q1+q2))*
 prop(phi(5,-p1-p3+q3))*
 vrtx(phi(-1,p1),phi(-6,-q3),phi(1,-p1+q3))*
 vrtx(phi(-2,-q1),phi(-4,-q2),phi(3,q1+q2))*
 vrtx(phi(-5,p3),phi(2,p1-q3),phi(5,-p1-p3+q3))*
 vrtx(phi(-3,p2),phi(4,-q1-q2),phi(6,p1+p3-q3));
 
 a(76):= (+1)*
 pol(phi(-1,p1))*
 pol(phi(-3,p2))*
 pol(phi(-5,p3))*
 pol(phi(-2,q1))*
 pol(phi(-4,q2))*
 pol(phi(-6,q3))*
 prop(phi(1,-p2-p3))*
 prop(phi(3,q1+q2))*
 prop(phi(5,-p1-p2-p3))*
 vrtx(phi(-3,p2),phi(-5,p3),phi(1,-p2-p3))*
 vrtx(phi(-2,-q1),phi(-4,-q2),phi(3,q1+q2))*
 vrtx(phi(-1,p1),phi(2,p2+p3),phi(5,-p1-p2-p3))*
 vrtx(phi(-6,-q3),phi(4,-q1-q2),phi(6,p1+p2+p3));
 
 a(77):= (+1)*
 pol(phi(-1,p1))*
 pol(phi(-3,p2))*
 pol(phi(-5,p3))*
 pol(phi(-2,q1))*
 pol(phi(-4,q2))*
 pol(phi(-6,q3))*
 prop(phi(1,-p2-p3))*
 prop(phi(3,q1+q2))*
 prop(phi(5,-p2-p3+q3))*
 vrtx(phi(-3,p2),phi(-5,p3),phi(1,-p2-p3))*
 vrtx(phi(-2,-q1),phi(-4,-q2),phi(3,q1+q2))*
 vrtx(phi(-6,-q3),phi(2,p2+p3),phi(5,-p2-p3+q3))*
 vrtx(phi(-1,p1),phi(4,-q1-q2),phi(6,p2+p3-q3));
 
 a(78):= (+1)*
 pol(phi(-1,p1))*
 pol(phi(-3,p2))*
 pol(phi(-5,p3))*
 pol(phi(-2,q1))*
 pol(phi(-4,q2))*
 pol(phi(-6,q3))*
 prop(phi(1,-p2-p3))*
 prop(phi(3,q1+q3))*
 prop(phi(5,-p1-p2-p3))*
 vrtx(phi(-3,p2),phi(-5,p3),phi(1,-p2-p3))*
 vrtx(phi(-2,-q1),phi(-6,-q3),phi(3,q1+q3))*
 vrtx(phi(-1,p1),phi(2,p2+p3),phi(5,-p1-p2-p3))*
 vrtx(phi(-4,-q2),phi(4,-q1-q3),phi(6,p1+p2+p3));
 
 a(79):= (+1)*
 pol(phi(-1,p1))*
 pol(phi(-3,p2))*
 pol(phi(-5,p3))*
 pol(phi(-2,q1))*
 pol(phi(-4,q2))*
 pol(phi(-6,q3))*
 prop(phi(1,-p2-p3))*
 prop(phi(3,q1+q3))*
 prop(phi(5,-p2-p3+q2))*
 vrtx(phi(-3,p2),phi(-5,p3),phi(1,-p2-p3))*
 vrtx(phi(-2,-q1),phi(-6,-q3),phi(3,q1+q3))*
 vrtx(phi(-4,-q2),phi(2,p2+p3),phi(5,-p2-p3+q2))*
 vrtx(phi(-1,p1),phi(4,-q1-q3),phi(6,p2+p3-q2));
 
 a(80):= (+1)*
 pol(phi(-1,p1))*
 pol(phi(-3,p2))*
 pol(phi(-5,p3))*
 pol(phi(-2,q1))*
 pol(phi(-4,q2))*
 pol(phi(-6,q3))*
 prop(phi(1,-p2-p3))*
 prop(phi(3,q2+q3))*
 prop(phi(5,-p1-p2-p3))*
 vrtx(phi(-3,p2),phi(-5,p3),phi(1,-p2-p3))*
 vrtx(phi(-4,-q2),phi(-6,-q3),phi(3,q2+q3))*
 vrtx(phi(-1,p1),phi(2,p2+p3),phi(5,-p1-p2-p3))*
 vrtx(phi(-2,-q1),phi(4,-q2-q3),phi(6,p1+p2+p3));
 
 a(81):= (+1)*
 pol(phi(-1,p1))*
 pol(phi(-3,p2))*
 pol(phi(-5,p3))*
 pol(phi(-2,q1))*
 pol(phi(-4,q2))*
 pol(phi(-6,q3))*
 prop(phi(1,-p2-p3))*
 prop(phi(3,q2+q3))*
 prop(phi(5,-p2-p3+q1))*
 vrtx(phi(-3,p2),phi(-5,p3),phi(1,-p2-p3))*
 vrtx(phi(-4,-q2),phi(-6,-q3),phi(3,q2+q3))*
 vrtx(phi(-2,-q1),phi(2,p2+p3),phi(5,-p2-p3+q1))*
 vrtx(phi(-1,p1),phi(4,-q2-q3),phi(6,p2+p3-q1));
 
 a(82):= (+1)*
 pol(phi(-1,p1))*
 pol(phi(-3,p2))*
 pol(phi(-5,p3))*
 pol(phi(-2,q1))*
 pol(phi(-4,q2))*
 pol(phi(-6,q3))*
 prop(phi(1,-p2+q1))*
 prop(phi(3,-p3+q2))*
 prop(phi(5,-p1-p2+q1))*
 vrtx(phi(-3,p2),phi(-2,-q1),phi(1,-p2+q1))*
 vrtx(phi(-5,p3),phi(-4,-q2),phi(3,-p3+q2))*
 vrtx(phi(-1,p1),phi(2,p2-q1),phi(5,-p1-p2+q1))*
 vrtx(phi(-6,-q3),phi(4,p3-q2),phi(6,p1+p2-q1));
 
 a(83):= (+1)*
 pol(phi(-1,p1))*
 pol(phi(-3,p2))*
 pol(phi(-5,p3))*
 pol(phi(-2,q1))*
 pol(phi(-4,q2))*
 pol(phi(-6,q3))*
 prop(phi(1,-p2+q1))*
 prop(phi(3,-p3+q2))*
 prop(phi(5,-p2+q1+q3))*
 vrtx(phi(-3,p2),phi(-2,-q1),phi(1,-p2+q1))*
 vrtx(phi(-5,p3),phi(-4,-q2),phi(3,-p3+q2))*
 vrtx(phi(-6,-q3),phi(2,p2-q1),phi(5,-p2+q1+q3))*
 vrtx(phi(-1,p1),phi(4,p3-q2),phi(6,p2-q1-q3));
 
 a(84):= (+1)*
 pol(phi(-1,p1))*
 pol(phi(-3,p2))*
 pol(phi(-5,p3))*
 pol(phi(-2,q1))*
 pol(phi(-4,q2))*
 pol(phi(-6,q3))*
 prop(phi(1,-p2+q1))*
 prop(phi(3,-p3+q3))*
 prop(phi(5,-p1-p2+q1))*
 vrtx(phi(-3,p2),phi(-2,-q1),phi(1,-p2+q1))*
 vrtx(phi(-5,p3),phi(-6,-q3),phi(3,-p3+q3))*
 vrtx(phi(-1,p1),phi(2,p2-q1),phi(5,-p1-p2+q1))*
 vrtx(phi(-4,-q2),phi(4,p3-q3),phi(6,p1+p2-q1));
 
 a(85):= (+1)*
 pol(phi(-1,p1))*
 pol(phi(-3,p2))*
 pol(phi(-5,p3))*
 pol(phi(-2,q1))*
 pol(phi(-4,q2))*
 pol(phi(-6,q3))*
 prop(phi(1,-p2+q1))*
 prop(phi(3,-p3+q3))*
 prop(phi(5,-p2+q1+q2))*
 vrtx(phi(-3,p2),phi(-2,-q1),phi(1,-p2+q1))*
 vrtx(phi(-5,p3),phi(-6,-q3),phi(3,-p3+q3))*
 vrtx(phi(-4,-q2),phi(2,p2-q1),phi(5,-p2+q1+q2))*
 vrtx(phi(-1,p1),phi(4,p3-q3),phi(6,p2-q1-q2));
 
 a(86):= (+1)*
 pol(phi(-1,p1))*
 pol(phi(-3,p2))*
 pol(phi(-5,p3))*
 pol(phi(-2,q1))*
 pol(phi(-4,q2))*
 pol(phi(-6,q3))*
 prop(phi(1,-p2+q1))*
 prop(phi(3,q2+q3))*
 prop(phi(5,-p1-p2+q1))*
 vrtx(phi(-3,p2),phi(-2,-q1),phi(1,-p2+q1))*
 vrtx(phi(-4,-q2),phi(-6,-q3),phi(3,q2+q3))*
 vrtx(phi(-1,p1),phi(2,p2-q1),phi(5,-p1-p2+q1))*
 vrtx(phi(-5,p3),phi(4,-q2-q3),phi(6,p1+p2-q1));
 
 a(87):= (+1)*
 pol(phi(-1,p1))*
 pol(phi(-3,p2))*
 pol(phi(-5,p3))*
 pol(phi(-2,q1))*
 pol(phi(-4,q2))*
 pol(phi(-6,q3))*
 prop(phi(1,-p2+q1))*
 prop(phi(3,q2+q3))*
 prop(phi(5,-p2-p3+q1))*
 vrtx(phi(-3,p2),phi(-2,-q1),phi(1,-p2+q1))*
 vrtx(phi(-4,-q2),phi(-6,-q3),phi(3,q2+q3))*
 vrtx(phi(-5,p3),phi(2,p2-q1),phi(5,-p2-p3+q1))*
 vrtx(phi(-1,p1),phi(4,-q2-q3),phi(6,p2+p3-q1));
 
 a(88):= (+1)*
 pol(phi(-1,p1))*
 pol(phi(-3,p2))*
 pol(phi(-5,p3))*
 pol(phi(-2,q1))*
 pol(phi(-4,q2))*
 pol(phi(-6,q3))*
 prop(phi(1,-p2+q2))*
 prop(phi(3,-p3+q1))*
 prop(phi(5,-p1-p2+q2))*
 vrtx(phi(-3,p2),phi(-4,-q2),phi(1,-p2+q2))*
 vrtx(phi(-5,p3),phi(-2,-q1),phi(3,-p3+q1))*
 vrtx(phi(-1,p1),phi(2,p2-q2),phi(5,-p1-p2+q2))*
 vrtx(phi(-6,-q3),phi(4,p3-q1),phi(6,p1+p2-q2));
 
 a(89):= (+1)*
 pol(phi(-1,p1))*
 pol(phi(-3,p2))*
 pol(phi(-5,p3))*
 pol(phi(-2,q1))*
 pol(phi(-4,q2))*
 pol(phi(-6,q3))*
 prop(phi(1,-p2+q2))*
 prop(phi(3,-p3+q1))*
 prop(phi(5,-p2+q2+q3))*
 vrtx(phi(-3,p2),phi(-4,-q2),phi(1,-p2+q2))*
 vrtx(phi(-5,p3),phi(-2,-q1),phi(3,-p3+q1))*
 vrtx(phi(-6,-q3),phi(2,p2-q2),phi(5,-p2+q2+q3))*
 vrtx(phi(-1,p1),phi(4,p3-q1),phi(6,p2-q2-q3));
 
 a(90):= (+1)*
 pol(phi(-1,p1))*
 pol(phi(-3,p2))*
 pol(phi(-5,p3))*
 pol(phi(-2,q1))*
 pol(phi(-4,q2))*
 pol(phi(-6,q3))*
 prop(phi(1,-p2+q2))*
 prop(phi(3,-p3+q3))*
 prop(phi(5,-p1-p2+q2))*
 vrtx(phi(-3,p2),phi(-4,-q2),phi(1,-p2+q2))*
 vrtx(phi(-5,p3),phi(-6,-q3),phi(3,-p3+q3))*
 vrtx(phi(-1,p1),phi(2,p2-q2),phi(5,-p1-p2+q2))*
 vrtx(phi(-2,-q1),phi(4,p3-q3),phi(6,p1+p2-q2));
 
 a(91):= (+1)*
 pol(phi(-1,p1))*
 pol(phi(-3,p2))*
 pol(phi(-5,p3))*
 pol(phi(-2,q1))*
 pol(phi(-4,q2))*
 pol(phi(-6,q3))*
 prop(phi(1,-p2+q2))*
 prop(phi(3,-p3+q3))*
 prop(phi(5,-p2+q1+q2))*
 vrtx(phi(-3,p2),phi(-4,-q2),phi(1,-p2+q2))*
 vrtx(phi(-5,p3),phi(-6,-q3),phi(3,-p3+q3))*
 vrtx(phi(-2,-q1),phi(2,p2-q2),phi(5,-p2+q1+q2))*
 vrtx(phi(-1,p1),phi(4,p3-q3),phi(6,p2-q1-q2));
 
 a(92):= (+1)*
 pol(phi(-1,p1))*
 pol(phi(-3,p2))*
 pol(phi(-5,p3))*
 pol(phi(-2,q1))*
 pol(phi(-4,q2))*
 pol(phi(-6,q3))*
 prop(phi(1,-p2+q2))*
 prop(phi(3,q1+q3))*
 prop(phi(5,-p1-p2+q2))*
 vrtx(phi(-3,p2),phi(-4,-q2),phi(1,-p2+q2))*
 vrtx(phi(-2,-q1),phi(-6,-q3),phi(3,q1+q3))*
 vrtx(phi(-1,p1),phi(2,p2-q2),phi(5,-p1-p2+q2))*
 vrtx(phi(-5,p3),phi(4,-q1-q3),phi(6,p1+p2-q2));
 
 a(93):= (+1)*
 pol(phi(-1,p1))*
 pol(phi(-3,p2))*
 pol(phi(-5,p3))*
 pol(phi(-2,q1))*
 pol(phi(-4,q2))*
 pol(phi(-6,q3))*
 prop(phi(1,-p2+q2))*
 prop(phi(3,q1+q3))*
 prop(phi(5,-p2-p3+q2))*
 vrtx(phi(-3,p2),phi(-4,-q2),phi(1,-p2+q2))*
 vrtx(phi(-2,-q1),phi(-6,-q3),phi(3,q1+q3))*
 vrtx(phi(-5,p3),phi(2,p2-q2),phi(5,-p2-p3+q2))*
 vrtx(phi(-1,p1),phi(4,-q1-q3),phi(6,p2+p3-q2));
 
 a(94):= (+1)*
 pol(phi(-1,p1))*
 pol(phi(-3,p2))*
 pol(phi(-5,p3))*
 pol(phi(-2,q1))*
 pol(phi(-4,q2))*
 pol(phi(-6,q3))*
 prop(phi(1,-p2+q3))*
 prop(phi(3,-p3+q1))*
 prop(phi(5,-p1-p2+q3))*
 vrtx(phi(-3,p2),phi(-6,-q3),phi(1,-p2+q3))*
 vrtx(phi(-5,p3),phi(-2,-q1),phi(3,-p3+q1))*
 vrtx(phi(-1,p1),phi(2,p2-q3),phi(5,-p1-p2+q3))*
 vrtx(phi(-4,-q2),phi(4,p3-q1),phi(6,p1+p2-q3));
 
 a(95):= (+1)*
 pol(phi(-1,p1))*
 pol(phi(-3,p2))*
 pol(phi(-5,p3))*
 pol(phi(-2,q1))*
 pol(phi(-4,q2))*
 pol(phi(-6,q3))*
 prop(phi(1,-p2+q3))*
 prop(phi(3,-p3+q1))*
 prop(phi(5,-p2+q2+q3))*
 vrtx(phi(-3,p2),phi(-6,-q3),phi(1,-p2+q3))*
 vrtx(phi(-5,p3),phi(-2,-q1),phi(3,-p3+q1))*
 vrtx(phi(-4,-q2),phi(2,p2-q3),phi(5,-p2+q2+q3))*
 vrtx(phi(-1,p1),phi(4,p3-q1),phi(6,p2-q2-q3));
 
 a(96):= (+1)*
 pol(phi(-1,p1))*
 pol(phi(-3,p2))*
 pol(phi(-5,p3))*
 pol(phi(-2,q1))*
 pol(phi(-4,q2))*
 pol(phi(-6,q3))*
 prop(phi(1,-p2+q3))*
 prop(phi(3,-p3+q2))*
 prop(phi(5,-p1-p2+q3))*
 vrtx(phi(-3,p2),phi(-6,-q3),phi(1,-p2+q3))*
 vrtx(phi(-5,p3),phi(-4,-q2),phi(3,-p3+q2))*
 vrtx(phi(-1,p1),phi(2,p2-q3),phi(5,-p1-p2+q3))*
 vrtx(phi(-2,-q1),phi(4,p3-q2),phi(6,p1+p2-q3));
 
 a(97):= (+1)*
 pol(phi(-1,p1))*
 pol(phi(-3,p2))*
 pol(phi(-5,p3))*
 pol(phi(-2,q1))*
 pol(phi(-4,q2))*
 pol(phi(-6,q3))*
 prop(phi(1,-p2+q3))*
 prop(phi(3,-p3+q2))*
 prop(phi(5,-p2+q1+q3))*
 vrtx(phi(-3,p2),phi(-6,-q3),phi(1,-p2+q3))*
 vrtx(phi(-5,p3),phi(-4,-q2),phi(3,-p3+q2))*
 vrtx(phi(-2,-q1),phi(2,p2-q3),phi(5,-p2+q1+q3))*
 vrtx(phi(-1,p1),phi(4,p3-q2),phi(6,p2-q1-q3));
 
 a(98):= (+1)*
 pol(phi(-1,p1))*
 pol(phi(-3,p2))*
 pol(phi(-5,p3))*
 pol(phi(-2,q1))*
 pol(phi(-4,q2))*
 pol(phi(-6,q3))*
 prop(phi(1,-p2+q3))*
 prop(phi(3,q1+q2))*
 prop(phi(5,-p1-p2+q3))*
 vrtx(phi(-3,p2),phi(-6,-q3),phi(1,-p2+q3))*
 vrtx(phi(-2,-q1),phi(-4,-q2),phi(3,q1+q2))*
 vrtx(phi(-1,p1),phi(2,p2-q3),phi(5,-p1-p2+q3))*
 vrtx(phi(-5,p3),phi(4,-q1-q2),phi(6,p1+p2-q3));
 
 a(99):= (+1)*
 pol(phi(-1,p1))*
 pol(phi(-3,p2))*
 pol(phi(-5,p3))*
 pol(phi(-2,q1))*
 pol(phi(-4,q2))*
 pol(phi(-6,q3))*
 prop(phi(1,-p2+q3))*
 prop(phi(3,q1+q2))*
 prop(phi(5,-p2-p3+q3))*
 vrtx(phi(-3,p2),phi(-6,-q3),phi(1,-p2+q3))*
 vrtx(phi(-2,-q1),phi(-4,-q2),phi(3,q1+q2))*
 vrtx(phi(-5,p3),phi(2,p2-q3),phi(5,-p2-p3+q3))*
 vrtx(phi(-1,p1),phi(4,-q1-q2),phi(6,p2+p3-q3));
 
 a(100):= (+1)*
 pol(phi(-1,p1))*
 pol(phi(-3,p2))*
 pol(phi(-5,p3))*
 pol(phi(-2,q1))*
 pol(phi(-4,q2))*
 pol(phi(-6,q3))*
 prop(phi(1,-p3+q1))*
 prop(phi(3,q2+q3))*
 prop(phi(5,-p1-p3+q1))*
 vrtx(phi(-5,p3),phi(-2,-q1),phi(1,-p3+q1))*
 vrtx(phi(-4,-q2),phi(-6,-q3),phi(3,q2+q3))*
 vrtx(phi(-1,p1),phi(2,p3-q1),phi(5,-p1-p3+q1))*
 vrtx(phi(-3,p2),phi(4,-q2-q3),phi(6,p1+p3-q1));
 
 a(101):= (+1)*
 pol(phi(-1,p1))*
 pol(phi(-3,p2))*
 pol(phi(-5,p3))*
 pol(phi(-2,q1))*
 pol(phi(-4,q2))*
 pol(phi(-6,q3))*
 prop(phi(1,-p3+q1))*
 prop(phi(3,q2+q3))*
 prop(phi(5,-p2-p3+q1))*
 vrtx(phi(-5,p3),phi(-2,-q1),phi(1,-p3+q1))*
 vrtx(phi(-4,-q2),phi(-6,-q3),phi(3,q2+q3))*
 vrtx(phi(-3,p2),phi(2,p3-q1),phi(5,-p2-p3+q1))*
 vrtx(phi(-1,p1),phi(4,-q2-q3),phi(6,p2+p3-q1));
 
 a(102):= (+1)*
 pol(phi(-1,p1))*
 pol(phi(-3,p2))*
 pol(phi(-5,p3))*
 pol(phi(-2,q1))*
 pol(phi(-4,q2))*
 pol(phi(-6,q3))*
 prop(phi(1,-p3+q2))*
 prop(phi(3,q1+q3))*
 prop(phi(5,-p1-p3+q2))*
 vrtx(phi(-5,p3),phi(-4,-q2),phi(1,-p3+q2))*
 vrtx(phi(-2,-q1),phi(-6,-q3),phi(3,q1+q3))*
 vrtx(phi(-1,p1),phi(2,p3-q2),phi(5,-p1-p3+q2))*
 vrtx(phi(-3,p2),phi(4,-q1-q3),phi(6,p1+p3-q2));
 
 a(103):= (+1)*
 pol(phi(-1,p1))*
 pol(phi(-3,p2))*
 pol(phi(-5,p3))*
 pol(phi(-2,q1))*
 pol(phi(-4,q2))*
 pol(phi(-6,q3))*
 prop(phi(1,-p3+q2))*
 prop(phi(3,q1+q3))*
 prop(phi(5,-p2-p3+q2))*
 vrtx(phi(-5,p3),phi(-4,-q2),phi(1,-p3+q2))*
 vrtx(phi(-2,-q1),phi(-6,-q3),phi(3,q1+q3))*
 vrtx(phi(-3,p2),phi(2,p3-q2),phi(5,-p2-p3+q2))*
 vrtx(phi(-1,p1),phi(4,-q1-q3),phi(6,p2+p3-q2));
 
 a(104):= (+1)*
 pol(phi(-1,p1))*
 pol(phi(-3,p2))*
 pol(phi(-5,p3))*
 pol(phi(-2,q1))*
 pol(phi(-4,q2))*
 pol(phi(-6,q3))*
 prop(phi(1,-p3+q3))*
 prop(phi(3,q1+q2))*
 prop(phi(5,-p1-p3+q3))*
 vrtx(phi(-5,p3),phi(-6,-q3),phi(1,-p3+q3))*
 vrtx(phi(-2,-q1),phi(-4,-q2),phi(3,q1+q2))*
 vrtx(phi(-1,p1),phi(2,p3-q3),phi(5,-p1-p3+q3))*
 vrtx(phi(-3,p2),phi(4,-q1-q2),phi(6,p1+p3-q3));
 
 a(105):= (+1)*
 pol(phi(-1,p1))*
 pol(phi(-3,p2))*
 pol(phi(-5,p3))*
 pol(phi(-2,q1))*
 pol(phi(-4,q2))*
 pol(phi(-6,q3))*
 prop(phi(1,-p3+q3))*
 prop(phi(3,q1+q2))*
 prop(phi(5,-p2-p3+q3))*
 vrtx(phi(-5,p3),phi(-6,-q3),phi(1,-p3+q3))*
 vrtx(phi(-2,-q1),phi(-4,-q2),phi(3,q1+q2))*
 vrtx(phi(-3,p2),phi(2,p3-q3),phi(5,-p2-p3+q3))*
 vrtx(phi(-1,p1),phi(4,-q1-q2),phi(6,p2+p3-q3));

% end

