%
% generated by qgraf-4.0.6
%
%  config = delete, flush ;
%  output_dir = 'golden_masters/phi3/' ;
%  style_dir = 'styles/' ;
%  model_dir = 'models/' ;
%  style = 'array.sty' ;
%  output = 'phi_TO_phi_phi_2L_nosnail.out' ;
%  model = 'phi3' ;
%  in = phi[p1] ;
%  out = phi[q1], phi[q2] ;
%  loops = 2 ;
%  loop_momentum = k ;
%  options = nosnail ;
%
 
 a(1):= (+1/2)*
 pol(phi(-1,p1))*
 pol(phi(-2,q1))*
 pol(phi(-4,q2))*
 prop(phi(1,-q2))*
 prop(phi(3,-k1))*
 prop(phi(5,k1+q2))*
 prop(phi(7,-k2))*
 prop(phi(9,k2-q2))*
 prop(phi(11,-k1-k2))*
 vrtx(phi(-1,p1),phi(-2,-q1),phi(1,-q2))*
 vrtx(phi(-4,-q2),phi(3,-k1),phi(5,k1+q2))*
 vrtx(phi(2,q2),phi(7,-k2),phi(9,k2-q2))*
 vrtx(phi(4,k1),phi(8,k2),phi(11,-k1-k2))*
 vrtx(phi(6,-k1-q2),phi(10,-k2+q2),phi(12,k1+k2));
 
 a(2):= (+1/2)*
 pol(phi(-1,p1))*
 pol(phi(-2,q1))*
 pol(phi(-4,q2))*
 prop(phi(1,-q1))*
 prop(phi(3,-k1))*
 prop(phi(5,k1+q1))*
 prop(phi(7,-k2))*
 prop(phi(9,k2-q1))*
 prop(phi(11,-k1-k2))*
 vrtx(phi(-1,p1),phi(-4,-q2),phi(1,-q1))*
 vrtx(phi(-2,-q1),phi(3,-k1),phi(5,k1+q1))*
 vrtx(phi(2,q1),phi(7,-k2),phi(9,k2-q1))*
 vrtx(phi(4,k1),phi(8,k2),phi(11,-k1-k2))*
 vrtx(phi(6,-k1-q1),phi(10,-k2+q1),phi(12,k1+k2));
 
 a(3):= (+1/2)*
 pol(phi(-1,p1))*
 pol(phi(-2,q1))*
 pol(phi(-4,q2))*
 prop(phi(1,p1))*
 prop(phi(3,-k1))*
 prop(phi(5,k1-p1))*
 prop(phi(7,-k2))*
 prop(phi(9,k2+p1))*
 prop(phi(11,-k1-k2))*
 vrtx(phi(-2,-q1),phi(-4,-q2),phi(1,p1))*
 vrtx(phi(-1,p1),phi(3,-k1),phi(5,k1-p1))*
 vrtx(phi(2,-p1),phi(7,-k2),phi(9,k2+p1))*
 vrtx(phi(4,k1),phi(8,k2),phi(11,-k1-k2))*
 vrtx(phi(6,-k1+p1),phi(10,-k2-p1),phi(12,k1+k2));
 
 a(4):= (+1/4)*
 pol(phi(-1,p1))*
 pol(phi(-2,q1))*
 pol(phi(-4,q2))*
 prop(phi(1,-q2))*
 prop(phi(3,k1+q2))*
 prop(phi(5,-k1))*
 prop(phi(7,k2-q2))*
 prop(phi(9,-k2))*
 prop(phi(11,q2))*
 vrtx(phi(-1,p1),phi(-2,-q1),phi(1,-q2))*
 vrtx(phi(-4,-q2),phi(3,k1+q2),phi(5,-k1))*
 vrtx(phi(2,q2),phi(7,k2-q2),phi(9,-k2))*
 vrtx(phi(4,-k1-q2),phi(6,k1),phi(11,q2))*
 vrtx(phi(12,-q2),phi(8,-k2+q2),phi(10,k2));
 
 a(5):= (+1/4)*
 pol(phi(-1,p1))*
 pol(phi(-2,q1))*
 pol(phi(-4,q2))*
 prop(phi(1,-q1))*
 prop(phi(3,k1+q1))*
 prop(phi(5,-k1))*
 prop(phi(7,k2-q1))*
 prop(phi(9,-k2))*
 prop(phi(11,q1))*
 vrtx(phi(-1,p1),phi(-4,-q2),phi(1,-q1))*
 vrtx(phi(-2,-q1),phi(3,k1+q1),phi(5,-k1))*
 vrtx(phi(2,q1),phi(7,k2-q1),phi(9,-k2))*
 vrtx(phi(4,-k1-q1),phi(6,k1),phi(11,q1))*
 vrtx(phi(12,-q1),phi(8,-k2+q1),phi(10,k2));
 
 a(6):= (+1/4)*
 pol(phi(-1,p1))*
 pol(phi(-2,q1))*
 pol(phi(-4,q2))*
 prop(phi(1,p1))*
 prop(phi(3,k1-p1))*
 prop(phi(5,-k1))*
 prop(phi(7,k2+p1))*
 prop(phi(9,-k2))*
 prop(phi(11,-p1))*
 vrtx(phi(-2,-q1),phi(-4,-q2),phi(1,p1))*
 vrtx(phi(-1,p1),phi(3,k1-p1),phi(5,-k1))*
 vrtx(phi(2,-p1),phi(7,k2+p1),phi(9,-k2))*
 vrtx(phi(4,-k1+p1),phi(6,k1),phi(11,-p1))*
 vrtx(phi(12,p1),phi(8,-k2-p1),phi(10,k2));
 
 a(7):= (+1/2)*
 pol(phi(-1,p1))*
 pol(phi(-2,q1))*
 pol(phi(-4,q2))*
 prop(phi(1,-q2))*
 prop(phi(3,-k1))*
 prop(phi(5,k1+q2))*
 prop(phi(7,-k1-q2))*
 prop(phi(9,k1+k2+q2))*
 prop(phi(11,-k2))*
 vrtx(phi(-1,p1),phi(-2,-q1),phi(1,-q2))*
 vrtx(phi(-4,-q2),phi(3,-k1),phi(5,k1+q2))*
 vrtx(phi(2,q2),phi(4,k1),phi(7,-k1-q2))*
 vrtx(phi(6,-k1-q2),phi(9,k1+k2+q2),phi(11,-k2))*
 vrtx(phi(8,k1+q2),phi(10,-k1-k2-q2),phi(12,k2));
 
 a(8):= (+1/2)*
 pol(phi(-1,p1))*
 pol(phi(-2,q1))*
 pol(phi(-4,q2))*
 prop(phi(1,-q1))*
 prop(phi(3,-k1))*
 prop(phi(5,k1+q1))*
 prop(phi(7,-k1-q1))*
 prop(phi(9,k1+k2+q1))*
 prop(phi(11,-k2))*
 vrtx(phi(-1,p1),phi(-4,-q2),phi(1,-q1))*
 vrtx(phi(-2,-q1),phi(3,-k1),phi(5,k1+q1))*
 vrtx(phi(2,q1),phi(4,k1),phi(7,-k1-q1))*
 vrtx(phi(6,-k1-q1),phi(9,k1+k2+q1),phi(11,-k2))*
 vrtx(phi(8,k1+q1),phi(10,-k1-k2-q1),phi(12,k2));
 
 a(9):= (+1/2)*
 pol(phi(-1,p1))*
 pol(phi(-2,q1))*
 pol(phi(-4,q2))*
 prop(phi(1,p1))*
 prop(phi(3,-k1))*
 prop(phi(5,k1-p1))*
 prop(phi(7,-k1+p1))*
 prop(phi(9,k1+k2-p1))*
 prop(phi(11,-k2))*
 vrtx(phi(-2,-q1),phi(-4,-q2),phi(1,p1))*
 vrtx(phi(-1,p1),phi(3,-k1),phi(5,k1-p1))*
 vrtx(phi(2,-p1),phi(4,k1),phi(7,-k1+p1))*
 vrtx(phi(6,-k1+p1),phi(9,k1+k2-p1),phi(11,-k2))*
 vrtx(phi(8,k1-p1),phi(10,-k1-k2+p1),phi(12,k2));
 
 a(10):= (+1/2)*
 pol(phi(-1,p1))*
 pol(phi(-2,q1))*
 pol(phi(-4,q2))*
 prop(phi(1,-k1))*
 prop(phi(3,k1-p1))*
 prop(phi(5,-k2))*
 prop(phi(7,k2+q1))*
 prop(phi(9,k1+k2))*
 prop(phi(11,-k1-k2+q2))*
 vrtx(phi(-1,p1),phi(1,-k1),phi(3,k1-p1))*
 vrtx(phi(-2,-q1),phi(5,-k2),phi(7,k2+q1))*
 vrtx(phi(-4,-q2),phi(9,k1+k2),phi(11,-k1-k2+q2))*
 vrtx(phi(2,k1),phi(6,k2),phi(10,-k1-k2))*
 vrtx(phi(4,-k1+p1),phi(8,-k2-q1),phi(12,k1+k2-q2));
 
 a(11):= (+1/4)*
 pol(phi(-1,p1))*
 pol(phi(-2,q1))*
 pol(phi(-4,q2))*
 prop(phi(1,k1-p1))*
 prop(phi(3,-k1))*
 prop(phi(5,p1))*
 prop(phi(7,-q2))*
 prop(phi(9,k2+q2))*
 prop(phi(11,-k2))*
 vrtx(phi(-1,p1),phi(1,k1-p1),phi(3,-k1))*
 vrtx(phi(-2,-q1),phi(5,p1),phi(7,-q2))*
 vrtx(phi(-4,-q2),phi(9,k2+q2),phi(11,-k2))*
 vrtx(phi(2,-k1+p1),phi(4,k1),phi(6,-p1))*
 vrtx(phi(8,q2),phi(10,-k2-q2),phi(12,k2));
 
 a(12):= (+1/4)*
 pol(phi(-1,p1))*
 pol(phi(-2,q1))*
 pol(phi(-4,q2))*
 prop(phi(1,k1-p1))*
 prop(phi(3,-k1))*
 prop(phi(5,p1))*
 prop(phi(7,-q1))*
 prop(phi(9,k2+q1))*
 prop(phi(11,-k2))*
 vrtx(phi(-1,p1),phi(1,k1-p1),phi(3,-k1))*
 vrtx(phi(-4,-q2),phi(5,p1),phi(7,-q1))*
 vrtx(phi(-2,-q1),phi(9,k2+q1),phi(11,-k2))*
 vrtx(phi(2,-k1+p1),phi(4,k1),phi(6,-p1))*
 vrtx(phi(8,q1),phi(10,-k2-q1),phi(12,k2));
 
 a(13):= (+1/4)*
 pol(phi(-1,p1))*
 pol(phi(-2,q1))*
 pol(phi(-4,q2))*
 prop(phi(1,k1+q1))*
 prop(phi(3,-k1))*
 prop(phi(5,-q1))*
 prop(phi(7,-q2))*
 prop(phi(9,k2+q2))*
 prop(phi(11,-k2))*
 vrtx(phi(-2,-q1),phi(1,k1+q1),phi(3,-k1))*
 vrtx(phi(-1,p1),phi(5,-q1),phi(7,-q2))*
 vrtx(phi(-4,-q2),phi(9,k2+q2),phi(11,-k2))*
 vrtx(phi(2,-k1-q1),phi(4,k1),phi(6,q1))*
 vrtx(phi(8,q2),phi(10,-k2-q2),phi(12,k2));
 
 a(14):= (+1)*
 pol(phi(-1,p1))*
 pol(phi(-2,q1))*
 pol(phi(-4,q2))*
 prop(phi(1,-k1))*
 prop(phi(3,k1-p1))*
 prop(phi(5,-k1+q1))*
 prop(phi(7,-k2))*
 prop(phi(9,k2+q2))*
 prop(phi(11,k1-k2-p1))*
 vrtx(phi(-1,p1),phi(1,-k1),phi(3,k1-p1))*
 vrtx(phi(-2,-q1),phi(2,k1),phi(5,-k1+q1))*
 vrtx(phi(-4,-q2),phi(7,-k2),phi(9,k2+q2))*
 vrtx(phi(4,-k1+p1),phi(8,k2),phi(11,k1-k2-p1))*
 vrtx(phi(6,k1-q1),phi(10,-k2-q2),phi(12,-k1+k2+p1));
 
 a(15):= (+1)*
 pol(phi(-1,p1))*
 pol(phi(-2,q1))*
 pol(phi(-4,q2))*
 prop(phi(1,-k1))*
 prop(phi(3,k1-p1))*
 prop(phi(5,-k1+q2))*
 prop(phi(7,-k2))*
 prop(phi(9,k2+q1))*
 prop(phi(11,k1-k2-p1))*
 vrtx(phi(-1,p1),phi(1,-k1),phi(3,k1-p1))*
 vrtx(phi(-4,-q2),phi(2,k1),phi(5,-k1+q2))*
 vrtx(phi(-2,-q1),phi(7,-k2),phi(9,k2+q1))*
 vrtx(phi(4,-k1+p1),phi(8,k2),phi(11,k1-k2-p1))*
 vrtx(phi(6,k1-q2),phi(10,-k2-q1),phi(12,-k1+k2+p1));
 
 a(16):= (+1)*
 pol(phi(-1,p1))*
 pol(phi(-2,q1))*
 pol(phi(-4,q2))*
 prop(phi(1,-k1))*
 prop(phi(3,k1+q1))*
 prop(phi(5,-k1+q2))*
 prop(phi(7,-k2))*
 prop(phi(9,k2-p1))*
 prop(phi(11,k1-k2+q1))*
 vrtx(phi(-2,-q1),phi(1,-k1),phi(3,k1+q1))*
 vrtx(phi(-4,-q2),phi(2,k1),phi(5,-k1+q2))*
 vrtx(phi(-1,p1),phi(7,-k2),phi(9,k2-p1))*
 vrtx(phi(4,-k1-q1),phi(8,k2),phi(11,k1-k2+q1))*
 vrtx(phi(6,k1-q2),phi(10,-k2+p1),phi(12,-k1+k2-q1));
 
 a(17):= (+1/2)*
 pol(phi(-1,p1))*
 pol(phi(-2,q1))*
 pol(phi(-4,q2))*
 prop(phi(1,-k1))*
 prop(phi(3,k1-p1))*
 prop(phi(5,-k1+q1))*
 prop(phi(7,k2+q2))*
 prop(phi(9,-k2))*
 prop(phi(11,-q2))*
 vrtx(phi(-1,p1),phi(1,-k1),phi(3,k1-p1))*
 vrtx(phi(-2,-q1),phi(2,k1),phi(5,-k1+q1))*
 vrtx(phi(-4,-q2),phi(7,k2+q2),phi(9,-k2))*
 vrtx(phi(4,-k1+p1),phi(6,k1-q1),phi(11,-q2))*
 vrtx(phi(12,q2),phi(8,-k2-q2),phi(10,k2));
 
 a(18):= (+1/2)*
 pol(phi(-1,p1))*
 pol(phi(-2,q1))*
 pol(phi(-4,q2))*
 prop(phi(1,-k1))*
 prop(phi(3,k1-p1))*
 prop(phi(5,-k1+q2))*
 prop(phi(7,k2+q1))*
 prop(phi(9,-k2))*
 prop(phi(11,-q1))*
 vrtx(phi(-1,p1),phi(1,-k1),phi(3,k1-p1))*
 vrtx(phi(-4,-q2),phi(2,k1),phi(5,-k1+q2))*
 vrtx(phi(-2,-q1),phi(7,k2+q1),phi(9,-k2))*
 vrtx(phi(4,-k1+p1),phi(6,k1-q2),phi(11,-q1))*
 vrtx(phi(12,q1),phi(8,-k2-q1),phi(10,k2));
 
 a(19):= (+1/2)*
 pol(phi(-1,p1))*
 pol(phi(-2,q1))*
 pol(phi(-4,q2))*
 prop(phi(1,-k1))*
 prop(phi(3,k1+q1))*
 prop(phi(5,-k1+q2))*
 prop(phi(7,k2-p1))*
 prop(phi(9,-k2))*
 prop(phi(11,p1))*
 vrtx(phi(-2,-q1),phi(1,-k1),phi(3,k1+q1))*
 vrtx(phi(-4,-q2),phi(2,k1),phi(5,-k1+q2))*
 vrtx(phi(-1,p1),phi(7,k2-p1),phi(9,-k2))*
 vrtx(phi(4,-k1-q1),phi(6,k1-q2),phi(11,p1))*
 vrtx(phi(12,-p1),phi(8,-k2+p1),phi(10,k2));
 
 a(20):= (+1/2)*
 pol(phi(-1,p1))*
 pol(phi(-2,q1))*
 pol(phi(-4,q2))*
 prop(phi(1,-k1))*
 prop(phi(3,k1-p1))*
 prop(phi(5,-k1+q1))*
 prop(phi(7,k1-q1))*
 prop(phi(9,-k1+k2+q1))*
 prop(phi(11,-k2))*
 vrtx(phi(-1,p1),phi(1,-k1),phi(3,k1-p1))*
 vrtx(phi(-2,-q1),phi(2,k1),phi(5,-k1+q1))*
 vrtx(phi(-4,-q2),phi(4,-k1+p1),phi(7,k1-q1))*
 vrtx(phi(6,k1-q1),phi(9,-k1+k2+q1),phi(11,-k2))*
 vrtx(phi(8,-k1+q1),phi(10,k1-k2-q1),phi(12,k2));
 
 a(21):= (+1/2)*
 pol(phi(-1,p1))*
 pol(phi(-2,q1))*
 pol(phi(-4,q2))*
 prop(phi(1,-k1))*
 prop(phi(3,k1+q1))*
 prop(phi(5,-k1-p1))*
 prop(phi(7,k1+p1))*
 prop(phi(9,-k1+k2-p1))*
 prop(phi(11,-k2))*
 vrtx(phi(-2,-q1),phi(1,-k1),phi(3,k1+q1))*
 vrtx(phi(-1,p1),phi(2,k1),phi(5,-k1-p1))*
 vrtx(phi(-4,-q2),phi(4,-k1-q1),phi(7,k1+p1))*
 vrtx(phi(6,k1+p1),phi(9,-k1+k2-p1),phi(11,-k2))*
 vrtx(phi(8,-k1-p1),phi(10,k1-k2+p1),phi(12,k2));
 
 a(22):= (+1/2)*
 pol(phi(-1,p1))*
 pol(phi(-2,q1))*
 pol(phi(-4,q2))*
 prop(phi(1,-k1))*
 prop(phi(3,k1+q2))*
 prop(phi(5,-k1-p1))*
 prop(phi(7,k1+p1))*
 prop(phi(9,-k1+k2-p1))*
 prop(phi(11,-k2))*
 vrtx(phi(-4,-q2),phi(1,-k1),phi(3,k1+q2))*
 vrtx(phi(-1,p1),phi(2,k1),phi(5,-k1-p1))*
 vrtx(phi(-2,-q1),phi(4,-k1-q2),phi(7,k1+p1))*
 vrtx(phi(6,k1+p1),phi(9,-k1+k2-p1),phi(11,-k2))*
 vrtx(phi(8,-k1-p1),phi(10,k1-k2+p1),phi(12,k2));

% end

