%
% generated by qgraf-4.0.6
%
%  config = delete, flush ;
%  output_dir = 'golden_masters/phi3/' ;
%  style_dir = 'styles/' ;
%  model_dir = 'models/' ;
%  style = 'array.sty' ;
%  output = 'phi_phi_TO_phi_phi_phi_0L.out' ;
%  model = 'phi3' ;
%  in = phi[p1], phi[p2] ;
%  out = phi[q1], phi[q2], phi[q3] ;
%  loops = 0 ;
%  loop_momentum = k ;
%  options =  ;
%
 
 a(1):= (+1)*
 pol(phi(-1,p1))*
 pol(phi(-3,p2))*
 pol(phi(-2,q1))*
 pol(phi(-4,q2))*
 pol(phi(-6,q3))*
 prop(phi(1,-p1-p2))*
 prop(phi(3,q1+q2))*
 vrtx(phi(-1,p1),phi(-3,p2),phi(1,-p1-p2))*
 vrtx(phi(-2,-q1),phi(-4,-q2),phi(3,q1+q2))*
 vrtx(phi(-6,-q3),phi(2,p1+p2),phi(4,-q1-q2));
 
 a(2):= (+1)*
 pol(phi(-1,p1))*
 pol(phi(-3,p2))*
 pol(phi(-2,q1))*
 pol(phi(-4,q2))*
 pol(phi(-6,q3))*
 prop(phi(1,-p1-p2))*
 prop(phi(3,q1+q3))*
 vrtx(phi(-1,p1),phi(-3,p2),phi(1,-p1-p2))*
 vrtx(phi(-2,-q1),phi(-6,-q3),phi(3,q1+q3))*
 vrtx(phi(-4,-q2),phi(2,p1+p2),phi(4,-q1-q3));
 
 a(3):= (+1)*
 pol(phi(-1,p1))*
 pol(phi(-3,p2))*
 pol(phi(-2,q1))*
 pol(phi(-4,q2))*
 pol(phi(-6,q3))*
 prop(phi(1,-p1-p2))*
 prop(phi(3,q2+q3))*
 vrtx(phi(-1,p1),phi(-3,p2),phi(1,-p1-p2))*
 vrtx(phi(-4,-q2),phi(-6,-q3),phi(3,q2+q3))*
 vrtx(phi(-2,-q1),phi(2,p1+p2),phi(4,-q2-q3));
 
 a(4):= (+1)*
 pol(phi(-1,p1))*
 pol(phi(-3,p2))*
 pol(phi(-2,q1))*
 pol(phi(-4,q2))*
 pol(phi(-6,q3))*
 prop(phi(1,-p1+q1))*
 prop(phi(3,-p2+q2))*
 vrtx(phi(-1,p1),phi(-2,-q1),phi(1,-p1+q1))*
 vrtx(phi(-3,p2),phi(-4,-q2),phi(3,-p2+q2))*
 vrtx(phi(-6,-q3),phi(2,p1-q1),phi(4,p2-q2));
 
 a(5):= (+1)*
 pol(phi(-1,p1))*
 pol(phi(-3,p2))*
 pol(phi(-2,q1))*
 pol(phi(-4,q2))*
 pol(phi(-6,q3))*
 prop(phi(1,-p1+q1))*
 prop(phi(3,-p2+q3))*
 vrtx(phi(-1,p1),phi(-2,-q1),phi(1,-p1+q1))*
 vrtx(phi(-3,p2),phi(-6,-q3),phi(3,-p2+q3))*
 vrtx(phi(-4,-q2),phi(2,p1-q1),phi(4,p2-q3));
 
 a(6):= (+1)*
 pol(phi(-1,p1))*
 pol(phi(-3,p2))*
 pol(phi(-2,q1))*
 pol(phi(-4,q2))*
 pol(phi(-6,q3))*
 prop(phi(1,-p1+q1))*
 prop(phi(3,q2+q3))*
 vrtx(phi(-1,p1),phi(-2,-q1),phi(1,-p1+q1))*
 vrtx(phi(-4,-q2),phi(-6,-q3),phi(3,q2+q3))*
 vrtx(phi(-3,p2),phi(2,p1-q1),phi(4,-q2-q3));
 
 a(7):= (+1)*
 pol(phi(-1,p1))*
 pol(phi(-3,p2))*
 pol(phi(-2,q1))*
 pol(phi(-4,q2))*
 pol(phi(-6,q3))*
 prop(phi(1,-p1+q2))*
 prop(phi(3,-p2+q1))*
 vrtx(phi(-1,p1),phi(-4,-q2),phi(1,-p1+q2))*
 vrtx(phi(-3,p2),phi(-2,-q1),phi(3,-p2+q1))*
 vrtx(phi(-6,-q3),phi(2,p1-q2),phi(4,p2-q1));
 
 a(8):= (+1)*
 pol(phi(-1,p1))*
 pol(phi(-3,p2))*
 pol(phi(-2,q1))*
 pol(phi(-4,q2))*
 pol(phi(-6,q3))*
 prop(phi(1,-p1+q2))*
 prop(phi(3,-p2+q3))*
 vrtx(phi(-1,p1),phi(-4,-q2),phi(1,-p1+q2))*
 vrtx(phi(-3,p2),phi(-6,-q3),phi(3,-p2+q3))*
 vrtx(phi(-2,-q1),phi(2,p1-q2),phi(4,p2-q3));
 
 a(9):= (+1)*
 pol(phi(-1,p1))*
 pol(phi(-3,p2))*
 pol(phi(-2,q1))*
 pol(phi(-4,q2))*
 pol(phi(-6,q3))*
 prop(phi(1,-p1+q2))*
 prop(phi(3,q1+q3))*
 vrtx(phi(-1,p1),phi(-4,-q2),phi(1,-p1+q2))*
 vrtx(phi(-2,-q1),phi(-6,-q3),phi(3,q1+q3))*
 vrtx(phi(-3,p2),phi(2,p1-q2),phi(4,-q1-q3));
 
 a(10):= (+1)*
 pol(phi(-1,p1))*
 pol(phi(-3,p2))*
 pol(phi(-2,q1))*
 pol(phi(-4,q2))*
 pol(phi(-6,q3))*
 prop(phi(1,-p1+q3))*
 prop(phi(3,-p2+q1))*
 vrtx(phi(-1,p1),phi(-6,-q3),phi(1,-p1+q3))*
 vrtx(phi(-3,p2),phi(-2,-q1),phi(3,-p2+q1))*
 vrtx(phi(-4,-q2),phi(2,p1-q3),phi(4,p2-q1));
 
 a(11):= (+1)*
 pol(phi(-1,p1))*
 pol(phi(-3,p2))*
 pol(phi(-2,q1))*
 pol(phi(-4,q2))*
 pol(phi(-6,q3))*
 prop(phi(1,-p1+q3))*
 prop(phi(3,-p2+q2))*
 vrtx(phi(-1,p1),phi(-6,-q3),phi(1,-p1+q3))*
 vrtx(phi(-3,p2),phi(-4,-q2),phi(3,-p2+q2))*
 vrtx(phi(-2,-q1),phi(2,p1-q3),phi(4,p2-q2));
 
 a(12):= (+1)*
 pol(phi(-1,p1))*
 pol(phi(-3,p2))*
 pol(phi(-2,q1))*
 pol(phi(-4,q2))*
 pol(phi(-6,q3))*
 prop(phi(1,-p1+q3))*
 prop(phi(3,q1+q2))*
 vrtx(phi(-1,p1),phi(-6,-q3),phi(1,-p1+q3))*
 vrtx(phi(-2,-q1),phi(-4,-q2),phi(3,q1+q2))*
 vrtx(phi(-3,p2),phi(2,p1-q3),phi(4,-q1-q2));
 
 a(13):= (+1)*
 pol(phi(-1,p1))*
 pol(phi(-3,p2))*
 pol(phi(-2,q1))*
 pol(phi(-4,q2))*
 pol(phi(-6,q3))*
 prop(phi(1,-p2+q1))*
 prop(phi(3,q2+q3))*
 vrtx(phi(-3,p2),phi(-2,-q1),phi(1,-p2+q1))*
 vrtx(phi(-4,-q2),phi(-6,-q3),phi(3,q2+q3))*
 vrtx(phi(-1,p1),phi(2,p2-q1),phi(4,-q2-q3));
 
 a(14):= (+1)*
 pol(phi(-1,p1))*
 pol(phi(-3,p2))*
 pol(phi(-2,q1))*
 pol(phi(-4,q2))*
 pol(phi(-6,q3))*
 prop(phi(1,-p2+q2))*
 prop(phi(3,q1+q3))*
 vrtx(phi(-3,p2),phi(-4,-q2),phi(1,-p2+q2))*
 vrtx(phi(-2,-q1),phi(-6,-q3),phi(3,q1+q3))*
 vrtx(phi(-1,p1),phi(2,p2-q2),phi(4,-q1-q3));
 
 a(15):= (+1)*
 pol(phi(-1,p1))*
 pol(phi(-3,p2))*
 pol(phi(-2,q1))*
 pol(phi(-4,q2))*
 pol(phi(-6,q3))*
 prop(phi(1,-p2+q3))*
 prop(phi(3,q1+q2))*
 vrtx(phi(-3,p2),phi(-6,-q3),phi(1,-p2+q3))*
 vrtx(phi(-2,-q1),phi(-4,-q2),phi(3,q1+q2))*
 vrtx(phi(-1,p1),phi(2,p2-q3),phi(4,-q1-q2));

% end

