%
% generated by qgraf-4.0.6
%
%  config = delete, flush ;
%  output_dir = 'golden_masters/phi3/' ;
%  style_dir = 'styles/' ;
%  model_dir = 'models/' ;
%  style = 'array.sty' ;
%  output = 'phi_TO_phi_phi_2L_nosigma.out' ;
%  model = 'phi3' ;
%  in = phi[p1] ;
%  out = phi[q1], phi[q2] ;
%  loops = 2 ;
%  loop_momentum = k ;
%  options = nosigma ;
%
 
 a(1):= (+1/2)*
 pol(phi(-1,p1))*
 pol(phi(-2,q1))*
 pol(phi(-4,q2))*
 prop(phi(1,-k1))*
 prop(phi(3,k1-p1))*
 prop(phi(5,-k2))*
 prop(phi(7,k2+q1))*
 prop(phi(9,k1+k2))*
 prop(phi(11,-k1-k2+q2))*
 vrtx(phi(-1,p1),phi(1,-k1),phi(3,k1-p1))*
 vrtx(phi(-2,-q1),phi(5,-k2),phi(7,k2+q1))*
 vrtx(phi(-4,-q2),phi(9,k1+k2),phi(11,-k1-k2+q2))*
 vrtx(phi(2,k1),phi(6,k2),phi(10,-k1-k2))*
 vrtx(phi(4,-k1+p1),phi(8,-k2-q1),phi(12,k1+k2-q2));
 
 a(2):= (+1)*
 pol(phi(-1,p1))*
 pol(phi(-2,q1))*
 pol(phi(-4,q2))*
 prop(phi(1,-k1))*
 prop(phi(3,k1-p1))*
 prop(phi(5,-k1+q1))*
 prop(phi(7,-k2))*
 prop(phi(9,k2+q2))*
 prop(phi(11,k1-k2-p1))*
 vrtx(phi(-1,p1),phi(1,-k1),phi(3,k1-p1))*
 vrtx(phi(-2,-q1),phi(2,k1),phi(5,-k1+q1))*
 vrtx(phi(-4,-q2),phi(7,-k2),phi(9,k2+q2))*
 vrtx(phi(4,-k1+p1),phi(8,k2),phi(11,k1-k2-p1))*
 vrtx(phi(6,k1-q1),phi(10,-k2-q2),phi(12,-k1+k2+p1));
 
 a(3):= (+1)*
 pol(phi(-1,p1))*
 pol(phi(-2,q1))*
 pol(phi(-4,q2))*
 prop(phi(1,-k1))*
 prop(phi(3,k1-p1))*
 prop(phi(5,-k1+q2))*
 prop(phi(7,-k2))*
 prop(phi(9,k2+q1))*
 prop(phi(11,k1-k2-p1))*
 vrtx(phi(-1,p1),phi(1,-k1),phi(3,k1-p1))*
 vrtx(phi(-4,-q2),phi(2,k1),phi(5,-k1+q2))*
 vrtx(phi(-2,-q1),phi(7,-k2),phi(9,k2+q1))*
 vrtx(phi(4,-k1+p1),phi(8,k2),phi(11,k1-k2-p1))*
 vrtx(phi(6,k1-q2),phi(10,-k2-q1),phi(12,-k1+k2+p1));
 
 a(4):= (+1)*
 pol(phi(-1,p1))*
 pol(phi(-2,q1))*
 pol(phi(-4,q2))*
 prop(phi(1,-k1))*
 prop(phi(3,k1+q1))*
 prop(phi(5,-k1+q2))*
 prop(phi(7,-k2))*
 prop(phi(9,k2-p1))*
 prop(phi(11,k1-k2+q1))*
 vrtx(phi(-2,-q1),phi(1,-k1),phi(3,k1+q1))*
 vrtx(phi(-4,-q2),phi(2,k1),phi(5,-k1+q2))*
 vrtx(phi(-1,p1),phi(7,-k2),phi(9,k2-p1))*
 vrtx(phi(4,-k1-q1),phi(8,k2),phi(11,k1-k2+q1))*
 vrtx(phi(6,k1-q2),phi(10,-k2+p1),phi(12,-k1+k2-q1));

% end

