%
% generated by qgraf-4.0.6
%
%  config = delete, flush ;
%  output_dir = 'golden_masters/phi3/' ;
%  style_dir = 'styles/' ;
%  model_dir = 'models/' ;
%  style = 'array.sty' ;
%  output = 'phi_TO_phi_phi_1L_noselfloop_onepi.out' ;
%  model = 'phi3' ;
%  in = phi[p1] ;
%  out = phi[q1], phi[q2] ;
%  loops = 1 ;
%  loop_momentum = k ;
%  options = onepi, noselfloop ;
%
 
 a(1):= (+1)*
 pol(phi(-1,p1))*
 pol(phi(-2,q1))*
 pol(phi(-4,q2))*
 prop(phi(1,-k1))*
 prop(phi(3,k1-p1))*
 prop(phi(5,-k1+q1))*
 vrtx(phi(-1,p1),phi(1,-k1),phi(3,k1-p1))*
 vrtx(phi(-2,-q1),phi(2,k1),phi(5,-k1+q1))*
 vrtx(phi(-4,-q2),phi(4,-k1+p1),phi(6,k1-q1));

% end

